Started by user [8mha:////4HfPCy/z2cd4cYZ0tjVmGjtqOxeLdUiArUtqWtrc+GxOAAAAlx+LCAAAAAAAAP9b85aBtbiIQTGjNKU4P08vOT+vOD8nVc83PyU1x6OyILUoJzMv2y+/JJUBAhiZGBgqihhk0NSjKDWzXb3RdlLBUSYGJk8GtpzUvPSSDB8G5tKinBIGIZ+sxLJE/ZzEvHT94JKizLx0a6BxUmjGOUNodHsLgAzWEgZu/dLi1CL9xJTczDwAj6GcLcAAAAA=[0madmin
[8mha:////4IARO985KuS69KJexrqXyA0AohtmvHjxNuA26qbT7fHVAAAAoh+LCAAAAAAAAP9tjTEOwjAQBM8BClpKHuFItIiK1krDC0x8GCfWnbEdkooX8TX+gCESFVvtrLSa5wtWKcKBo5UdUu8otU4GP9jS5Mixv3geZcdn2TIl9igbHBs2eJyx4YwwR1SwULBGaj0nRzbDRnX6rmuvydanHMu2V1A5c4MHCFXMWcf8hSnC9jqYxPTz/BXAFEIGsfuclm8zQVqFvQAAAA==[0m[Pipeline] Start of Pipeline
[8mha:////4JvFOXnFfoqU8Ws6L7wmp4pOqztGbBhBfKVFzBGDTBNUAAAApR+LCAAAAAAAAP9tjTEOwjAUQ3+KOrAycohUghExsUZZOEFIQkgb/d8mKe3EibgadyBQiQlLlmxL1nu+oE4RjhQdby12HpP2vA+jK4lPFLtroIm3dOGaMFGwXNpJkrGnpUrKFhaxClYC1hZ1oOTRZdiIVt1VExS65pxj2Q4CKm8GeAAThZxVzN8yR9jeRpMIf5y/AJj7DGxXvP/86jduZBmjwAAAAA==[0m[Pipeline] node
Running on [8mha:////4PlgKYqcIToXF1OQO0AN17ModH7HOCRubr1U1MTbatPKAAAAoR+LCAAAAAAAAP9b85aBtbiIQTGjNKU4P08vOT+vOD8nVc83PyU1x6OyILUoJzMv2y+/JJUBAhiZGBgqihhk0NSjKDWzXb3RdlLBUSYGJk8GtpzUvPSSDB8G5tKinBIGIZ+sxLJE/ZzEvHT94JKizLx0a6BxUmjGOUNodHsLgAz2EgZR/eT83ILSktQifY2k0sycEt3MPE19AHHxbH3KAAAA[0mJenkins in /var/jenkins_home/workspace/bezkoder-spring-boot-unit-test-rest-controller
[8mha:////4GT4J5puweoOLdjxT0jTOCkM1Q+xGGooXsTavuEfNo23AAAApR+LCAAAAAAAAP9tjTEOwjAUQ3+KOrAycoh0gA0xsUZZOEFIQkgb/d8mKe3EibgadyBQiQlLlmxL1nu+oE4RjhQdby12HpP2vA+jK4lPFLtroIm3dOGaMFGwXNpJkrGnpUrKFhaxClYC1hZ1oOTRZdiIVt1VExS65pxj2Q4CKm8GeAAThZxVzN8yR9jeRpMIf5y/AJj7DGxXvP/86jfoP95RwAAAAA==[0m[Pipeline] {
[8mha:////4Joog9BrokhjDdkUifMkwNMCb2Vr3m/E8wAQ5vReltsRAAAApR+LCAAAAAAAAP9tjTEOwjAUQ3+KOrAycoh0gQkxsUZZOEFIQkgb/d8mKe3EibgadyBQiQlLlmxL1nu+oE4RjhQdby12HpP2vA+jK4lPFLtroIm3dOGaMFGwXNpJkrGnpUrKFhaxClYC1hZ1oOTRZdiIVt1VExS65pxj2Q4CKm8GeAAThZxVzN8yR9jeRpMIf5y/AJj7DGxXvP/86jc09154wAAAAA==[0m[Pipeline] withEnv
[8mha:////4NRLxbZxMXEgpGKLvXE8Iq9b/t58MZNEAISV/nIAoXjWAAAApR+LCAAAAAAAAP9tjTEOwjAUQ3+KOrAycoh0ggUxsUZZOEFIQkgb/d8mKe3EibgadyBQiQlLlmxL1nu+oE4RjhQdby12HpP2vA+jK4lPFLtroIm3dOGaMFGwXNpJkrGnpUrKFhaxClYC1hZ1oOTRZdiIVt1VExS65pxj2Q4CKm8GeAAThZxVzN8yR9jeRpMIf5y/AJj7DGxXvP/86jek7ggRwAAAAA==[0m[Pipeline] {
[8mha:////4MRt3iFtwIMGWXUQvPL/Y4jLI2unXCc+1lkwKpwBMEuIAAAApR+LCAAAAAAAAP9tjTEOwjAUQ3+KOrAycoh0gwExsUZZOEFIQkgb/d8mKe3EibgadyBQiQlLlmxL1nu+oE4RjhQdby12HpP2vA+jK4lPFLtroIm3dOGaMFGwXNpJkrGnpUrKFhaxClYC1hZ1oOTRZdiIVt1VExS65pxj2Q4CKm8GeAAThZxVzN8yR9jeRpMIf5y/AJj7DGxXvP/86jcChmMxwAAAAA==[0m[Pipeline] stage
[8mha:////4MUzmZoJXHvlP2g+0PH+Qopn8GyielMDd8G3f0eeJqlQAAAApR+LCAAAAAAAAP9tjTEOwjAUQ3+KOrAycoh0BAkxsUZZOEFIQkgb/d8mKe3EibgadyBQiQlLlmxL1nu+oE4RjhQdby12HpP2vA+jK4lPFLtroIm3dOGaMFGwXNpJkrGnpUrKFhaxClYC1hZ1oOTRZdiIVt1VExS65pxj2Q4CKm8GeAAThZxVzN8yR9jeRpMIf5y/AJj7DGxXvP/86jfpX/cvwAAAAA==[0m[Pipeline] { (Declarative: Tool Install)
[8mha:////4FNAUN6dt/eb0kOBu5S/kOuGl4PS5UGkorjWyJ5ODOm4AAAAoh+LCAAAAAAAAP9tjTEOAiEURD9rLGwtPQTbaoyVLaHxBMgiwpL/WWDdrTyRV/MOEjexcpJJ5k3zXm9Y5wQnSpZ7g73DrB2PYbR18YlSfws0cU9XrgkzBcOlmSR15rygpGJgCWtgJWBjUAfKDm2BrfDqodqg0LaXkup3FNC4boAnMFHNRaXyhTnB7j52mfDn+SuAORZg+9pD/AAeoCAqvAAAAA==[0m[Pipeline] tool
[8mha:////4AQYFVjSxuRyGDXuJAzr6SXJ4xKOGBLWRAfPbSkqMxWLAAAAox+LCAAAAAAAAP9tjTEOwjAQBDdBFLSUPMKBDglR0VppeIFJjHFi3QX7QlLxIr7GH4iIRMVWO9PM641lijhydKqx1HpKlVdd6N301MCxvQYeVMMXVTElDlaVdii5tqcZSxaLeVmOhcbKUhU4eXKCtW7MwxTBkCvOEid30Mh9fccTmZ7KYqJ8YYzY3Po6Mf06fwMYO0G2F+S7bfcBITL9lL0AAAA=[0m[Pipeline] envVarsForTool
[8mha:////4EpC4HsvB8bI9jRtx+AmSUTDAZcMdLi6C+nBK+mLDrV4AAAAox+LCAAAAAAAAP9tjbEOgjAURS8YB1dHP6KEzcQ4uTYsfkGFWgvNe9g+hMkv8tf8B4kkTt7pnrOc1xvrFHHk6FRrqfOUaq/6MLj5qZFjdw08qpYvqmZKHKyq7FhxY08LViwWy7IcK42NpTpw8uQEW92ahymCIVecJc7uoJH75o4nMj2XxUT5whSxuw1NYvp1/gYw9YJsL8jLsv8AYAPmjb0AAAA=[0m[Pipeline] tool
[8mha:////4KVSroN47fvhZcoHPrJtHEtMflHv0GWp2F3AD4Al61s5AAAAox+LCAAAAAAAAP9tjTEOwjAQBDdBFLSUPMIRVEiIitZKwwtMYowT6y7YF5KKF/E1/kBEJCq22plmXm8sU8SRo1ONpdZTqrzqQu+mpwaO7TXwoBq+qIopcbCqtEPJtT3NWLJYzMtyLDRWlqrAyZMTrHVjHqYIhlxxlji5g0bu6zueyPRUFhPlC2PE5tbXienX+RvA2AmyvSDf7roPo1DLpr0AAAA=[0m[Pipeline] envVarsForTool
[8mha:////4G7mx0eCoKxDPe5V1uNDv2CWlqmbomInGTcHM0/2pZd/AAAApB+LCAAAAAAAAP9tjTEOwjAQBDdBFLSUPMIRokFCVLRWGl5gEmOcWHfBvpBUvIiv8QciIlGx1c4083pjmSKOHJ1qLLWeUuVVF3o3PTVwbK+BB9XwRVVMiYNVpR1Kru1pxpLFYl6WY6GxslQFTp6cYK0b8zBFMOSKs8TJHTRyX9/xRKanspgoXxgjNre+Tky/zt8Axq4T5NudINt/AH4dU5y9AAAA[0m[Pipeline] }
[8mha:////4M6NlFMKgvta/zcwvHXf6UU6sT4398XHCQ8j/GmUXVlgAAAApB+LCAAAAAAAAP9tjTEOwjAQBDdBFLSUPMIREhIFoqK10vACkxjjxLoL9oWk4kV8jT8QEYmKrXammdcbyxRx5OhUY6n1lCqvutC76amBY3sNPKiGL6piShysKu1Qcm1PM5YsFvOyHAuNlaUqcPLkBGvdmIcpgiFXnCVO7qCR+/qOJzI9lcVE+cIYsbn1dWL6df4GMHadIN/uBNn+A//czL69AAAA[0m[Pipeline] // stage
[8mha:////4GBORnWdtVnoJ50cs8Mh8EvT/XRBnqOiFU5GjiAhXTzwAAAAph+LCAAAAAAAAP9tjTEOwjAQBM9BKWgpeYQjCmgQFa3lhheY2Bgn1l2wLyQVL+Jr/IFAJCq22llpNc8XlDnBgZKXjcM2YK6D7GLvpyYHSu0l0iAbOsuaMFN0UrtBk3XHGTWxgzmigIWCpcM6Ug7oGVaqMXdTRYO+OnGatr2CItgbPECoycwm8RfGBOtrbzPhz/NXAGPHIHYMxWb7OZZvxMyLWcEAAAA=[0m[Pipeline] withEnv
[8mha:////4K0aY5LUlNQcCneWVeQ4RW5CeGlreGeBK++VCCrWeRETAAAApx+LCAAAAAAAAP9tjTEOwjAUQ3+LOrAycohUDLAgpq5RFk4QmhDSRv+Xn5R24kRcjTvQUokJD5ZtyXqvNxSR4UTsRGOx9RhrL7rQuymJgbi9BhpEQxdRE0YKVig7KDK2WqqiZGFRlsNKwtpiHSh6dAk2stEPXQaNrjwnnrajhNybOzwhkxM5aU7fMjJsb72JhD/OXwCMXYJ8t5/tMD+LD/s94rDCAAAA[0m[Pipeline] {
[8mha:////4Ol7EzHt9zEK+Q2bXKKwTEMQB3ke19bI1jepBYwrgggxAAAApx+LCAAAAAAAAP9tjTEOwjAUQ3+LOrAycohULDAgpq5RFk4QmhDSRv+Xn5R24kRcjTvQUokJD5ZtyXqvNxSR4UTsRGOx9RhrL7rQuymJgbi9BhpEQxdRE0YKVig7KDK2WqqiZGFRlsNKwtpiHSh6dAk2stEPXQaNrjwnnrajhNybOzwhkxM5aU7fMjJsb72JhD/OXwCMXYJ8t5/tMD+LD1+IXOLCAAAA[0m[Pipeline] stage
[8mha:////4E3mOM1XPA0LSaICgqX641mNaNKkIOLocCzRopZH+1xhAAAApx+LCAAAAAAAAP9tjTEOwjAUQ3+LOrAycohUTCAhpq5RFk4QmhDSRv+Xn5R24kRcjTvQUokJD5ZtyXqvNxSR4UTsRGOx9RhrL7rQuymJgbi9BhpEQxdRE0YKVig7KDK2WqqiZGFRlsNKwtpiHSh6dAk2stEPXQaNrjwnnrajhNybOzwhkxM5aU7fMjJsb72JhD/OXwCMXYJ8t5/tMD+LD0rlhNLCAAAA[0m[Pipeline] { (Checkout)
[8mha:////4BX3bISxXVgfLjvFi9PSbPybD8ZT8WI/AlZdsgR0mZRUAAAApB+LCAAAAAAAAP9tjTEOwjAQBC9BFLSUPOIiOhCiSmu54QUmNsaJdWdsh6TiRXyNPxCIRMUWq51t5vmCZYpw5GixNdQ5So3D4Hs7LRw4dhfPA7Z8xoYpsTcozSBZm3pGydnAnKKEhYCVocZzcmQzrEWr7qryimx1ynH6DgJKp2/wgEJM5qxi/sIYYXPtdWL6ef4KYAwZyu3uU/vwBr2eB0O+AAAA[0m[Pipeline] tool
[8mha:////4Ivskib5trqroR3oAy9Upz9brLJCdDrtNEPOmpFnAgieAAAApR+LCAAAAAAAAP9tjTEOwjAQBC9BFLSUPOICVEgoFa3lhheYxBgn1l2wHZyKF/E1/oBFJCq2WO1sM683LIOHmr3BTlNvKTQWBzeavDCx76+OE3Z8wYYpsNModZLc6tOMkqOGOUUJCwErTY3jYMlEWItOPVTlFJnqHH3+jgJK297hCYXI5qh8/MLkYXMb28D08/wVwDREKHeHXPvt8AGtm4OQvgAAAA==[0m[Pipeline] envVarsForTool
[8mha:////4EjBMxhL6mCoQ52TQ0EjoqAPjAar4pZ2RXdXHJXDGf/vAAAApR+LCAAAAAAAAP9tjTEOwjAQBC9BFLSUPOKiUCEhqrRWGl5gYmOcWHfGdkgqXsTX+AMWkajYYrWzzbzesI4BThwM9poGS7Gz6N1o8sKJw3B1PGHPF+yYIjuNrZ5aVrpZsOWkYUlRwkrARlPnOFoyCbailw9ZOUmmOqeQv6OA0qo7PKEQ2ZxkSF+YA+xuo4pMP89fAcw+QVkfcu1r/wHsqpiJvgAAAA==[0m[Pipeline] tool
[8mha:////4FiVLB4R5yDMovPYsZYzrNqo1sQVikDKBOM/qpS8LM4kAAAApR+LCAAAAAAAAP9tjTEOwjAQBC9BFLSUPMIRqZAQVVorDS8w8WGcWHfGdkgqXsTX+AMWkajYYrWzzbzesI4BThyM6JEGS7GzwrvR5CUmDsPV8SR6voiOKbJD0eLUssZmwZYTwpKihJWEDVLnOFoyCbayVw9VOUWmOqeQv6OE0uo7PKGQ2ZxUSF+YA+xuo45MP89fAcw+Qbk/5Kpr/wEv+bWivgAAAA==[0m[Pipeline] envVarsForTool
[8mha:////4FssxxBRDrXXUk3I8WGcpEmLkYRGZkZcYdkPikIGRqEBAAAAqB+LCAAAAAAAAP9tjTEOwjAUQ3+LOrAycohUwIKEOrFGXThBaEJIGv1fkpR04kRcjTsQqMSEB8u2ZL3nC6rgoSGvmVXYGwydYYMbdU4ske8vjhKzdGYdYSCnWKtSS1Id59pSVDCrKGHBYamwcxQM6ggrbsVd1E6grk/R5+3AoTTyBg8oeCZH4eO3TB7W11EGwh/nLwCmIUK52Wfb7j7P6g3S+1MawgAAAA==[0m[Pipeline] withEnv
[8mha:////4PbbSOYPJPowwxemqXlgXCXVGTXN5tIUEUVPQeszTMHPAAAApx+LCAAAAAAAAP9tjTEOwjAUQ3+LOrAycohUAjbE1DXKwglCE0La6P/yk9JOnIircQdaKjHhwbItWe/1hiIynIidaCy2HmPtRRd6NyUxELfXQINo6CJqwkjBCmUHRcZWS1WULCzKclhJWFusA0WPLsFGNvqhy6DRlefE03aUkHtzhydkciInzelbRobtrTeR8Mf5C4CxS5Dv9rMd5mfxAd6e6VPCAAAA[0m[Pipeline] {
[8mha:////4AP9L0z3DmUha1YEtxxBvZ31fDcO4TD0NY7spRljhGVFAAAApB+LCAAAAAAAAP9tjTEOwjAQBC9BFLSUPOIiIagQVVrLDS8wsTFOrDtjOyQVL+Jr/IFAJCq2WO1sM88XLFOEI0eLraHOUWocBt/baeHAsbt4HrDlMzZMib1BaQbJ2tQzSs4G5hQlLASsDDWekyObYS1adVeVV2SrU47TdxBQOn2DBxRiMmcV8xfGCJtrrxPTz/NXAGPIUG53n9qHN38C26S+AAAA[0m[Pipeline] git
The recommended git tool is: NONE
No credentials specified
 > git rev-parse --resolve-git-dir /var/jenkins_home/workspace/bezkoder-spring-boot-unit-test-rest-controller/.git # timeout=10
Fetching changes from the remote Git repository
 > git config remote.origin.url https://github.com/puntengopudd/spring-boot-unit-test-rest-controller # timeout=10
Fetching upstream changes from https://github.com/puntengopudd/spring-boot-unit-test-rest-controller
 > git --version # timeout=10
 > git --version # 'git version 2.39.5'
 > git fetch --tags --force --progress -- https://github.com/puntengopudd/spring-boot-unit-test-rest-controller +refs/heads/*:refs/remotes/origin/* # timeout=10
 > git rev-parse refs/remotes/origin/master^{commit} # timeout=10
Checking out Revision 48f869210ba2ec0d079b9ebf52a72f830d3c74e3 (refs/remotes/origin/master)
 > git config core.sparsecheckout # timeout=10
 > git checkout -f 48f869210ba2ec0d079b9ebf52a72f830d3c74e3 # timeout=10
 > git branch -a -v --no-abbrev # timeout=10
 > git branch -D master # timeout=10
 > git checkout -b master 48f869210ba2ec0d079b9ebf52a72f830d3c74e3 # timeout=10
Commit message: "ubah pom"
 > git rev-list --no-walk 48f869210ba2ec0d079b9ebf52a72f830d3c74e3 # timeout=10
[8mha:////4KiFvmTsLQ4QauaO67hU62juWRvf1E7ZpISD1e3pw05aAAAApR+LCAAAAAAAAP9tjTEOwjAQBC9BFLSUPOIiIUSDqNJabniBiY1xYt0Z2yGpeBFf4w8EIlGxxWpnm3m+YJkiHDlabA11jlLjMPjeTgsHjt3F84Atn7FhSuwNSjNI1qaeUXI2MKcoYSFgZajxnBzZDGvRqruqvCJbnXKcvoOA0ukbPKAQkzmrmL8wRthce52Yfp6/AhhDyFBu95/avQHjyRvdvgAAAA==[0m[Pipeline] }
[8mha:////4DHrZU7VOAc1HlpPQzYy2i6rcg+HhYTDHJ6K4/JXfE/EAAAApR+LCAAAAAAAAP9tjTEOwjAQBC9BFLSUPOIiQUGBqNJabniBiY1xYt0Z2yGpeBFf4w8EIlGxxWpnm3m+YJkiHDlabA11jlLjMPjeTgsHjt3F84Atn7FhSuwNSjNI1qaeUXI2MKcoYSFgZajxnBzZDGvRqruqvCJbnXKcvoOA0ukbPKAQkzmrmL8wRthce52Yfp6/AhhDyFBu95/avQHljyOIvgAAAA==[0m[Pipeline] // withEnv
[8mha:////4J7cIjYGAX95Lq6xfj34ropXpe1KRe9TkZE3Ctsl75u6AAAApR+LCAAAAAAAAP9tjTEOwjAQBC9BFLSUPOIiqCIhqrRWGl5gYmOcWHfGdkgqXsTX+AMWkajYYrWzzbzesI4BThwM9poGS7Gz6N1o8sKJw3B1PGHPF+yYIjuNrZ5aVrpZsOWkYUlRwkrARlPnOFoyCbailw9ZOUmmOqeQv6OA0qo7PKEQ2ZxkSF+YA+xuo4pMP89fAczeJygPda59/QF7t4rFvgAAAA==[0m[Pipeline] }
[8mha:////4H8IqFFM6ZrBOzGs7rBj++dVuNwcVkpoGT4WCKYEjW4dAAAApR+LCAAAAAAAAP9tjTEOwjAQBC9BFLSUPOIiaBBCqWgtN7zAJMY4se6C7eBUvIiv8QcsIlGxxWpnm3m9YRk81OwNdpp6S6GxOLjR5IWJfX91nLDjCzZMgZ1GqZPkVp9mlBw1zClKWAhYaWocB0smwlp06qEqp8hU5+jzdxRQ2vYOTyhENkfl4xcmD5vb2Aamn+evAKZhiFDuDrm2+w9PeWmevgAAAA==[0m[Pipeline] // stage
[8mha:////4Hok7wRihcGfqgzhskVrjfGNt5m3/jPyDNm46bYTaBitAAAAqB+LCAAAAAAAAP9tjTEOwjAUQ3+LOrAycogUhMSCOrFGXThBaEJIGv1fkpR04kRcjTsQqMSEB8u2ZL3nC6rgoSGvmVXYGwydYYMbdU4ske8vjhKzdGYdYSCnWKtSS1Id59pSVDCrKGHBYamwcxQM6ggrbsVd1E6grk/R5+3AoTTyBg8oeCZH4eO3TB7W11EGwh/nLwCmIUK53WfbbT7P6g3OqcZowgAAAA==[0m[Pipeline] stage
[8mha:////4F5u071YZyrta1yMUdsLfbwW8HcaRf4Ip81UkFP8WTC4AAAAph+LCAAAAAAAAP9tjTEOwjAUQ3+LOrAycogUxIiYukZZOEFoQkgb/V9+UtqJE3E17kBLJSY8WLYl673eUESGE7ETjcXWY6y96ELvpiQG4vYaaBANXURNGClYoeygyNhqqYqShUVZDisJa4t1oOjRJdjIRj90GTS68px42o4Scm/u8IRMTuSkOX3LyLC99SYS/jh/ATB2CfLDbrb9/Cw+ty4Up8IAAAA=[0m[Pipeline] { (Unit Test & Coverage)
[8mha:////4BJLnlO6mPLUjeC+I+bp60zPna+jqUkyYQPMUy7cnpV2AAAAox+LCAAAAAAAAP9tjTEOwjAQBC9BFLSUPOIioERUaS03vMDExjix7oztkFS8iK/xBwKRqNhitbPNPF+wTBGOHC22hjpHqXEYfG+nhQPH7uJ5wJbP2DAl9galGSRrU88oORuYU5SwELAy1HhOjmyGtWjVXVVeka1OOU7fQUDp9A0eUIjJnFXMXxgjbK69Tkw/z18BjCFDud9+ahfettHKdL4AAAA=[0m[Pipeline] tool
[8mha:////4AJWfVuQhM97niic3iP48doPmBbUeXrQGjCsx16ckYJ5AAAAox+LCAAAAAAAAP9tjTEOwjAQBC9BFLSUPOIilBJR0VppeIFJjLFj3Tm2g1PxIr7GHwhEomKL1c4283zBOgY4ctBoFfWGYmvQu1HPCzOH/uo4o+ULtkyRncJG5YY7dVqw4aRgSVHCSsBGUes4GtIJtsLKu6ycJF2dU5i/g4DSdAM8oBCzOcmQvjAF2N3GLjL9PH8FMPkEZb3/VO3f9+DRbb4AAAA=[0m[Pipeline] envVarsForTool
[8mha:////4Bygt3Zk+U+28GXk5iVFXaL86rMcTUETnbyNA36sus41AAAApB+LCAAAAAAAAP9tjTEOwjAQBC9BFLSUPOIiBB2iSmu54QUmNsaJdWdsh6TiRXyNPxCIRMUWq51t5vmCZYpw5GixNdQ5So3D4Hs7LRw4dhfPA7Z8xoYpsTcozSBZm3pGydnAnKKEhYCVocZzcmQzrEWr7qryimx1ynH6DgJKp2/wgEJM5qxi/sIYYXPtdWL6ef4KYAwZyt32U/vwBjB2kCK+AAAA[0m[Pipeline] tool
[8mha:////4AmtmFfGq3OtqWMwNefL8d6BgcaYibBZgxld28XnuiDQAAAApB+LCAAAAAAAAP9tjTEOwjAQBC9BFLSUPOIihKgQVVrLDS8wsTFOrDtjOyQVL+Jr/IFAJCq2WO1sM88XLFOEI0eLraHOUWocBt/baeHAsbt4HrDlMzZMib1BaQbJ2tQzSs4G5hQlLASsDDWekyObYS1adVeVV2SrU47TdxBQOn2DBxRiMmcV8xfGCJtrrxPTz/NXAGPIUO62n9qHN3FHizu+AAAA[0m[Pipeline] envVarsForTool
[8mha:////4J8QCKYjxdZjGTTAoAcLi7G3Ai2aoDMKQZk70pM7Oew/AAAAqB+LCAAAAAAAAP9tjTEOwjAUQ3+LOrAycohUCIkFMXWNsnCC0ISQNvq//KS0EyfiatyBlkpMeLBsS9Z7vaGIDCdiJxqLrcdYe9GF3k1JDMTtNdAgGrqImjBSsELZQZGx1VIVJQuLshxWEtYW60DRo0uwkY1+6DJodOU58bQdJeTe3OEJmZzISXP6lpFhe+tNJPxx/gJg7BLk+91sh/lZfADPwZ97wgAAAA==[0m[Pipeline] withEnv
[8mha:////4D7nXUmX/06JLIxjM+btamMU4G3yiWcMwcrbyVXLlvqHAAAAqB+LCAAAAAAAAP9tjTEOwjAUQ3+LOrAycoh0QIIBMXWNsnCC0ISQNvq//KS0EyfiatyBlkpMeLBsS9Z7vaGIDCdiJxqLrcdYe9GF3k1JDMTtNdAgGrqImjBSsELZQZGx1VIVJQuLshxWEtYW60DRo0uwkY1+6DJodOU58bQdJeTe3OEJmZzISXP6lpFhe+tNJPxx/gJg7BLku/1sh/lZfADpB/iZwgAAAA==[0m[Pipeline] {
[8mha:////4DlHuQ4FiRW6YmUM65lOSAuSN8Ch5XG3UXZxlx8Ny35BAAAApR+LCAAAAAAAAP9tjTEOwjAQBC9BFLSUPOJSUICEqNJabniBiY1xYt0Z2yGpeBFf4w8EIlGxxWpnm3m+YJkiHDlabA11jlLjMPjeTgsHjt3F84Atn7FhSuwNSjNI1qaeUXI2MKcoYSFgZajxnBzZDGvRqruqvCJbnXKcvoOA0ukbPKAQkzmrmL8wRthce52Yfp6/AhhDhnK7+9Q+vAEGDPXtvgAAAA==[0m[Pipeline] sh
+ mvn package
[INFO] Scanning for projects...
[INFO] 
[INFO] ---------< com.bezkoder:spring-boot-rest-controller-unit-test >---------
[INFO] Building spring-boot-rest-controller-unit-test 0.0.1-SNAPSHOT
[INFO]   from pom.xml
[INFO] --------------------------------[ jar ]---------------------------------
[INFO] 
[INFO] --- maven-enforcer-plugin:3.0.0-M3:enforce (enforce-maven-version) @ spring-boot-rest-controller-unit-test ---
Downloading from central: https://repo.maven.apache.org/maven2/org/apache/maven/resolver/maven-resolver/1.4.1/maven-resolver-1.4.1.pom
Progress (1): 2.8/18 kBProgress (1): 5.5/18 kBProgress (1): 8.3/18 kBProgress (1): 11/18 kB Progress (1): 14/18 kBProgress (1): 17/18 kBProgress (1): 18 kB                      Downloaded from central: https://repo.maven.apache.org/maven2/org/apache/maven/resolver/maven-resolver/1.4.1/maven-resolver-1.4.1.pom (18 kB at 8.1 kB/s)
Downloading from central: https://repo.maven.apache.org/maven2/org/apache/maven/resolver/maven-resolver-api/1.4.1/maven-resolver-api-1.4.1.pom
Progress (1): 2.6 kB                    Downloaded from central: https://repo.maven.apache.org/maven2/org/apache/maven/resolver/maven-resolver-api/1.4.1/maven-resolver-api-1.4.1.pom (2.6 kB at 4.8 kB/s)
Downloading from central: https://repo.maven.apache.org/maven2/org/codehaus/plexus/plexus-component-annotations/1.7.1/plexus-component-annotations-1.7.1.jar
Downloading from central: https://repo.maven.apache.org/maven2/org/codehaus/plexus/plexus-utils/3.3.0/plexus-utils-3.3.0.jar
Downloading from central: https://repo.maven.apache.org/maven2/junit/junit/4.11/junit-4.11.jar
Downloading from central: https://repo.maven.apache.org/maven2/org/codehaus/plexus/plexus-container-default/1.0-alpha-9/plexus-container-default-1.0-alpha-9.jar
Downloading from central: https://repo.maven.apache.org/maven2/org/apache/maven/enforcer/enforcer-api/3.0.0-M3/enforcer-api-3.0.0-M3.jar
Progress (1): 2.8/4.3 kBProgress (1): 4.3 kB                        Downloaded from central: https://repo.maven.apache.org/maven2/org/codehaus/plexus/plexus-component-annotations/1.7.1/plexus-component-annotations-1.7.1.jar (4.3 kB at 8.3 kB/s)
Downloading from central: https://repo.maven.apache.org/maven2/org/hamcrest/hamcrest-core/1.3/hamcrest-core-1.3.jar
Progress (1): 2.8/12 kBProgress (1): 5.5/12 kBProgress (1): 8.3/12 kBProgress (1): 11/12 kB Progress (1): 12 kB   Progress (2): 12 kB | 2.8/263 kBProgress (2): 12 kB | 5.5/263 kBProgress (2): 12 kB | 8.3/263 kBProgress (2): 12 kB | 11/263 kB Progress (3): 12 kB | 11/263 kB | 4.1/195 kBProgress (4): 12 kB | 11/263 kB | 4.1/195 kB | 2.8/245 kBProgress (4): 12 kB | 14/263 kB | 4.1/195 kB | 2.8/245 kBProgress (4): 12 kB | 17/263 kB | 4.1/195 kB | 2.8/245 kBProgress (4): 12 kB | 17/263 kB | 8.2/195 kB | 2.8/245 kBProgress (4): 12 kB | 17/263 kB | 8.2/195 kB | 5.5/245 kBProgress (4): 12 kB | 17/263 kB | 12/195 kB | 5.5/245 kB Progress (4): 12 kB | 19/263 kB | 12/195 kB | 5.5/245 kBProgress (4): 12 kB | 19/263 kB | 12/195 kB | 8.3/245 kBProgress (4): 12 kB | 19/263 kB | 16/195 kB | 8.3/245 kBProgress (4): 12 kB | 19/263 kB | 16/195 kB | 11/245 kB Progress (4): 12 kB | 22/263 kB | 16/195 kB | 11/245 kBProgress (4): 12 kB | 22/263 kB | 20/195 kB | 11/245 kBProgress (4): 12 kB | 22/263 kB | 20/195 kB | 14/245 kBProgress (4): 12 kB | 25/263 kB | 20/195 kB | 14/245 kBProgress (4): 12 kB | 25/263 kB | 25/195 kB | 14/245 kBProgress (4): 12 kB | 28/263 kB | 25/195 kB | 14/245 kBProgress (4): 12 kB | 28/263 kB | 29/195 kB | 14/245 kBProgress (4): 12 kB | 30/263 kB | 29/195 kB | 14/245 kBProgress (4): 12 kB | 30/263 kB | 33/195 kB | 14/245 kBProgress (4): 12 kB | 30/263 kB | 33/195 kB | 18/245 kBProgress (4): 12 kB | 33/263 kB | 33/195 kB | 18/245 kBProgress (4): 12 kB | 33/263 kB | 33/195 kB | 22/245 kBProgress (4): 12 kB | 36/263 kB | 33/195 kB | 22/245 kBProgress (4): 12 kB | 36/263 kB | 33/195 kB | 26/245 kBProgress (4): 12 kB | 39/263 kB | 33/195 kB | 26/245 kBProgress (4): 12 kB | 39/263 kB | 33/195 kB | 30/245 kBProgress (5): 12 kB | 39/263 kB | 33/195 kB | 30/245 kB | 4.1/45 kBProgress (5): 12 kB | 39/263 kB | 33/195 kB | 30/245 kB | 8.2/45 kBProgress (5): 12 kB | 39/263 kB | 33/195 kB | 30/245 kB | 12/45 kB Progress (5): 12 kB | 39/263 kB | 33/195 kB | 30/245 kB | 16/45 kBProgress (5): 12 kB | 39/263 kB | 33/195 kB | 30/245 kB | 20/45 kBProgress (5): 12 kB | 39/263 kB | 33/195 kB | 30/245 kB | 25/45 kBProgress (5): 12 kB | 39/263 kB | 33/195 kB | 30/245 kB | 29/45 kBProgress (5): 12 kB | 41/263 kB | 33/195 kB | 30/245 kB | 29/45 kBProgress (5): 12 kB | 41/263 kB | 33/195 kB | 30/245 kB | 33/45 kBProgress (5): 12 kB | 41/263 kB | 37/195 kB | 30/245 kB | 33/45 kBProgress (5): 12 kB | 44/263 kB | 37/195 kB | 30/245 kB | 33/45 kBProgress (5): 12 kB | 44/263 kB | 41/195 kB | 30/245 kB | 33/45 kBProgress (5): 12 kB | 47/263 kB | 41/195 kB | 30/245 kB | 33/45 kBProgress (5): 12 kB | 47/263 kB | 45/195 kB | 30/245 kB | 33/45 kBProgress (5): 12 kB | 50/263 kB | 45/195 kB | 30/245 kB | 33/45 kBProgress (5): 12 kB | 50/263 kB | 49/195 kB | 30/245 kB | 33/45 kB                                                                  Downloaded from central: https://repo.maven.apache.org/maven2/org/apache/maven/enforcer/enforcer-api/3.0.0-M3/enforcer-api-3.0.0-M3.jar (12 kB at 14 kB/s)
Downloading from central: https://repo.maven.apache.org/maven2/classworlds/classworlds/1.1-alpha-2/classworlds-1.1-alpha-2.jar
Progress (4): 52/263 kB | 49/195 kB | 30/245 kB | 33/45 kBProgress (4): 55/263 kB | 49/195 kB | 30/245 kB | 33/45 kBProgress (4): 55/263 kB | 49/195 kB | 34/245 kB | 33/45 kBProgress (4): 55/263 kB | 53/195 kB | 34/245 kB | 33/45 kBProgress (4): 58/263 kB | 53/195 kB | 34/245 kB | 33/45 kBProgress (4): 58/263 kB | 57/195 kB | 34/245 kB | 33/45 kBProgress (4): 58/263 kB | 57/195 kB | 38/245 kB | 33/45 kBProgress (4): 61/263 kB | 57/195 kB | 38/245 kB | 33/45 kBProgress (4): 61/263 kB | 61/195 kB | 38/245 kB | 33/45 kBProgress (4): 61/263 kB | 61/195 kB | 38/245 kB | 37/45 kBProgress (4): 61/263 kB | 61/195 kB | 42/245 kB | 37/45 kBProgress (4): 65/263 kB | 61/195 kB | 42/245 kB | 37/45 kBProgress (4): 65/263 kB | 66/195 kB | 42/245 kB | 37/45 kBProgress (4): 65/263 kB | 66/195 kB | 47/245 kB | 37/45 kBProgress (4): 65/263 kB | 66/195 kB | 47/245 kB | 41/45 kBProgress (4): 65/263 kB | 70/195 kB | 47/245 kB | 41/45 kBProgress (4): 69/263 kB | 70/195 kB | 47/245 kB | 41/45 kBProgress (4): 69/263 kB | 74/195 kB | 47/245 kB | 41/45 kBProgress (4): 69/263 kB | 74/195 kB | 47/245 kB | 45 kB   Progress (4): 69/263 kB | 78/195 kB | 47/245 kB | 45 kBProgress (4): 69/263 kB | 78/195 kB | 51/245 kB | 45 kBProgress (4): 69/263 kB | 82/195 kB | 51/245 kB | 45 kBProgress (4): 73/263 kB | 82/195 kB | 51/245 kB | 45 kBProgress (4): 73/263 kB | 82/195 kB | 55/245 kB | 45 kBProgress (4): 77/263 kB | 82/195 kB | 55/245 kB | 45 kBProgress (4): 77/263 kB | 86/195 kB | 55/245 kB | 45 kBProgress (4): 77/263 kB | 86/195 kB | 59/245 kB | 45 kBProgress (4): 77/263 kB | 90/195 kB | 59/245 kB | 45 kBProgress (4): 77/263 kB | 90/195 kB | 63/245 kB | 45 kBProgress (4): 77/263 kB | 94/195 kB | 63/245 kB | 45 kBProgress (4): 81/263 kB | 94/195 kB | 63/245 kB | 45 kBProgress (4): 81/263 kB | 94/195 kB | 67/245 kB | 45 kBProgress (4): 81/263 kB | 98/195 kB | 67/245 kB | 45 kBProgress (4): 85/263 kB | 98/195 kB | 67/245 kB | 45 kBProgress (4): 85/263 kB | 98/195 kB | 71/245 kB | 45 kBProgress (4): 85/263 kB | 102/195 kB | 71/245 kB | 45 kBProgress (4): 89/263 kB | 102/195 kB | 71/245 kB | 45 kBProgress (4): 89/263 kB | 102/195 kB | 75/245 kB | 45 kBProgress (4): 89/263 kB | 106/195 kB | 75/245 kB | 45 kBProgress (4): 93/263 kB | 106/195 kB | 75/245 kB | 45 kBProgress (4): 93/263 kB | 111/195 kB | 75/245 kB | 45 kBProgress (4): 93/263 kB | 111/195 kB | 79/245 kB | 45 kBProgress (4): 98/263 kB | 111/195 kB | 79/245 kB | 45 kBProgress (4): 98/263 kB | 115/195 kB | 79/245 kB | 45 kBProgress (4): 102/263 kB | 115/195 kB | 79/245 kB | 45 kBProgress (4): 102/263 kB | 115/195 kB | 83/245 kB | 45 kBProgress (4): 106/263 kB | 115/195 kB | 83/245 kB | 45 kBProgress (4): 106/263 kB | 115/195 kB | 88/245 kB | 45 kBProgress (4): 110/263 kB | 115/195 kB | 88/245 kB | 45 kBProgress (4): 110/263 kB | 115/195 kB | 92/245 kB | 45 kBProgress (4): 110/263 kB | 115/195 kB | 96/245 kB | 45 kBProgress (5): 110/263 kB | 115/195 kB | 96/245 kB | 45 kB | 2.8/38 kBProgress (5): 110/263 kB | 115/195 kB | 96/245 kB | 45 kB | 5.5/38 kBProgress (5): 110/263 kB | 115/195 kB | 96/245 kB | 45 kB | 8.3/38 kBProgress (5): 110/263 kB | 115/195 kB | 96/245 kB | 45 kB | 11/38 kB Progress (5): 110/263 kB | 115/195 kB | 96/245 kB | 45 kB | 14/38 kBProgress (5): 110/263 kB | 115/195 kB | 96/245 kB | 45 kB | 17/38 kBProgress (5): 110/263 kB | 115/195 kB | 96/245 kB | 45 kB | 19/38 kBProgress (5): 110/263 kB | 115/195 kB | 96/245 kB | 45 kB | 22/38 kBProgress (5): 110/263 kB | 115/195 kB | 96/245 kB | 45 kB | 25/38 kBProgress (5): 110/263 kB | 115/195 kB | 96/245 kB | 45 kB | 28/38 kBProgress (5): 110/263 kB | 115/195 kB | 96/245 kB | 45 kB | 30/38 kBProgress (5): 110/263 kB | 115/195 kB | 96/245 kB | 45 kB | 33/38 kBProgress (5): 110/263 kB | 119/195 kB | 96/245 kB | 45 kB | 33/38 kBProgress (5): 114/263 kB | 119/195 kB | 96/245 kB | 45 kB | 33/38 kBProgress (5): 114/263 kB | 119/195 kB | 96/245 kB | 45 kB | 36/38 kBProgress (5): 118/263 kB | 119/195 kB | 96/245 kB | 45 kB | 36/38 kBProgress (5): 118/263 kB | 123/195 kB | 96/245 kB | 45 kB | 36/38 kBProgress (5): 122/263 kB | 123/195 kB | 96/245 kB | 45 kB | 36/38 kBProgress (5): 122/263 kB | 123/195 kB | 96/245 kB | 45 kB | 38 kB   Progress (5): 122/263 kB | 127/195 kB | 96/245 kB | 45 kB | 38 kBProgress (5): 126/263 kB | 127/195 kB | 96/245 kB | 45 kB | 38 kBProgress (5): 126/263 kB | 131/195 kB | 96/245 kB | 45 kB | 38 kBProgress (5): 130/263 kB | 131/195 kB | 96/245 kB | 45 kB | 38 kBProgress (5): 134/263 kB | 131/195 kB | 96/245 kB | 45 kB | 38 kBProgress (5): 138/263 kB | 131/195 kB | 96/245 kB | 45 kB | 38 kBProgress (5): 143/263 kB | 131/195 kB | 96/245 kB | 45 kB | 38 kBProgress (5): 147/263 kB | 131/195 kB | 96/245 kB | 45 kB | 38 kBProgress (5): 151/263 kB | 131/195 kB | 96/245 kB | 45 kB | 38 kBProgress (5): 151/263 kB | 131/195 kB | 100/245 kB | 45 kB | 38 kBProgress (5): 155/263 kB | 131/195 kB | 100/245 kB | 45 kB | 38 kBProgress (5): 155/263 kB | 131/195 kB | 104/245 kB | 45 kB | 38 kBProgress (5): 159/263 kB | 131/195 kB | 104/245 kB | 45 kB | 38 kBProgress (5): 159/263 kB | 131/195 kB | 108/245 kB | 45 kB | 38 kBProgress (5): 159/263 kB | 131/195 kB | 112/245 kB | 45 kB | 38 kBProgress (5): 159/263 kB | 131/195 kB | 116/245 kB | 45 kB | 38 kBProgress (5): 159/263 kB | 135/195 kB | 116/245 kB | 45 kB | 38 kBProgress (5): 163/263 kB | 135/195 kB | 116/245 kB | 45 kB | 38 kBProgress (5): 163/263 kB | 139/195 kB | 116/245 kB | 45 kB | 38 kBProgress (5): 163/263 kB | 139/195 kB | 120/245 kB | 45 kB | 38 kBProgress (5): 163/263 kB | 143/195 kB | 120/245 kB | 45 kB | 38 kBProgress (5): 167/263 kB | 143/195 kB | 120/245 kB | 45 kB | 38 kBProgress (5): 167/263 kB | 147/195 kB | 120/245 kB | 45 kB | 38 kBProgress (5): 167/263 kB | 147/195 kB | 124/245 kB | 45 kB | 38 kBProgress (5): 171/263 kB | 147/195 kB | 124/245 kB | 45 kB | 38 kBProgress (5): 171/263 kB | 147/195 kB | 128/245 kB | 45 kB | 38 kBProgress (5): 175/263 kB | 147/195 kB | 128/245 kB | 45 kB | 38 kBProgress (5): 179/263 kB | 147/195 kB | 128/245 kB | 45 kB | 38 kBProgress (5): 179/263 kB | 147/195 kB | 133/245 kB | 45 kB | 38 kBProgress (5): 184/263 kB | 147/195 kB | 133/245 kB | 45 kB | 38 kBProgress (5): 184/263 kB | 147/195 kB | 137/245 kB | 45 kB | 38 kBProgress (5): 188/263 kB | 147/195 kB | 137/245 kB | 45 kB | 38 kBProgress (5): 188/263 kB | 147/195 kB | 141/245 kB | 45 kB | 38 kBProgress (5): 192/263 kB | 147/195 kB | 141/245 kB | 45 kB | 38 kBProgress (5): 192/263 kB | 147/195 kB | 145/245 kB | 45 kB | 38 kBProgress (5): 192/263 kB | 147/195 kB | 149/245 kB | 45 kB | 38 kBProgress (5): 192/263 kB | 147/195 kB | 153/245 kB | 45 kB | 38 kBProgress (5): 192/263 kB | 147/195 kB | 157/245 kB | 45 kB | 38 kBProgress (5): 192/263 kB | 147/195 kB | 161/245 kB | 45 kB | 38 kB                                                                  Downloaded from central: https://repo.maven.apache.org/maven2/org/hamcrest/hamcrest-core/1.3/hamcrest-core-1.3.jar (45 kB at 26 kB/s)
Downloading from central: https://repo.maven.apache.org/maven2/org/apache/maven/enforcer/enforcer-rules/3.0.0-M3/enforcer-rules-3.0.0-M3.jar
Downloaded from central: https://repo.maven.apache.org/maven2/classworlds/classworlds/1.1-alpha-2/classworlds-1.1-alpha-2.jar (38 kB at 22 kB/s)
Downloading from central: https://repo.maven.apache.org/maven2/org/apache/maven/shared/maven-common-artifact-filters/3.1.0/maven-common-artifact-filters-3.1.0.jar
Progress (3): 192/263 kB | 152/195 kB | 161/245 kBProgress (3): 192/263 kB | 156/195 kB | 161/245 kBProgress (3): 192/263 kB | 160/195 kB | 161/245 kBProgress (3): 192/263 kB | 164/195 kB | 161/245 kBProgress (3): 196/263 kB | 164/195 kB | 161/245 kBProgress (3): 200/263 kB | 164/195 kB | 161/245 kBProgress (3): 200/263 kB | 168/195 kB | 161/245 kBProgress (3): 204/263 kB | 168/195 kB | 161/245 kBProgress (3): 204/263 kB | 168/195 kB | 165/245 kBProgress (3): 208/263 kB | 168/195 kB | 165/245 kBProgress (3): 208/263 kB | 168/195 kB | 169/245 kBProgress (3): 208/263 kB | 172/195 kB | 169/245 kBProgress (3): 208/263 kB | 172/195 kB | 174/245 kBProgress (3): 212/263 kB | 172/195 kB | 174/245 kBProgress (3): 212/263 kB | 172/195 kB | 178/245 kBProgress (3): 212/263 kB | 176/195 kB | 178/245 kBProgress (3): 216/263 kB | 176/195 kB | 178/245 kBProgress (3): 216/263 kB | 180/195 kB | 178/245 kBProgress (3): 216/263 kB | 180/195 kB | 182/245 kBProgress (3): 220/263 kB | 180/195 kB | 182/245 kBProgress (3): 220/263 kB | 180/195 kB | 186/245 kBProgress (3): 225/263 kB | 180/195 kB | 186/245 kBProgress (3): 225/263 kB | 180/195 kB | 190/245 kBProgress (3): 229/263 kB | 180/195 kB | 190/245 kBProgress (3): 229/263 kB | 180/195 kB | 194/245 kBProgress (3): 233/263 kB | 180/195 kB | 194/245 kBProgress (3): 233/263 kB | 180/195 kB | 198/245 kBProgress (3): 237/263 kB | 180/195 kB | 198/245 kBProgress (3): 237/263 kB | 180/195 kB | 202/245 kBProgress (3): 241/263 kB | 180/195 kB | 202/245 kBProgress (3): 241/263 kB | 180/195 kB | 206/245 kBProgress (3): 245/263 kB | 180/195 kB | 206/245 kBProgress (3): 245/263 kB | 180/195 kB | 210/245 kBProgress (3): 249/263 kB | 180/195 kB | 210/245 kBProgress (3): 249/263 kB | 180/195 kB | 214/245 kBProgress (3): 253/263 kB | 180/195 kB | 214/245 kBProgress (3): 253/263 kB | 180/195 kB | 219/245 kBProgress (3): 257/263 kB | 180/195 kB | 219/245 kBProgress (3): 257/263 kB | 180/195 kB | 223/245 kBProgress (3): 261/263 kB | 180/195 kB | 223/245 kBProgress (3): 261/263 kB | 180/195 kB | 227/245 kBProgress (3): 263 kB | 180/195 kB | 227/245 kB    Progress (3): 263 kB | 180/195 kB | 231/245 kBProgress (3): 263 kB | 180/195 kB | 235/245 kBProgress (3): 263 kB | 180/195 kB | 239/245 kBProgress (3): 263 kB | 180/195 kB | 243/245 kBProgress (3): 263 kB | 180/195 kB | 245 kB    Progress (4): 263 kB | 180/195 kB | 245 kB | 4.1/107 kBProgress (4): 263 kB | 180/195 kB | 245 kB | 8.2/107 kBProgress (4): 263 kB | 180/195 kB | 245 kB | 12/107 kB Progress (4): 263 kB | 180/195 kB | 245 kB | 16/107 kBProgress (4): 263 kB | 180/195 kB | 245 kB | 20/107 kBProgress (5): 263 kB | 180/195 kB | 245 kB | 20/107 kB | 4.1/61 kBProgress (5): 263 kB | 180/195 kB | 245 kB | 25/107 kB | 4.1/61 kBProgress (5): 263 kB | 180/195 kB | 245 kB | 29/107 kB | 4.1/61 kBProgress (5): 263 kB | 180/195 kB | 245 kB | 33/107 kB | 4.1/61 kBProgress (5): 263 kB | 180/195 kB | 245 kB | 33/107 kB | 8.2/61 kBProgress (5): 263 kB | 180/195 kB | 245 kB | 33/107 kB | 12/61 kB Progress (5): 263 kB | 180/195 kB | 245 kB | 33/107 kB | 16/61 kBProgress (5): 263 kB | 180/195 kB | 245 kB | 33/107 kB | 20/61 kBProgress (5): 263 kB | 180/195 kB | 245 kB | 33/107 kB | 25/61 kBProgress (5): 263 kB | 184/195 kB | 245 kB | 33/107 kB | 25/61 kBProgress (5): 263 kB | 184/195 kB | 245 kB | 37/107 kB | 25/61 kBProgress (5): 263 kB | 188/195 kB | 245 kB | 37/107 kB | 25/61 kBProgress (5): 263 kB | 188/195 kB | 245 kB | 41/107 kB | 25/61 kBProgress (5): 263 kB | 193/195 kB | 245 kB | 41/107 kB | 25/61 kBProgress (5): 263 kB | 193/195 kB | 245 kB | 45/107 kB | 25/61 kBProgress (5): 263 kB | 193/195 kB | 245 kB | 45/107 kB | 29/61 kBProgress (5): 263 kB | 193/195 kB | 245 kB | 45/107 kB | 33/61 kBProgress (5): 263 kB | 193/195 kB | 245 kB | 49/107 kB | 33/61 kBProgress (5): 263 kB | 195 kB | 245 kB | 49/107 kB | 33/61 kB    Progress (5): 263 kB | 195 kB | 245 kB | 49/107 kB | 37/61 kBProgress (5): 263 kB | 195 kB | 245 kB | 53/107 kB | 37/61 kBProgress (5): 263 kB | 195 kB | 245 kB | 53/107 kB | 41/61 kBProgress (5): 263 kB | 195 kB | 245 kB | 57/107 kB | 41/61 kBProgress (5): 263 kB | 195 kB | 245 kB | 57/107 kB | 45/61 kBProgress (5): 263 kB | 195 kB | 245 kB | 61/107 kB | 45/61 kBProgress (5): 263 kB | 195 kB | 245 kB | 61/107 kB | 49/61 kBProgress (5): 263 kB | 195 kB | 245 kB | 61/107 kB | 53/61 kBProgress (5): 263 kB | 195 kB | 245 kB | 61/107 kB | 57/61 kBProgress (5): 263 kB | 195 kB | 245 kB | 61/107 kB | 61 kB                                                             Downloaded from central: https://repo.maven.apache.org/maven2/junit/junit/4.11/junit-4.11.jar (245 kB at 118 kB/s)
Downloaded from central: https://repo.maven.apache.org/maven2/org/codehaus/plexus/plexus-utils/3.3.0/plexus-utils-3.3.0.jar (263 kB at 127 kB/s)
Downloading from central: https://repo.maven.apache.org/maven2/commons-io/commons-io/2.5/commons-io-2.5.jar
Downloading from central: https://repo.maven.apache.org/maven2/org/apache/commons/commons-lang3/3.8.1/commons-lang3-3.8.1.jar
Progress (3): 195 kB | 66/107 kB | 61 kBProgress (3): 195 kB | 70/107 kB | 61 kBProgress (3): 195 kB | 74/107 kB | 61 kBProgress (3): 195 kB | 78/107 kB | 61 kBProgress (3): 195 kB | 82/107 kB | 61 kBProgress (3): 195 kB | 86/107 kB | 61 kBProgress (3): 195 kB | 90/107 kB | 61 kBProgress (3): 195 kB | 94/107 kB | 61 kBProgress (3): 195 kB | 98/107 kB | 61 kBProgress (3): 195 kB | 102/107 kB | 61 kBProgress (3): 195 kB | 106/107 kB | 61 kBProgress (3): 195 kB | 107 kB | 61 kB                                         Downloaded from central: https://repo.maven.apache.org/maven2/org/apache/maven/shared/maven-common-artifact-filters/3.1.0/maven-common-artifact-filters-3.1.0.jar (61 kB at 27 kB/s)
Downloading from central: https://repo.maven.apache.org/maven2/commons-codec/commons-codec/1.12/commons-codec-1.12.jar
Downloaded from central: https://repo.maven.apache.org/maven2/org/codehaus/plexus/plexus-container-default/1.0-alpha-9/plexus-container-default-1.0-alpha-9.jar (195 kB at 86 kB/s)
Downloading from central: https://repo.maven.apache.org/maven2/org/beanshell/bsh/2.0b4/bsh-2.0b4.jar
Progress (2): 107 kB | 4.1/209 kBProgress (2): 107 kB | 8.2/209 kBProgress (2): 107 kB | 12/209 kB Progress (2): 107 kB | 16/209 kBProgress (3): 107 kB | 16/209 kB | 4.1/502 kBProgress (3): 107 kB | 16/209 kB | 8.2/502 kBProgress (3): 107 kB | 16/209 kB | 12/502 kB Progress (3): 107 kB | 16/209 kB | 16/502 kBProgress (3): 107 kB | 20/209 kB | 16/502 kBProgress (3): 107 kB | 25/209 kB | 16/502 kBProgress (3): 107 kB | 29/209 kB | 16/502 kBProgress (3): 107 kB | 33/209 kB | 16/502 kBProgress (3): 107 kB | 33/209 kB | 20/502 kBProgress (3): 107 kB | 37/209 kB | 20/502 kBProgress (3): 107 kB | 37/209 kB | 25/502 kBProgress (3): 107 kB | 41/209 kB | 25/502 kBProgress (3): 107 kB | 41/209 kB | 29/502 kBProgress (3): 107 kB | 45/209 kB | 29/502 kBProgress (3): 107 kB | 45/209 kB | 33/502 kBProgress (3): 107 kB | 49/209 kB | 33/502 kBProgress (3): 107 kB | 53/209 kB | 33/502 kBProgress (3): 107 kB | 57/209 kB | 33/502 kBProgress (3): 107 kB | 61/209 kB | 33/502 kBProgress (3): 107 kB | 61/209 kB | 37/502 kBProgress (3): 107 kB | 61/209 kB | 41/502 kBProgress (3): 107 kB | 61/209 kB | 45/502 kBProgress (3): 107 kB | 61/209 kB | 49/502 kBProgress (3): 107 kB | 61/209 kB | 53/502 kBProgress (3): 107 kB | 66/209 kB | 53/502 kBProgress (3): 107 kB | 66/209 kB | 57/502 kBProgress (3): 107 kB | 70/209 kB | 57/502 kBProgress (3): 107 kB | 70/209 kB | 61/502 kBProgress (3): 107 kB | 74/209 kB | 61/502 kBProgress (3): 107 kB | 74/209 kB | 65/502 kBProgress (3): 107 kB | 78/209 kB | 65/502 kBProgress (3): 107 kB | 82/209 kB | 65/502 kBProgress (3): 107 kB | 86/209 kB | 65/502 kBProgress (3): 107 kB | 90/209 kB | 65/502 kBProgress (3): 107 kB | 94/209 kB | 65/502 kBProgress (3): 107 kB | 98/209 kB | 65/502 kBProgress (3): 107 kB | 102/209 kB | 65/502 kBProgress (3): 107 kB | 106/209 kB | 65/502 kBProgress (3): 107 kB | 111/209 kB | 65/502 kBProgress (3): 107 kB | 111/209 kB | 69/502 kBProgress (3): 107 kB | 111/209 kB | 73/502 kBProgress (3): 107 kB | 111/209 kB | 78/502 kBProgress (3): 107 kB | 111/209 kB | 82/502 kB                                             Downloaded from central: https://repo.maven.apache.org/maven2/org/apache/maven/enforcer/enforcer-rules/3.0.0-M3/enforcer-rules-3.0.0-M3.jar (107 kB at 44 kB/s)
Downloading from central: https://repo.maven.apache.org/maven2/org/apache/maven/shared/maven-dependency-tree/2.2/maven-dependency-tree-2.2.jar
Progress (2): 111/209 kB | 86/502 kBProgress (2): 111/209 kB | 90/502 kBProgress (2): 111/209 kB | 94/502 kBProgress (2): 111/209 kB | 98/502 kBProgress (2): 115/209 kB | 98/502 kBProgress (2): 119/209 kB | 98/502 kBProgress (2): 123/209 kB | 98/502 kBProgress (2): 127/209 kB | 98/502 kBProgress (2): 131/209 kB | 98/502 kBProgress (3): 131/209 kB | 98/502 kB | 4.1/340 kBProgress (3): 131/209 kB | 102/502 kB | 4.1/340 kBProgress (3): 135/209 kB | 102/502 kB | 4.1/340 kBProgress (4): 135/209 kB | 102/502 kB | 4.1/340 kB | 4.1/282 kBProgress (4): 139/209 kB | 102/502 kB | 4.1/340 kB | 4.1/282 kBProgress (4): 139/209 kB | 106/502 kB | 4.1/340 kB | 4.1/282 kBProgress (4): 143/209 kB | 106/502 kB | 4.1/340 kB | 4.1/282 kBProgress (4): 143/209 kB | 110/502 kB | 4.1/340 kB | 4.1/282 kBProgress (4): 143/209 kB | 110/502 kB | 8.2/340 kB | 4.1/282 kBProgress (4): 147/209 kB | 110/502 kB | 8.2/340 kB | 4.1/282 kBProgress (4): 147/209 kB | 110/502 kB | 12/340 kB | 4.1/282 kB Progress (4): 147/209 kB | 110/502 kB | 12/340 kB | 8.2/282 kBProgress (4): 147/209 kB | 114/502 kB | 12/340 kB | 8.2/282 kBProgress (4): 147/209 kB | 114/502 kB | 12/340 kB | 12/282 kB Progress (4): 147/209 kB | 114/502 kB | 16/340 kB | 12/282 kBProgress (4): 152/209 kB | 114/502 kB | 16/340 kB | 12/282 kBProgress (4): 152/209 kB | 119/502 kB | 16/340 kB | 12/282 kBProgress (4): 156/209 kB | 119/502 kB | 16/340 kB | 12/282 kBProgress (4): 156/209 kB | 123/502 kB | 16/340 kB | 12/282 kBProgress (4): 156/209 kB | 123/502 kB | 16/340 kB | 16/282 kBProgress (4): 156/209 kB | 127/502 kB | 16/340 kB | 16/282 kBProgress (4): 156/209 kB | 127/502 kB | 20/340 kB | 16/282 kBProgress (4): 160/209 kB | 127/502 kB | 20/340 kB | 16/282 kBProgress (4): 160/209 kB | 127/502 kB | 25/340 kB | 16/282 kBProgress (4): 160/209 kB | 131/502 kB | 25/340 kB | 16/282 kBProgress (4): 160/209 kB | 131/502 kB | 29/340 kB | 16/282 kBProgress (4): 164/209 kB | 131/502 kB | 29/340 kB | 16/282 kBProgress (4): 164/209 kB | 131/502 kB | 33/340 kB | 16/282 kBProgress (4): 168/209 kB | 131/502 kB | 33/340 kB | 16/282 kBProgress (4): 172/209 kB | 131/502 kB | 33/340 kB | 16/282 kBProgress (4): 176/209 kB | 131/502 kB | 33/340 kB | 16/282 kBProgress (4): 176/209 kB | 131/502 kB | 37/340 kB | 16/282 kBProgress (4): 176/209 kB | 131/502 kB | 41/340 kB | 16/282 kBProgress (4): 176/209 kB | 131/502 kB | 41/340 kB | 20/282 kBProgress (4): 176/209 kB | 131/502 kB | 45/340 kB | 20/282 kBProgress (4): 176/209 kB | 131/502 kB | 45/340 kB | 24/282 kBProgress (4): 176/209 kB | 131/502 kB | 49/340 kB | 24/282 kBProgress (4): 176/209 kB | 131/502 kB | 49/340 kB | 28/282 kBProgress (4): 176/209 kB | 131/502 kB | 49/340 kB | 32/282 kBProgress (4): 176/209 kB | 135/502 kB | 49/340 kB | 32/282 kBProgress (4): 180/209 kB | 135/502 kB | 49/340 kB | 32/282 kBProgress (4): 180/209 kB | 139/502 kB | 49/340 kB | 32/282 kBProgress (4): 184/209 kB | 139/502 kB | 49/340 kB | 32/282 kBProgress (4): 184/209 kB | 143/502 kB | 49/340 kB | 32/282 kBProgress (4): 188/209 kB | 143/502 kB | 49/340 kB | 32/282 kBProgress (4): 188/209 kB | 147/502 kB | 49/340 kB | 32/282 kBProgress (4): 193/209 kB | 147/502 kB | 49/340 kB | 32/282 kBProgress (4): 193/209 kB | 147/502 kB | 53/340 kB | 32/282 kBProgress (4): 193/209 kB | 147/502 kB | 57/340 kB | 32/282 kBProgress (4): 197/209 kB | 147/502 kB | 57/340 kB | 32/282 kBProgress (4): 197/209 kB | 147/502 kB | 61/340 kB | 32/282 kBProgress (4): 197/209 kB | 151/502 kB | 61/340 kB | 32/282 kBProgress (4): 197/209 kB | 151/502 kB | 66/340 kB | 32/282 kBProgress (4): 201/209 kB | 151/502 kB | 66/340 kB | 32/282 kBProgress (4): 201/209 kB | 151/502 kB | 66/340 kB | 36/282 kBProgress (4): 205/209 kB | 151/502 kB | 66/340 kB | 36/282 kBProgress (4): 205/209 kB | 151/502 kB | 66/340 kB | 40/282 kBProgress (4): 205/209 kB | 155/502 kB | 66/340 kB | 40/282 kBProgress (4): 205/209 kB | 155/502 kB | 66/340 kB | 44/282 kBProgress (4): 205/209 kB | 159/502 kB | 66/340 kB | 44/282 kBProgress (4): 205/209 kB | 159/502 kB | 66/340 kB | 49/282 kBProgress (4): 205/209 kB | 164/502 kB | 66/340 kB | 49/282 kBProgress (4): 209 kB | 164/502 kB | 66/340 kB | 49/282 kB    Progress (4): 209 kB | 164/502 kB | 70/340 kB | 49/282 kBProgress (4): 209 kB | 164/502 kB | 74/340 kB | 49/282 kBProgress (4): 209 kB | 168/502 kB | 74/340 kB | 49/282 kBProgress (4): 209 kB | 168/502 kB | 78/340 kB | 49/282 kBProgress (4): 209 kB | 172/502 kB | 78/340 kB | 49/282 kBProgress (4): 209 kB | 172/502 kB | 82/340 kB | 49/282 kBProgress (4): 209 kB | 176/502 kB | 82/340 kB | 49/282 kBProgress (4): 209 kB | 180/502 kB | 82/340 kB | 49/282 kBProgress (4): 209 kB | 180/502 kB | 86/340 kB | 49/282 kBProgress (4): 209 kB | 180/502 kB | 90/340 kB | 49/282 kBProgress (4): 209 kB | 180/502 kB | 94/340 kB | 49/282 kBProgress (4): 209 kB | 184/502 kB | 94/340 kB | 49/282 kBProgress (4): 209 kB | 188/502 kB | 94/340 kB | 49/282 kBProgress (5): 209 kB | 188/502 kB | 94/340 kB | 49/282 kB | 4.1/64 kBProgress (5): 209 kB | 192/502 kB | 94/340 kB | 49/282 kB | 4.1/64 kBProgress (5): 209 kB | 196/502 kB | 94/340 kB | 49/282 kB | 4.1/64 kBProgress (5): 209 kB | 196/502 kB | 94/340 kB | 49/282 kB | 8.2/64 kBProgress (5): 209 kB | 196/502 kB | 94/340 kB | 49/282 kB | 12/64 kB Progress (5): 209 kB | 196/502 kB | 94/340 kB | 49/282 kB | 16/64 kBProgress (5): 209 kB | 196/502 kB | 94/340 kB | 49/282 kB | 20/64 kBProgress (5): 209 kB | 196/502 kB | 94/340 kB | 49/282 kB | 25/64 kBProgress (5): 209 kB | 196/502 kB | 98/340 kB | 49/282 kB | 25/64 kBProgress (5): 209 kB | 196/502 kB | 98/340 kB | 49/282 kB | 29/64 kBProgress (5): 209 kB | 196/502 kB | 102/340 kB | 49/282 kB | 29/64 kBProgress (5): 209 kB | 196/502 kB | 102/340 kB | 49/282 kB | 33/64 kBProgress (5): 209 kB | 196/502 kB | 106/340 kB | 49/282 kB | 33/64 kBProgress (5): 209 kB | 196/502 kB | 111/340 kB | 49/282 kB | 33/64 kBProgress (5): 209 kB | 196/502 kB | 111/340 kB | 49/282 kB | 37/64 kBProgress (5): 209 kB | 196/502 kB | 111/340 kB | 49/282 kB | 41/64 kBProgress (5): 209 kB | 196/502 kB | 111/340 kB | 49/282 kB | 45/64 kBProgress (5): 209 kB | 196/502 kB | 111/340 kB | 49/282 kB | 49/64 kBProgress (5): 209 kB | 196/502 kB | 111/340 kB | 49/282 kB | 53/64 kBProgress (5): 209 kB | 196/502 kB | 111/340 kB | 49/282 kB | 57/64 kBProgress (5): 209 kB | 196/502 kB | 111/340 kB | 49/282 kB | 61/64 kBProgress (5): 209 kB | 196/502 kB | 111/340 kB | 49/282 kB | 64 kB   Progress (5): 209 kB | 200/502 kB | 111/340 kB | 49/282 kB | 64 kBProgress (5): 209 kB | 200/502 kB | 111/340 kB | 53/282 kB | 64 kBProgress (5): 209 kB | 205/502 kB | 111/340 kB | 53/282 kB | 64 kBProgress (5): 209 kB | 205/502 kB | 111/340 kB | 57/282 kB | 64 kBProgress (5): 209 kB | 209/502 kB | 111/340 kB | 57/282 kB | 64 kBProgress (5): 209 kB | 209/502 kB | 111/340 kB | 61/282 kB | 64 kBProgress (5): 209 kB | 213/502 kB | 111/340 kB | 61/282 kB | 64 kBProgress (5): 209 kB | 213/502 kB | 111/340 kB | 65/282 kB | 64 kBProgress (5): 209 kB | 213/502 kB | 115/340 kB | 65/282 kB | 64 kBProgress (5): 209 kB | 213/502 kB | 119/340 kB | 65/282 kB | 64 kBProgress (5): 209 kB | 213/502 kB | 123/340 kB | 65/282 kB | 64 kBProgress (5): 209 kB | 213/502 kB | 127/340 kB | 65/282 kB | 64 kBProgress (5): 209 kB | 217/502 kB | 127/340 kB | 65/282 kB | 64 kBProgress (5): 209 kB | 221/502 kB | 127/340 kB | 65/282 kB | 64 kBProgress (5): 209 kB | 225/502 kB | 127/340 kB | 65/282 kB | 64 kBProgress (5): 209 kB | 225/502 kB | 131/340 kB | 65/282 kB | 64 kBProgress (5): 209 kB | 229/502 kB | 131/340 kB | 65/282 kB | 64 kBProgress (5): 209 kB | 229/502 kB | 135/340 kB | 65/282 kB | 64 kBProgress (5): 209 kB | 229/502 kB | 139/340 kB | 65/282 kB | 64 kBProgress (5): 209 kB | 229/502 kB | 143/340 kB | 65/282 kB | 64 kBProgress (5): 209 kB | 229/502 kB | 143/340 kB | 69/282 kB | 64 kBProgress (5): 209 kB | 229/502 kB | 143/340 kB | 73/282 kB | 64 kBProgress (5): 209 kB | 229/502 kB | 143/340 kB | 77/282 kB | 64 kBProgress (5): 209 kB | 229/502 kB | 143/340 kB | 81/282 kB | 64 kBProgress (5): 209 kB | 233/502 kB | 143/340 kB | 81/282 kB | 64 kBProgress (5): 209 kB | 237/502 kB | 143/340 kB | 81/282 kB | 64 kBProgress (5): 209 kB | 237/502 kB | 147/340 kB | 81/282 kB | 64 kBProgress (5): 209 kB | 241/502 kB | 147/340 kB | 81/282 kB | 64 kBProgress (5): 209 kB | 241/502 kB | 152/340 kB | 81/282 kB | 64 kBProgress (5): 209 kB | 245/502 kB | 152/340 kB | 81/282 kB | 64 kBProgress (5): 209 kB | 245/502 kB | 156/340 kB | 81/282 kB | 64 kBProgress (5): 209 kB | 245/502 kB | 160/340 kB | 81/282 kB | 64 kBProgress (5): 209 kB | 250/502 kB | 160/340 kB | 81/282 kB | 64 kBProgress (5): 209 kB | 250/502 kB | 164/340 kB | 81/282 kB | 64 kBProgress (5): 209 kB | 250/502 kB | 164/340 kB | 85/282 kB | 64 kBProgress (5): 209 kB | 254/502 kB | 164/340 kB | 85/282 kB | 64 kBProgress (5): 209 kB | 254/502 kB | 164/340 kB | 90/282 kB | 64 kBProgress (5): 209 kB | 254/502 kB | 168/340 kB | 90/282 kB | 64 kBProgress (5): 209 kB | 254/502 kB | 168/340 kB | 94/282 kB | 64 kBProgress (5): 209 kB | 258/502 kB | 168/340 kB | 94/282 kB | 64 kBProgress (5): 209 kB | 258/502 kB | 168/340 kB | 98/282 kB | 64 kBProgress (5): 209 kB | 258/502 kB | 172/340 kB | 98/282 kB | 64 kBProgress (5): 209 kB | 262/502 kB | 172/340 kB | 98/282 kB | 64 kBProgress (5): 209 kB | 262/502 kB | 176/340 kB | 98/282 kB | 64 kBProgress (5): 209 kB | 262/502 kB | 176/340 kB | 102/282 kB | 64 kBProgress (5): 209 kB | 266/502 kB | 176/340 kB | 102/282 kB | 64 kBProgress (5): 209 kB | 266/502 kB | 176/340 kB | 106/282 kB | 64 kBProgress (5): 209 kB | 266/502 kB | 180/340 kB | 106/282 kB | 64 kBProgress (5): 209 kB | 266/502 kB | 180/340 kB | 110/282 kB | 64 kBProgress (5): 209 kB | 270/502 kB | 180/340 kB | 110/282 kB | 64 kBProgress (5): 209 kB | 270/502 kB | 180/340 kB | 114/282 kB | 64 kBProgress (5): 209 kB | 274/502 kB | 180/340 kB | 114/282 kB | 64 kBProgress (5): 209 kB | 274/502 kB | 184/340 kB | 114/282 kB | 64 kBProgress (5): 209 kB | 278/502 kB | 184/340 kB | 114/282 kB | 64 kBProgress (5): 209 kB | 278/502 kB | 188/340 kB | 114/282 kB | 64 kBProgress (5): 209 kB | 282/502 kB | 188/340 kB | 114/282 kB | 64 kBProgress (5): 209 kB | 282/502 kB | 193/340 kB | 114/282 kB | 64 kBProgress (5): 209 kB | 286/502 kB | 193/340 kB | 114/282 kB | 64 kBProgress (5): 209 kB | 286/502 kB | 197/340 kB | 114/282 kB | 64 kBProgress (5): 209 kB | 291/502 kB | 197/340 kB | 114/282 kB | 64 kBProgress (5): 209 kB | 291/502 kB | 201/340 kB | 114/282 kB | 64 kBProgress (5): 209 kB | 295/502 kB | 201/340 kB | 114/282 kB | 64 kBProgress (5): 209 kB | 295/502 kB | 205/340 kB | 114/282 kB | 64 kBProgress (5): 209 kB | 299/502 kB | 205/340 kB | 114/282 kB | 64 kBProgress (5): 209 kB | 299/502 kB | 209/340 kB | 114/282 kB | 64 kBProgress (5): 209 kB | 303/502 kB | 209/340 kB | 114/282 kB | 64 kBProgress (5): 209 kB | 303/502 kB | 213/340 kB | 114/282 kB | 64 kBProgress (5): 209 kB | 307/502 kB | 213/340 kB | 114/282 kB | 64 kBProgress (5): 209 kB | 307/502 kB | 217/340 kB | 114/282 kB | 64 kBProgress (5): 209 kB | 311/502 kB | 217/340 kB | 114/282 kB | 64 kBProgress (5): 209 kB | 311/502 kB | 221/340 kB | 114/282 kB | 64 kBProgress (5): 209 kB | 311/502 kB | 225/340 kB | 114/282 kB | 64 kBProgress (5): 209 kB | 311/502 kB | 229/340 kB | 114/282 kB | 64 kBProgress (5): 209 kB | 311/502 kB | 229/340 kB | 118/282 kB | 64 kBProgress (5): 209 kB | 311/502 kB | 233/340 kB | 118/282 kB | 64 kBProgress (5): 209 kB | 311/502 kB | 233/340 kB | 122/282 kB | 64 kBProgress (5): 209 kB | 311/502 kB | 238/340 kB | 122/282 kB | 64 kBProgress (5): 209 kB | 311/502 kB | 238/340 kB | 126/282 kB | 64 kBProgress (5): 209 kB | 311/502 kB | 242/340 kB | 126/282 kB | 64 kBProgress (5): 209 kB | 311/502 kB | 242/340 kB | 130/282 kB | 64 kB                                                                   Downloaded from central: https://repo.maven.apache.org/maven2/commons-io/commons-io/2.5/commons-io-2.5.jar (209 kB at 72 kB/s)
Downloading from central: https://repo.maven.apache.org/maven2/org/apache/maven/resolver/maven-resolver-util/1.4.1/maven-resolver-util-1.4.1.jar
Progress (4): 311/502 kB | 246/340 kB | 130/282 kB | 64 kBProgress (4): 315/502 kB | 246/340 kB | 130/282 kB | 64 kBProgress (4): 315/502 kB | 250/340 kB | 130/282 kB | 64 kBProgress (4): 319/502 kB | 250/340 kB | 130/282 kB | 64 kBProgress (4): 319/502 kB | 254/340 kB | 130/282 kB | 64 kBProgress (4): 319/502 kB | 254/340 kB | 135/282 kB | 64 kBProgress (4): 323/502 kB | 254/340 kB | 135/282 kB | 64 kBProgress (4): 323/502 kB | 258/340 kB | 135/282 kB | 64 kBProgress (4): 327/502 kB | 258/340 kB | 135/282 kB | 64 kBProgress (4): 327/502 kB | 258/340 kB | 139/282 kB | 64 kBProgress (4): 327/502 kB | 262/340 kB | 139/282 kB | 64 kBProgress (4): 327/502 kB | 262/340 kB | 142/282 kB | 64 kBProgress (4): 332/502 kB | 262/340 kB | 142/282 kB | 64 kBProgress (4): 332/502 kB | 266/340 kB | 142/282 kB | 64 kBProgress (4): 336/502 kB | 266/340 kB | 142/282 kB | 64 kBProgress (4): 336/502 kB | 270/340 kB | 142/282 kB | 64 kBProgress (4): 340/502 kB | 270/340 kB | 142/282 kB | 64 kBProgress (4): 340/502 kB | 274/340 kB | 142/282 kB | 64 kBProgress (4): 344/502 kB | 274/340 kB | 142/282 kB | 64 kB                                                          Downloaded from central: https://repo.maven.apache.org/maven2/org/apache/maven/shared/maven-dependency-tree/2.2/maven-dependency-tree-2.2.jar (64 kB at 22 kB/s)
Downloading from central: https://repo.maven.apache.org/maven2/org/apache/maven/resolver/maven-resolver-api/1.4.1/maven-resolver-api-1.4.1.jar
Progress (3): 344/502 kB | 279/340 kB | 142/282 kBProgress (3): 344/502 kB | 283/340 kB | 142/282 kBProgress (3): 344/502 kB | 287/340 kB | 142/282 kBProgress (3): 344/502 kB | 291/340 kB | 142/282 kBProgress (3): 348/502 kB | 291/340 kB | 142/282 kBProgress (3): 352/502 kB | 291/340 kB | 142/282 kBProgress (3): 356/502 kB | 291/340 kB | 142/282 kBProgress (3): 360/502 kB | 291/340 kB | 142/282 kBProgress (3): 360/502 kB | 291/340 kB | 146/282 kBProgress (3): 360/502 kB | 291/340 kB | 150/282 kBProgress (3): 360/502 kB | 291/340 kB | 154/282 kBProgress (3): 360/502 kB | 291/340 kB | 158/282 kBProgress (3): 360/502 kB | 295/340 kB | 158/282 kBProgress (3): 360/502 kB | 299/340 kB | 158/282 kBProgress (3): 364/502 kB | 299/340 kB | 158/282 kBProgress (3): 364/502 kB | 303/340 kB | 158/282 kBProgress (3): 368/502 kB | 303/340 kB | 158/282 kBProgress (3): 368/502 kB | 307/340 kB | 158/282 kBProgress (3): 372/502 kB | 307/340 kB | 158/282 kBProgress (3): 377/502 kB | 307/340 kB | 158/282 kBProgress (3): 377/502 kB | 311/340 kB | 158/282 kBProgress (3): 377/502 kB | 315/340 kB | 158/282 kBProgress (3): 377/502 kB | 319/340 kB | 158/282 kBProgress (3): 377/502 kB | 319/340 kB | 163/282 kBProgress (3): 377/502 kB | 324/340 kB | 163/282 kBProgress (3): 377/502 kB | 324/340 kB | 167/282 kBProgress (3): 377/502 kB | 324/340 kB | 171/282 kBProgress (3): 377/502 kB | 324/340 kB | 175/282 kBProgress (3): 381/502 kB | 324/340 kB | 175/282 kBProgress (3): 385/502 kB | 324/340 kB | 175/282 kBProgress (3): 389/502 kB | 324/340 kB | 175/282 kBProgress (3): 393/502 kB | 324/340 kB | 175/282 kBProgress (3): 393/502 kB | 328/340 kB | 175/282 kBProgress (3): 393/502 kB | 332/340 kB | 175/282 kBProgress (3): 393/502 kB | 336/340 kB | 175/282 kBProgress (3): 393/502 kB | 340 kB | 175/282 kB    Progress (3): 397/502 kB | 340 kB | 175/282 kBProgress (3): 401/502 kB | 340 kB | 175/282 kBProgress (3): 405/502 kB | 340 kB | 175/282 kBProgress (3): 409/502 kB | 340 kB | 175/282 kBProgress (3): 409/502 kB | 340 kB | 179/282 kBProgress (3): 409/502 kB | 340 kB | 183/282 kBProgress (3): 409/502 kB | 340 kB | 187/282 kBProgress (3): 409/502 kB | 340 kB | 191/282 kBProgress (3): 413/502 kB | 340 kB | 191/282 kBProgress (3): 418/502 kB | 340 kB | 191/282 kBProgress (3): 422/502 kB | 340 kB | 191/282 kBProgress (3): 426/502 kB | 340 kB | 191/282 kBProgress (3): 426/502 kB | 340 kB | 195/282 kBProgress (3): 426/502 kB | 340 kB | 199/282 kBProgress (3): 426/502 kB | 340 kB | 203/282 kBProgress (3): 426/502 kB | 340 kB | 208/282 kBProgress (3): 430/502 kB | 340 kB | 208/282 kBProgress (4): 430/502 kB | 340 kB | 208/282 kB | 4.1/149 kBProgress (4): 434/502 kB | 340 kB | 208/282 kB | 4.1/149 kBProgress (4): 434/502 kB | 340 kB | 212/282 kB | 4.1/149 kBProgress (4): 438/502 kB | 340 kB | 212/282 kB | 4.1/149 kBProgress (5): 438/502 kB | 340 kB | 212/282 kB | 4.1/149 kB | 4.1/168 kBProgress (5): 442/502 kB | 340 kB | 212/282 kB | 4.1/149 kB | 4.1/168 kBProgress (5): 442/502 kB | 340 kB | 216/282 kB | 4.1/149 kB | 4.1/168 kBProgress (5): 442/502 kB | 340 kB | 216/282 kB | 8.2/149 kB | 4.1/168 kBProgress (5): 442/502 kB | 340 kB | 220/282 kB | 8.2/149 kB | 4.1/168 kBProgress (5): 442/502 kB | 340 kB | 220/282 kB | 12/149 kB | 4.1/168 kB Progress (5): 442/502 kB | 340 kB | 224/282 kB | 12/149 kB | 4.1/168 kBProgress (5): 446/502 kB | 340 kB | 224/282 kB | 12/149 kB | 4.1/168 kBProgress (5): 446/502 kB | 340 kB | 224/282 kB | 12/149 kB | 8.2/168 kBProgress (5): 446/502 kB | 340 kB | 224/282 kB | 16/149 kB | 8.2/168 kBProgress (5): 450/502 kB | 340 kB | 224/282 kB | 16/149 kB | 8.2/168 kBProgress (5): 450/502 kB | 340 kB | 224/282 kB | 16/149 kB | 12/168 kB Progress (5): 454/502 kB | 340 kB | 224/282 kB | 16/149 kB | 12/168 kBProgress (5): 454/502 kB | 340 kB | 224/282 kB | 16/149 kB | 16/168 kBProgress (5): 454/502 kB | 340 kB | 224/282 kB | 20/149 kB | 16/168 kBProgress (5): 454/502 kB | 340 kB | 224/282 kB | 20/149 kB | 20/168 kBProgress (5): 458/502 kB | 340 kB | 224/282 kB | 20/149 kB | 20/168 kBProgress (5): 458/502 kB | 340 kB | 224/282 kB | 20/149 kB | 25/168 kBProgress (5): 458/502 kB | 340 kB | 224/282 kB | 25/149 kB | 25/168 kBProgress (5): 458/502 kB | 340 kB | 224/282 kB | 25/149 kB | 29/168 kBProgress (5): 463/502 kB | 340 kB | 224/282 kB | 25/149 kB | 29/168 kBProgress (5): 463/502 kB | 340 kB | 224/282 kB | 29/149 kB | 29/168 kBProgress (5): 467/502 kB | 340 kB | 224/282 kB | 29/149 kB | 29/168 kBProgress (5): 467/502 kB | 340 kB | 224/282 kB | 29/149 kB | 33/168 kBProgress (5): 471/502 kB | 340 kB | 224/282 kB | 29/149 kB | 33/168 kBProgress (5): 471/502 kB | 340 kB | 224/282 kB | 33/149 kB | 33/168 kBProgress (5): 475/502 kB | 340 kB | 224/282 kB | 33/149 kB | 33/168 kBProgress (5): 475/502 kB | 340 kB | 224/282 kB | 33/149 kB | 37/168 kBProgress (5): 475/502 kB | 340 kB | 224/282 kB | 33/149 kB | 41/168 kBProgress (5): 475/502 kB | 340 kB | 224/282 kB | 33/149 kB | 45/168 kBProgress (5): 475/502 kB | 340 kB | 224/282 kB | 37/149 kB | 45/168 kBProgress (5): 475/502 kB | 340 kB | 224/282 kB | 37/149 kB | 49/168 kBProgress (5): 475/502 kB | 340 kB | 224/282 kB | 41/149 kB | 49/168 kBProgress (5): 475/502 kB | 340 kB | 224/282 kB | 41/149 kB | 53/168 kBProgress (5): 475/502 kB | 340 kB | 224/282 kB | 45/149 kB | 53/168 kBProgress (5): 475/502 kB | 340 kB | 224/282 kB | 45/149 kB | 57/168 kBProgress (5): 475/502 kB | 340 kB | 224/282 kB | 49/149 kB | 57/168 kBProgress (5): 475/502 kB | 340 kB | 224/282 kB | 49/149 kB | 61/168 kBProgress (5): 475/502 kB | 340 kB | 224/282 kB | 49/149 kB | 64/168 kBProgress (5): 475/502 kB | 340 kB | 224/282 kB | 49/149 kB | 68/168 kBProgress (5): 475/502 kB | 340 kB | 224/282 kB | 49/149 kB | 72/168 kBProgress (5): 475/502 kB | 340 kB | 224/282 kB | 49/149 kB | 76/168 kBProgress (5): 475/502 kB | 340 kB | 224/282 kB | 49/149 kB | 81/168 kBProgress (5): 475/502 kB | 340 kB | 224/282 kB | 49/149 kB | 85/168 kBProgress (5): 475/502 kB | 340 kB | 224/282 kB | 49/149 kB | 89/168 kBProgress (5): 475/502 kB | 340 kB | 224/282 kB | 49/149 kB | 93/168 kBProgress (5): 475/502 kB | 340 kB | 224/282 kB | 49/149 kB | 97/168 kBProgress (5): 475/502 kB | 340 kB | 224/282 kB | 49/149 kB | 101/168 kBProgress (5): 475/502 kB | 340 kB | 224/282 kB | 49/149 kB | 105/168 kBProgress (5): 475/502 kB | 340 kB | 224/282 kB | 49/149 kB | 109/168 kBProgress (5): 479/502 kB | 340 kB | 224/282 kB | 49/149 kB | 109/168 kBProgress (5): 479/502 kB | 340 kB | 224/282 kB | 49/149 kB | 113/168 kBProgress (5): 479/502 kB | 340 kB | 228/282 kB | 49/149 kB | 113/168 kBProgress (5): 483/502 kB | 340 kB | 228/282 kB | 49/149 kB | 113/168 kBProgress (5): 483/502 kB | 340 kB | 232/282 kB | 49/149 kB | 113/168 kBProgress (5): 483/502 kB | 340 kB | 232/282 kB | 53/149 kB | 113/168 kBProgress (5): 483/502 kB | 340 kB | 236/282 kB | 53/149 kB | 113/168 kBProgress (5): 487/502 kB | 340 kB | 236/282 kB | 53/149 kB | 113/168 kBProgress (5): 487/502 kB | 340 kB | 240/282 kB | 53/149 kB | 113/168 kBProgress (5): 487/502 kB | 340 kB | 240/282 kB | 57/149 kB | 113/168 kBProgress (5): 491/502 kB | 340 kB | 240/282 kB | 57/149 kB | 113/168 kBProgress (5): 491/502 kB | 340 kB | 240/282 kB | 61/149 kB | 113/168 kBProgress (5): 491/502 kB | 340 kB | 240/282 kB | 65/149 kB | 113/168 kBProgress (5): 495/502 kB | 340 kB | 240/282 kB | 65/149 kB | 113/168 kBProgress (5): 499/502 kB | 340 kB | 240/282 kB | 65/149 kB | 113/168 kBProgress (5): 499/502 kB | 340 kB | 240/282 kB | 69/149 kB | 113/168 kBProgress (5): 502 kB | 340 kB | 240/282 kB | 69/149 kB | 113/168 kB    Progress (5): 502 kB | 340 kB | 244/282 kB | 69/149 kB | 113/168 kBProgress (5): 502 kB | 340 kB | 244/282 kB | 73/149 kB | 113/168 kBProgress (5): 502 kB | 340 kB | 249/282 kB | 73/149 kB | 113/168 kBProgress (5): 502 kB | 340 kB | 249/282 kB | 77/149 kB | 113/168 kBProgress (5): 502 kB | 340 kB | 253/282 kB | 77/149 kB | 113/168 kBProgress (5): 502 kB | 340 kB | 253/282 kB | 81/149 kB | 113/168 kBProgress (5): 502 kB | 340 kB | 257/282 kB | 81/149 kB | 113/168 kBProgress (5): 502 kB | 340 kB | 257/282 kB | 85/149 kB | 113/168 kBProgress (5): 502 kB | 340 kB | 257/282 kB | 89/149 kB | 113/168 kBProgress (5): 502 kB | 340 kB | 257/282 kB | 94/149 kB | 113/168 kBProgress (5): 502 kB | 340 kB | 257/282 kB | 98/149 kB | 113/168 kBProgress (5): 502 kB | 340 kB | 261/282 kB | 98/149 kB | 113/168 kBProgress (5): 502 kB | 340 kB | 265/282 kB | 98/149 kB | 113/168 kBProgress (5): 502 kB | 340 kB | 269/282 kB | 98/149 kB | 113/168 kBProgress (5): 502 kB | 340 kB | 273/282 kB | 98/149 kB | 113/168 kB                                                                   Downloaded from central: https://repo.maven.apache.org/maven2/commons-codec/commons-codec/1.12/commons-codec-1.12.jar (340 kB at 104 kB/s)
Downloading from central: https://repo.maven.apache.org/maven2/org/apache/maven/maven-compat/3.0/maven-compat-3.0.jar
Progress (4): 502 kB | 277/282 kB | 98/149 kB | 113/168 kBProgress (4): 502 kB | 281/282 kB | 98/149 kB | 113/168 kBProgress (4): 502 kB | 282 kB | 98/149 kB | 113/168 kB    Progress (4): 502 kB | 282 kB | 102/149 kB | 113/168 kBProgress (4): 502 kB | 282 kB | 106/149 kB | 113/168 kBProgress (4): 502 kB | 282 kB | 110/149 kB | 113/168 kBProgress (4): 502 kB | 282 kB | 114/149 kB | 113/168 kBProgress (4): 502 kB | 282 kB | 118/149 kB | 113/168 kBProgress (4): 502 kB | 282 kB | 122/149 kB | 113/168 kBProgress (4): 502 kB | 282 kB | 126/149 kB | 113/168 kBProgress (4): 502 kB | 282 kB | 130/149 kB | 113/168 kBProgress (4): 502 kB | 282 kB | 135/149 kB | 113/168 kBProgress (4): 502 kB | 282 kB | 139/149 kB | 113/168 kBProgress (4): 502 kB | 282 kB | 143/149 kB | 113/168 kBProgress (4): 502 kB | 282 kB | 147/149 kB | 113/168 kBProgress (4): 502 kB | 282 kB | 149 kB | 113/168 kB    Progress (4): 502 kB | 282 kB | 149 kB | 117/168 kBProgress (4): 502 kB | 282 kB | 149 kB | 122/168 kBProgress (4): 502 kB | 282 kB | 149 kB | 126/168 kBProgress (4): 502 kB | 282 kB | 149 kB | 130/168 kBProgress (4): 502 kB | 282 kB | 149 kB | 134/168 kBProgress (4): 502 kB | 282 kB | 149 kB | 138/168 kBProgress (4): 502 kB | 282 kB | 149 kB | 142/168 kBProgress (4): 502 kB | 282 kB | 149 kB | 146/168 kBProgress (5): 502 kB | 282 kB | 149 kB | 146/168 kB | 4.1/285 kBProgress (5): 502 kB | 282 kB | 149 kB | 150/168 kB | 4.1/285 kBProgress (5): 502 kB | 282 kB | 149 kB | 154/168 kB | 4.1/285 kBProgress (5): 502 kB | 282 kB | 149 kB | 158/168 kB | 4.1/285 kBProgress (5): 502 kB | 282 kB | 149 kB | 158/168 kB | 8.2/285 kBProgress (5): 502 kB | 282 kB | 149 kB | 162/168 kB | 8.2/285 kBProgress (5): 502 kB | 282 kB | 149 kB | 162/168 kB | 12/285 kB Progress (5): 502 kB | 282 kB | 149 kB | 167/168 kB | 12/285 kBProgress (5): 502 kB | 282 kB | 149 kB | 167/168 kB | 16/285 kBProgress (5): 502 kB | 282 kB | 149 kB | 168 kB | 16/285 kB    Progress (5): 502 kB | 282 kB | 149 kB | 168 kB | 20/285 kB                                                           Downloaded from central: https://repo.maven.apache.org/maven2/org/apache/commons/commons-lang3/3.8.1/commons-lang3-3.8.1.jar (502 kB at 141 kB/s)
Downloaded from central: https://repo.maven.apache.org/maven2/org/beanshell/bsh/2.0b4/bsh-2.0b4.jar (282 kB at 79 kB/s)
Downloading from central: https://repo.maven.apache.org/maven2/org/apache/maven/wagon/wagon-provider-api/1.0-beta-6/wagon-provider-api-1.0-beta-6.jar
Progress (3): 149 kB | 168 kB | 25/285 kBProgress (3): 149 kB | 168 kB | 29/285 kBProgress (3): 149 kB | 168 kB | 33/285 kBProgress (3): 149 kB | 168 kB | 37/285 kBProgress (3): 149 kB | 168 kB | 41/285 kBProgress (3): 149 kB | 168 kB | 45/285 kBProgress (3): 149 kB | 168 kB | 49/285 kBProgress (3): 149 kB | 168 kB | 53/285 kBProgress (3): 149 kB | 168 kB | 57/285 kBProgress (3): 149 kB | 168 kB | 61/285 kB                                         Downloaded from central: https://repo.maven.apache.org/maven2/org/apache/maven/resolver/maven-resolver-api/1.4.1/maven-resolver-api-1.4.1.jar (149 kB at 41 kB/s)
Progress (2): 168 kB | 66/285 kBProgress (2): 168 kB | 70/285 kBProgress (2): 168 kB | 74/285 kBProgress (2): 168 kB | 78/285 kBProgress (2): 168 kB | 82/285 kBProgress (2): 168 kB | 86/285 kBProgress (2): 168 kB | 90/285 kBProgress (2): 168 kB | 94/285 kBProgress (2): 168 kB | 98/285 kBProgress (2): 168 kB | 102/285 kBProgress (2): 168 kB | 106/285 kBProgress (2): 168 kB | 111/285 kBProgress (2): 168 kB | 115/285 kBProgress (2): 168 kB | 119/285 kBProgress (2): 168 kB | 123/285 kBProgress (2): 168 kB | 127/285 kBProgress (2): 168 kB | 131/285 kBProgress (2): 168 kB | 135/285 kBProgress (2): 168 kB | 139/285 kBProgress (2): 168 kB | 143/285 kBProgress (2): 168 kB | 147/285 kBProgress (2): 168 kB | 152/285 kBProgress (2): 168 kB | 156/285 kBProgress (2): 168 kB | 160/285 kBProgress (2): 168 kB | 164/285 kBProgress (2): 168 kB | 168/285 kBProgress (2): 168 kB | 172/285 kBProgress (2): 168 kB | 176/285 kBProgress (3): 168 kB | 176/285 kB | 4.1/53 kBProgress (3): 168 kB | 176/285 kB | 8.2/53 kBProgress (3): 168 kB | 176/285 kB | 12/53 kB Progress (3): 168 kB | 176/285 kB | 16/53 kB                                            Downloaded from central: https://repo.maven.apache.org/maven2/org/apache/maven/resolver/maven-resolver-util/1.4.1/maven-resolver-util-1.4.1.jar (168 kB at 44 kB/s)
Progress (2): 180/285 kB | 16/53 kBProgress (2): 184/285 kB | 16/53 kBProgress (2): 188/285 kB | 16/53 kBProgress (2): 193/285 kB | 16/53 kBProgress (2): 197/285 kB | 16/53 kBProgress (2): 197/285 kB | 20/53 kBProgress (2): 201/285 kB | 20/53 kBProgress (2): 201/285 kB | 25/53 kBProgress (2): 205/285 kB | 25/53 kBProgress (2): 205/285 kB | 29/53 kBProgress (2): 209/285 kB | 29/53 kBProgress (2): 209/285 kB | 33/53 kBProgress (2): 213/285 kB | 33/53 kBProgress (2): 213/285 kB | 37/53 kBProgress (2): 217/285 kB | 37/53 kBProgress (2): 217/285 kB | 41/53 kBProgress (2): 221/285 kB | 41/53 kBProgress (2): 221/285 kB | 45/53 kBProgress (2): 225/285 kB | 45/53 kBProgress (2): 225/285 kB | 49/53 kBProgress (2): 229/285 kB | 49/53 kBProgress (2): 229/285 kB | 53 kB   Progress (2): 233/285 kB | 53 kBProgress (2): 238/285 kB | 53 kBProgress (2): 242/285 kB | 53 kBProgress (2): 246/285 kB | 53 kBProgress (2): 250/285 kB | 53 kBProgress (2): 254/285 kB | 53 kBProgress (2): 258/285 kB | 53 kBProgress (2): 262/285 kB | 53 kBProgress (2): 266/285 kB | 53 kBProgress (2): 270/285 kB | 53 kBProgress (2): 274/285 kB | 53 kBProgress (2): 279/285 kB | 53 kBProgress (2): 283/285 kB | 53 kBProgress (2): 285 kB | 53 kB                                Downloaded from central: https://repo.maven.apache.org/maven2/org/apache/maven/wagon/wagon-provider-api/1.0-beta-6/wagon-provider-api-1.0-beta-6.jar (53 kB at 13 kB/s)
Downloaded from central: https://repo.maven.apache.org/maven2/org/apache/maven/maven-compat/3.0/maven-compat-3.0.jar (285 kB at 68 kB/s)
[INFO] 
[INFO] --- maven-resources-plugin:3.3.1:resources (default-resources) @ spring-boot-rest-controller-unit-test ---
[INFO] Copying 1 resource from src/main/resources to target/classes
[INFO] Copying 0 resource from src/main/resources to target/classes
[INFO] 
[INFO] --- maven-compiler-plugin:3.11.0:compile (default-compile) @ spring-boot-rest-controller-unit-test ---
[INFO] Nothing to compile - all classes are up to date
[INFO] 
[INFO] --- maven-resources-plugin:3.3.1:testResources (default-testResources) @ spring-boot-rest-controller-unit-test ---
[INFO] skip non existing resourceDirectory /var/jenkins_home/workspace/bezkoder-spring-boot-unit-test-rest-controller/src/test/resources
[INFO] 
[INFO] --- maven-compiler-plugin:3.11.0:testCompile (default-testCompile) @ spring-boot-rest-controller-unit-test ---
[INFO] Nothing to compile - all classes are up to date
[INFO] 
[INFO] --- maven-surefire-plugin:3.0.0:test (default-test) @ spring-boot-rest-controller-unit-test ---
[INFO] Using auto detected provider org.apache.maven.surefire.junitplatform.JUnitPlatformProvider
[INFO] 
[INFO] -------------------------------------------------------
[INFO]  T E S T S
[INFO] -------------------------------------------------------
[INFO] Running com.bezkoder.spring.test.SpringBootRestControllerUnitTestApplicationTests
08:56:40.425 [main] INFO org.springframework.test.context.support.AnnotationConfigContextLoaderUtils -- Could not detect default configuration classes for test class [com.bezkoder.spring.test.SpringBootRestControllerUnitTestApplicationTests]: SpringBootRestControllerUnitTestApplicationTests does not declare any static, non-private, non-final, nested classes annotated with @Configuration.
08:56:41.964 [main] INFO org.springframework.boot.test.context.SpringBootTestContextBootstrapper -- Found @SpringBootConfiguration com.bezkoder.spring.test.SpringBootRestControllerUnitTestApplication for test class com.bezkoder.spring.test.SpringBootRestControllerUnitTestApplicationTests

  .   ____          _            __ _ _
 /\\ / ___'_ __ _ _(_)_ __  __ _ \ \ \ \
( ( )\___ | '_ | '_| | '_ \/ _` | \ \ \ \
 \\/  ___)| |_)| | | | | || (_| |  ) ) ) )
  '  |____| .__|_| |_|_| |_\__, | / / / /
 =========|_|==============|___/=/_/_/_/
 :: Spring Boot ::                (v3.1.0)

2025-07-08T08:56:45.756Z  INFO 822 --- [           main] otRestControllerUnitTestApplicationTests : Starting SpringBootRestControllerUnitTestApplicationTests using Java 21.0.7 with PID 822 (started by jenkins in /var/jenkins_home/workspace/bezkoder-spring-boot-unit-test-rest-controller)
2025-07-08T08:56:45.764Z  INFO 822 --- [           main] otRestControllerUnitTestApplicationTests : No active profile set, falling back to 1 default profile: "default"
2025-07-08T08:56:51.206Z  INFO 822 --- [           main] .s.d.r.c.RepositoryConfigurationDelegate : Bootstrapping Spring Data JPA repositories in DEFAULT mode.
2025-07-08T08:56:51.798Z  INFO 822 --- [           main] .s.d.r.c.RepositoryConfigurationDelegate : Finished Spring Data repository scanning in 524 ms. Found 1 JPA repository interfaces.
2025-07-08T08:56:55.390Z  INFO 822 --- [           main] o.hibernate.jpa.internal.util.LogHelper  : HHH000204: Processing PersistenceUnitInfo [name: default]
2025-07-08T08:56:56.242Z  INFO 822 --- [           main] org.hibernate.Version                    : HHH000412: Hibernate ORM core version 6.2.2.Final
2025-07-08T08:56:56.265Z  INFO 822 --- [           main] org.hibernate.cfg.Environment            : HHH000406: Using bytecode reflection optimizer
2025-07-08T08:56:58.212Z  INFO 822 --- [           main] o.h.b.i.BytecodeProviderInitiator        : HHH000021: Bytecode provider name : bytebuddy
2025-07-08T08:56:59.986Z  INFO 822 --- [           main] o.s.o.j.p.SpringPersistenceUnitInfo      : No LoadTimeWeaver setup: ignoring JPA class transformer
2025-07-08T08:57:00.192Z  INFO 822 --- [           main] com.zaxxer.hikari.HikariDataSource       : HikariPool-1 - Starting...
2025-07-08T08:57:02.656Z  INFO 822 --- [           main] com.zaxxer.hikari.pool.HikariPool        : HikariPool-1 - Added connection conn0: url=jdbc:h2:mem:testdb user=SA
2025-07-08T08:57:02.680Z  INFO 822 --- [           main] com.zaxxer.hikari.HikariDataSource       : HikariPool-1 - Start completed.
2025-07-08T08:57:03.071Z  INFO 822 --- [           main] org.hibernate.orm.dialect                : HHH035001: Using dialect: org.hibernate.dialect.H2Dialect, version: 2.1.214
2025-07-08T08:57:06.181Z  INFO 822 --- [           main] o.h.b.i.BytecodeProviderInitiator        : HHH000021: Bytecode provider name : bytebuddy
2025-07-08T08:57:13.138Z  INFO 822 --- [           main] o.h.e.t.j.p.i.JtaPlatformInitiator       : HHH000490: Using JtaPlatform implementation: [org.hibernate.engine.transaction.jta.platform.internal.NoJtaPlatform]
Hibernate: create table tutorials (id bigint not null, description varchar(255), published boolean, title varchar(255), primary key (id))
Hibernate: create sequence tutorials_seq start with 1 increment by 50
2025-07-08T08:57:13.564Z  INFO 822 --- [           main] j.LocalContainerEntityManagerFactoryBean : Initialized JPA EntityManagerFactory for persistence unit 'default'
2025-07-08T08:57:17.244Z  WARN 822 --- [           main] JpaBaseConfiguration$JpaWebConfiguration : spring.jpa.open-in-view is enabled by default. Therefore, database queries may be performed during view rendering. Explicitly configure spring.jpa.open-in-view to disable this warning
2025-07-08T08:57:20.357Z  INFO 822 --- [           main] o.s.b.a.h2.H2ConsoleAutoConfiguration    : H2 console available at '/h2-ui'. Database available at 'jdbc:h2:mem:testdb'
2025-07-08T08:57:20.522Z  INFO 822 --- [           main] otRestControllerUnitTestApplicationTests : Started SpringBootRestControllerUnitTestApplicationTests in 36.75 seconds (process running for 48.551)
WARNING: A Java agent has been loaded dynamically (/var/jenkins_home/.m2/repository/net/bytebuddy/byte-buddy-agent/1.14.4/byte-buddy-agent-1.14.4.jar)
WARNING: If a serviceability tool is in use, please run with -XX:+EnableDynamicAgentLoading to hide this warning
WARNING: If a serviceability tool is not in use, please run with -Djdk.instrument.traceUsage for more information
WARNING: Dynamic loading of agents will be disallowed by default in a future release
[INFO] Tests run: 1, Failures: 0, Errors: 0, Skipped: 0, Time elapsed: 45.367 s - in com.bezkoder.spring.test.SpringBootRestControllerUnitTestApplicationTests
[INFO] Running com.bezkoder.spring.test.TutorialControllerTests
2025-07-08T08:57:23.907Z  INFO 822 --- [           main] t.c.s.AnnotationConfigContextLoaderUtils : Could not detect default configuration classes for test class [com.bezkoder.spring.test.TutorialControllerTests]: TutorialControllerTests does not declare any static, non-private, non-final, nested classes annotated with @Configuration.
2025-07-08T08:57:24.000Z  INFO 822 --- [           main] .b.t.c.SpringBootTestContextBootstrapper : Found @SpringBootConfiguration com.bezkoder.spring.test.SpringBootRestControllerUnitTestApplication for test class com.bezkoder.spring.test.TutorialControllerTests

  .   ____          _            __ _ _
 /\\ / ___'_ __ _ _(_)_ __  __ _ \ \ \ \
( ( )\___ | '_ | '_| | '_ \/ _` | \ \ \ \
 \\/  ___)| |_)| | | | | || (_| |  ) ) ) )
  '  |____| .__|_| |_|_| |_\__, | / / / /
 =========|_|==============|___/=/_/_/_/
 :: Spring Boot ::                (v3.1.0)

2025-07-08T08:57:24.172Z  INFO 822 --- [           main] c.b.spring.test.TutorialControllerTests  : Starting TutorialControllerTests using Java 21.0.7 with PID 822 (started by jenkins in /var/jenkins_home/workspace/bezkoder-spring-boot-unit-test-rest-controller)
2025-07-08T08:57:24.173Z  INFO 822 --- [           main] c.b.spring.test.TutorialControllerTests  : No active profile set, falling back to 1 default profile: "default"
2025-07-08T08:57:27.385Z  INFO 822 --- [           main] o.s.b.t.m.w.SpringBootMockServletContext : Initializing Spring TestDispatcherServlet ''
2025-07-08T08:57:27.387Z  INFO 822 --- [           main] o.s.t.web.servlet.TestDispatcherServlet  : Initializing Servlet ''
2025-07-08T08:57:27.395Z  INFO 822 --- [           main] o.s.t.web.servlet.TestDispatcherServlet  : Completed initialization in 2 ms
2025-07-08T08:57:27.423Z  INFO 822 --- [           main] c.b.spring.test.TutorialControllerTests  : Started TutorialControllerTests in 3.414 seconds (process running for 55.452)

MockHttpServletRequest:
      HTTP Method = GET
      Request URI = /api/tutorials/1
       Parameters = {}
          Headers = []
             Body = null
    Session Attrs = {}

Handler:
             Type = com.bezkoder.spring.test.controller.TutorialController
           Method = com.bezkoder.spring.test.controller.TutorialController#getTutorialById(long)

Async:
    Async started = false
     Async result = null

Resolved Exception:
             Type = null

ModelAndView:
        View name = null
             View = null
            Model = null

FlashMap:
       Attributes = null

MockHttpServletResponse:
           Status = 200
    Error message = null
          Headers = [Vary:"Origin", "Access-Control-Request-Method", "Access-Control-Request-Headers", Content-Type:"application/json"]
     Content type = application/json
             Body = {"id":1,"title":"Spring Boot @WebMvcTest","description":"Description","published":true}
    Forwarded URL = null
   Redirected URL = null
          Cookies = []

MockHttpServletRequest:
      HTTP Method = GET
      Request URI = /api/tutorials
       Parameters = {title=[BezKoder]}
          Headers = []
             Body = null
    Session Attrs = {}

Handler:
             Type = com.bezkoder.spring.test.controller.TutorialController
           Method = com.bezkoder.spring.test.controller.TutorialController#getAllTutorials(String)

Async:
    Async started = false
     Async result = null

Resolved Exception:
             Type = null

ModelAndView:
        View name = null
             View = null
            Model = null

FlashMap:
       Attributes = null

MockHttpServletResponse:
           Status = 204
    Error message = null
          Headers = [Vary:"Origin", "Access-Control-Request-Method", "Access-Control-Request-Headers"]
     Content type = null
             Body = 
    Forwarded URL = null
   Redirected URL = null
          Cookies = []

MockHttpServletRequest:
      HTTP Method = GET
      Request URI = /api/tutorials
       Parameters = {title=[Boot]}
          Headers = []
             Body = null
    Session Attrs = {}

Handler:
             Type = com.bezkoder.spring.test.controller.TutorialController
           Method = com.bezkoder.spring.test.controller.TutorialController#getAllTutorials(String)

Async:
    Async started = false
     Async result = null

Resolved Exception:
             Type = null

ModelAndView:
        View name = null
             View = null
            Model = null

FlashMap:
       Attributes = null

MockHttpServletResponse:
           Status = 200
    Error message = null
          Headers = [Vary:"Origin", "Access-Control-Request-Method", "Access-Control-Request-Headers", Content-Type:"application/json"]
     Content type = application/json
             Body = [{"id":1,"title":"Spring Boot @WebMvcTest","description":"Description 1","published":true},{"id":3,"title":"Spring Boot Web MVC","description":"Description 3","published":true}]
    Forwarded URL = null
   Redirected URL = null
          Cookies = []

MockHttpServletRequest:
      HTTP Method = GET
      Request URI = /api/tutorials/1
       Parameters = {}
          Headers = []
             Body = null
    Session Attrs = {}

Handler:
             Type = com.bezkoder.spring.test.controller.TutorialController
           Method = com.bezkoder.spring.test.controller.TutorialController#getTutorialById(long)

Async:
    Async started = false
     Async result = null

Resolved Exception:
             Type = null

ModelAndView:
        View name = null
             View = null
            Model = null

FlashMap:
       Attributes = null

MockHttpServletResponse:
           Status = 404
    Error message = null
          Headers = [Vary:"Origin", "Access-Control-Request-Method", "Access-Control-Request-Headers"]
     Content type = null
             Body = 
    Forwarded URL = null
   Redirected URL = null
          Cookies = []

MockHttpServletRequest:
      HTTP Method = PUT
      Request URI = /api/tutorials/1
       Parameters = {}
          Headers = [Content-Type:"application/json;charset=UTF-8", Content-Length:"67"]
             Body = {"id":1,"title":"Updated","description":"Updated","published":true}
    Session Attrs = {}

Handler:
             Type = com.bezkoder.spring.test.controller.TutorialController
           Method = com.bezkoder.spring.test.controller.TutorialController#updateTutorial(long, Tutorial)

Async:
    Async started = false
     Async result = null

Resolved Exception:
             Type = null

ModelAndView:
        View name = null
             View = null
            Model = null

FlashMap:
       Attributes = null

MockHttpServletResponse:
           Status = 200
    Error message = null
          Headers = [Vary:"Origin", "Access-Control-Request-Method", "Access-Control-Request-Headers", Content-Type:"application/json"]
     Content type = application/json
             Body = {"id":1,"title":"Updated","description":"Updated","published":true}
    Forwarded URL = null
   Redirected URL = null
          Cookies = []

MockHttpServletRequest:
      HTTP Method = POST
      Request URI = /api/tutorials
       Parameters = {}
          Headers = [Content-Type:"application/json;charset=UTF-8", Content-Length:"87"]
             Body = {"id":1,"title":"Spring Boot @WebMvcTest","description":"Description","published":true}
    Session Attrs = {}

Handler:
             Type = com.bezkoder.spring.test.controller.TutorialController
           Method = com.bezkoder.spring.test.controller.TutorialController#createTutorial(Tutorial)

Async:
    Async started = false
     Async result = null

Resolved Exception:
             Type = null

ModelAndView:
        View name = null
             View = null
            Model = null

FlashMap:
       Attributes = null

MockHttpServletResponse:
           Status = 201
    Error message = null
          Headers = [Vary:"Origin", "Access-Control-Request-Method", "Access-Control-Request-Headers"]
     Content type = null
             Body = 
    Forwarded URL = null
   Redirected URL = null
          Cookies = []

MockHttpServletRequest:
      HTTP Method = GET
      Request URI = /api/tutorials
       Parameters = {}
          Headers = []
             Body = null
    Session Attrs = {}

Handler:
             Type = com.bezkoder.spring.test.controller.TutorialController
           Method = com.bezkoder.spring.test.controller.TutorialController#getAllTutorials(String)

Async:
    Async started = false
     Async result = null

Resolved Exception:
             Type = null

ModelAndView:
        View name = null
             View = null
            Model = null

FlashMap:
       Attributes = null

MockHttpServletResponse:
           Status = 200
    Error message = null
          Headers = [Vary:"Origin", "Access-Control-Request-Method", "Access-Control-Request-Headers", Content-Type:"application/json"]
     Content type = application/json
             Body = [{"id":1,"title":"Spring Boot @WebMvcTest 1","description":"Description 1","published":true},{"id":2,"title":"Spring Boot @WebMvcTest 2","description":"Description 2","published":true},{"id":3,"title":"Spring Boot @WebMvcTest 3","description":"Description 3","published":true}]
    Forwarded URL = null
   Redirected URL = null
          Cookies = []

MockHttpServletRequest:
      HTTP Method = DELETE
      Request URI = /api/tutorials
       Parameters = {}
          Headers = []
             Body = null
    Session Attrs = {}

Handler:
             Type = com.bezkoder.spring.test.controller.TutorialController
           Method = com.bezkoder.spring.test.controller.TutorialController#deleteAllTutorials()

Async:
    Async started = false
     Async result = null

Resolved Exception:
             Type = null

ModelAndView:
        View name = null
             View = null
            Model = null

FlashMap:
       Attributes = null

MockHttpServletResponse:
           Status = 204
    Error message = null
          Headers = [Vary:"Origin", "Access-Control-Request-Method", "Access-Control-Request-Headers"]
     Content type = null
             Body = 
    Forwarded URL = null
   Redirected URL = null
          Cookies = []

MockHttpServletRequest:
      HTTP Method = DELETE
      Request URI = /api/tutorials/1
       Parameters = {}
          Headers = []
             Body = null
    Session Attrs = {}

Handler:
             Type = com.bezkoder.spring.test.controller.TutorialController
           Method = com.bezkoder.spring.test.controller.TutorialController#deleteTutorial(long)

Async:
    Async started = false
     Async result = null

Resolved Exception:
             Type = null

ModelAndView:
        View name = null
             View = null
            Model = null

FlashMap:
       Attributes = null

MockHttpServletResponse:
           Status = 204
    Error message = null
          Headers = [Vary:"Origin", "Access-Control-Request-Method", "Access-Control-Request-Headers"]
     Content type = null
             Body = 
    Forwarded URL = null
   Redirected URL = null
          Cookies = []

MockHttpServletRequest:
      HTTP Method = PUT
      Request URI = /api/tutorials/1
       Parameters = {}
          Headers = [Content-Type:"application/json;charset=UTF-8", Content-Length:"67"]
             Body = {"id":1,"title":"Updated","description":"Updated","published":true}
    Session Attrs = {}

Handler:
             Type = com.bezkoder.spring.test.controller.TutorialController
           Method = com.bezkoder.spring.test.controller.TutorialController#updateTutorial(long, Tutorial)

Async:
    Async started = false
     Async result = null

Resolved Exception:
             Type = null

ModelAndView:
        View name = null
             View = null
            Model = null

FlashMap:
       Attributes = null

MockHttpServletResponse:
           Status = 404
    Error message = null
          Headers = [Vary:"Origin", "Access-Control-Request-Method", "Access-Control-Request-Headers"]
     Content type = null
             Body = 
    Forwarded URL = null
   Redirected URL = null
          Cookies = []
[INFO] Tests run: 10, Failures: 0, Errors: 0, Skipped: 0, Time elapsed: 6.238 s - in com.bezkoder.spring.test.TutorialControllerTests
[INFO] 
[INFO] Results:
[INFO] 
[INFO] Tests run: 11, Failures: 0, Errors: 0, Skipped: 0
[INFO] 
[INFO] 
[INFO] --- maven-jar-plugin:3.3.0:jar (default-jar) @ spring-boot-rest-controller-unit-test ---
[INFO] Building jar: /var/jenkins_home/workspace/bezkoder-spring-boot-unit-test-rest-controller/target/spring-boot-rest-controller-unit-test-0.0.1-SNAPSHOT.jar
[INFO] 
[INFO] --- spring-boot-maven-plugin:3.1.0:repackage (repackage) @ spring-boot-rest-controller-unit-test ---
[INFO] Replacing main artifact /var/jenkins_home/workspace/bezkoder-spring-boot-unit-test-rest-controller/target/spring-boot-rest-controller-unit-test-0.0.1-SNAPSHOT.jar with repackaged archive, adding nested dependencies in BOOT-INF/.
[INFO] The original artifact has been renamed to /var/jenkins_home/workspace/bezkoder-spring-boot-unit-test-rest-controller/target/spring-boot-rest-controller-unit-test-0.0.1-SNAPSHOT.jar.original
[INFO] ------------------------------------------------------------------------
[INFO] BUILD SUCCESS
[INFO] ------------------------------------------------------------------------
[INFO] Total time:  01:58 min
[INFO] Finished at: 2025-07-08T08:57:45Z
[INFO] ------------------------------------------------------------------------
Post stage
[8mha:////4HGsmLisEkw0ohvRe6Mj6S1Qvkf9GgfOXqxbUhsm6s0iAAAApR+LCAAAAAAAAP9tjTEOwjAQBC9BFLSUPOJSUCCEqNJabniBiY1xYt0Z2yGpeBFf4w8EIlGxxWpnm3m+YJkiHDlabA11jlLjMPjeTgsHjt3F84Atn7FhSuwNSjNI1qaeUXI2MKcoYSFgZajxnBzZDGvRqruqvCJbnXKcvoOA0ukbPKAQkzmrmL8wRthce52Yfp6/AhhDhnK7+9Q+vAFHPe70vgAAAA==[0m[Pipeline] junit
Recording test results
[Checks API] No suitable checks publisher found.
[8mha:////4FIjiQTY1XKv8Tj8aXdy5A4ze0t/eOHqRmlFDv4ZN9UXAAAAph+LCAAAAAAAAP9tjTEOwjAQBC9BFLSUPOKCBBIFSkVrueEFJjHGiXUXbAen4kV8jT9gEYmKLVY728zrDcvgoWZvsNPUWwqNxcGNJi9M7Pur44QdX7BhCuw0Sp0kt/o0o+SoYU5RwkLASlPjOFgyEdaiUw9VOUWmOkefv6OA0rZ3eEIhsjkqH78wedjcxjYw/Tx/BTANQ4Ryv821O3wAP3+A6L4AAAA=[0m[Pipeline] }
[8mha:////4C1AXF0k4rbcukqR8/i81hg5um7a+ZOtZ0USVw5LqvtnAAAApR+LCAAAAAAAAP9tjTEOwjAQBC9BFLSUPOIiBKJBqWgtN7zAJMY4se6C7eBUvIiv8QcsIlGxxWpnm3m9YRk81OwNdpp6S6GxOLjR5IWJfX91nLDjCzZMgZ1GqZPkVp9mlBw1zClKWAhYaWocB0smwlp06qEqp8hU5+jzdxRQ2vYOTyhENkfl4xcmD5vb2Aamn+evAKZhiFDut7l2hw8MnNtUvgAAAA==[0m[Pipeline] // withEnv
[8mha:////4AaAwqzamqThxWh3JePgVAU5fILldogBkNkxdmOQbD19AAAApR+LCAAAAAAAAP9tjTsOwjAQRDdBFLSUHGIjPh1KRWu54QQmMcaJtRtsB6fiRFyNO2ARiYopRvOmea83LIOHmr3BTlNvKTQWBzeavDCx76+OE3Z8wYYpsNModZLc6tOMkqOGOUUJCwErTY3jYMlEWItOPVTlFJnqHH3+jgJK297hCYXI5qh8/MLkYXMb28D08/wVwDQMEcrDLtd++wEBeytMvgAAAA==[0m[Pipeline] }
[8mha:////4O7ovqM9Hy3Y1/MczqYFtq5JXFPZOFDyfISgen2I1dtKAAAApB+LCAAAAAAAAP9tjTEOwjAQBC9BFLSUPMJBCh2iSmul4QUmPowT687YDknFi/gaf8AiEhVbrHa2mdcb1jHAiYMRPdJgKXZWeDeavMTEYbg6nkTPF9ExRXYoWpxa1tgs2HJCWFKUsJKwQeocR0smwVb26qEqp8hU5xTyd5RQWn2HJxQym5MK6QtzgN1t1JHp5/krgNn7BOWhzlXvPzKYcPC+AAAA[0m[Pipeline] // stage
[8mha:////4ARpa8PSzLjSHBx6K/lkrHjl9e5P6LizzDMQzQef14ovAAAAqB+LCAAAAAAAAP9tjTEOwjAUQ3+LOrAycohUSBULYuoaZeEEIQkhbfR/SVLaiRNxNe5AoBITHizbkvWeL6higCMFyzqDvcOoHBv8aHNiE4X+4mliHZ2ZIozkDRNmEqRNu1RBycCiooQVh7VB5Sk6tAk2vJN3WXuJtj6lkLcDh9LpGzyg4JmcZEjfMgfYXkcdCX+cvwCYhwTlbp+taT7P6g1W1fA2wgAAAA==[0m[Pipeline] stage
[8mha:////4Ll0pWqu3hyBLduelOetNwNVqLuteXCrP2/OdA52/IR3AAAAph+LCAAAAAAAAP9tjTEOwjAUQ3+LOrAycoh0KRNiYo2ycILQhJA0+r9NUtKJE3E17kBLJSY8WLYl673eUMUAJwqGOY2dxdha1vvRzIllCt3NU2aOrqwljOQ1EzoLUvq8VkFJw6qihA2HrcbWU7RoEuy4kw9Ze4mmvqQwb0cOpVUDPKHgMznJkL5lCrC/jyoS/jh/ATD1CcqmWeywPKsPIshjPcIAAAA=[0m[Pipeline] { (Static Code Analysis (SAST) via Sonar)
[8mha:////4NqhXjYJLeNVdooPhN590XAFbTud4VMGS9zg4Y7FVNTOAAAApB+LCAAAAAAAAP9tjTEOwjAQBC9BFLSUPOLSAA2iSmu54QUmNsaJdWdsh6TiRXyNPxCIRMUWq51t5vmCZYpw5GixNdQ5So3D4Hs7LRw4dhfPA7Z8xoYpsTcozSBZm3pGydnAnKKEhYCVocZzcmQzrEWr7qryimx1ynH6DgJKp2/wgEJM5qxi/sIYYXPtdWL6ef4KYAwZyu3uU/vwBj0vY+u+AAAA[0m[Pipeline] tool
[8mha:////4EUQN1IKDBjbo/F07MZmNii+uZO8EbTAvcJ3R5c1oAylAAAApB+LCAAAAAAAAP9tjTEOwjAQBC9BFLSUPOLSgCgQVVrLDS8wsTFOrDtjOyQVL+Jr/IFAJCq2WO1sM88XLFOEI0eLraHOUWocBt/baeHAsbt4HrDlMzZMib1BaQbJ2tQzSs4G5hQlLASsDDWekyObYS1adVeVV2SrU47TdxBQOn2DBxRiMmcV8xfGCJtrrxPTz/NXAGPIUG53n9qHN3weePK+AAAA[0m[Pipeline] envVarsForTool
[8mha:////4FbnuglBuuyUTWEod2Vbxke4o2R9smqgBkwfU9YhzFkyAAAApR+LCAAAAAAAAP9tjTEOwjAQBC9BFLSUPOLSgISEqNJabniBiY1xYt0Z2yGpeBFf4w8EIlGxxWpnm3m+YJkiHDlabA11jlLjMPjeTgsHjt3F84Atn7FhSuwNSjNI1qaeUXI2MKcoYSFgZajxnBzZDGvRqruqvCJbnXKcvoOA0ukbPKAQkzmrmL8wRthce52Yfp6/AhhDhnK7+9Q+vAGzAuB1vgAAAA==[0m[Pipeline] tool
[8mha:////4Lz9QVfyWiEJd4VsDnaLXIgEcS++W11qWSmrvh/8T/dxAAAApB+LCAAAAAAAAP9tjTEOwjAQBC9BFLSUPOLSQIEQVVrLDS8wsTFOrDtjOyQVL+Jr/IFAJCq2WO1sM88XLFOEI0eLraHOUWocBt/baeHAsbt4HrDlMzZMib1BaQbJ2tQzSs4G5hQlLASsDDWekyObYS1adVeVV2SrU47TdxBQOn2DBxRiMmcV8xfGCJtrrxPTz/NXAGPIUG53n9qHN/Iz+2y+AAAA[0m[Pipeline] envVarsForTool
[8mha:////4H2OSvzxC3xpd/HeytfsWW2lN90xRuStZe+UcKQXm0prAAAApx+LCAAAAAAAAP9tjTEOwjAUQ3+LOrAycoiUgU6IqWuUhROEJIS00f8lSWknTsTVuAOBSkx4sGxL1nu+oIoBjhQs6wz2DqNybPCjzYlNFPqLp4l1dGaKMJI3TJhJkDbtUgUlA4uKElYc1gaVp+jQJtjwTt5l7SXa+pRC3g4cSqdv8ICCZ3KSIX3LHGB7HXUk/HH+AmAeEpT7Jluz+zyrN+WNVwrCAAAA[0m[Pipeline] withEnv
[8mha:////4IYIi7khVzDNQxtoPMdEohHB2MCN0hCaCHiEIWKetlk+AAAApx+LCAAAAAAAAP9tjTEOwjAUQ3+LOrAycogUBibE1DXKwglCE0La6P/yk9JOnIircQdaKjHhwbItWe/1hiIynIidaCy2HmPtRRd6NyUxELfXQINo6CJqwkjBCmUHRcZWS1WULCzKclhJWFusA0WPLsFGNvqhy6DRlefE03aUkHtzhydkciInzelbRobtrTeR8Mf5C4CxS5AfdrPt52fxAW2++SvCAAAA[0m[Pipeline] {
[8mha:////4CMeszbk5ktJbgf9tL7XurBq0QtaR86O6grHk236bqKXAAAApB+LCAAAAAAAAP9tjTEOwjAQBC9BFLSUPOIikKgQVVrLDS8wsTFOrDtjOyQVL+Jr/IFAJCq2WO1sM88XLFOEI0eLraHOUWocBt/baeHAsbt4HrDlMzZMib1BaQbJ2tQzSs4G5hQlLASsDDWekyObYS1adVeVV2SrU47TdxBQOn2DBxRiMmcV8xfGCJtrrxPTz/NXAGPIUO63n9qFN4OkKLa+AAAA[0m[Pipeline] sh
+ mvn clean verify sonar:sonar -Dsonar.projectKey=bezkoder-test -Dsonar.projectName=bezkoder-test -Dsonar.host.url=http://localhost:9001 -Dsonar.token=sqp_1ea845582e7538b07112bad18f3359f5ebf67ee2
[INFO] Scanning for projects...
[INFO] 
[INFO] ---------< com.bezkoder:spring-boot-rest-controller-unit-test >---------
[INFO] Building spring-boot-rest-controller-unit-test 0.0.1-SNAPSHOT
[INFO]   from pom.xml
[INFO] --------------------------------[ jar ]---------------------------------
[INFO] 
[INFO] --- maven-clean-plugin:3.2.0:clean (default-clean) @ spring-boot-rest-controller-unit-test ---
[INFO] Deleting /var/jenkins_home/workspace/bezkoder-spring-boot-unit-test-rest-controller/target
[INFO] 
[INFO] --- maven-enforcer-plugin:3.0.0-M3:enforce (enforce-maven-version) @ spring-boot-rest-controller-unit-test ---
[INFO] 
[INFO] --- maven-resources-plugin:3.3.1:resources (default-resources) @ spring-boot-rest-controller-unit-test ---
[INFO] Copying 1 resource from src/main/resources to target/classes
[INFO] Copying 0 resource from src/main/resources to target/classes
[INFO] 
[INFO] --- maven-compiler-plugin:3.11.0:compile (default-compile) @ spring-boot-rest-controller-unit-test ---
[INFO] Changes detected - recompiling the module! :source
[INFO] Compiling 4 source files with javac [debug release 17] to target/classes
[INFO] 
[INFO] --- maven-resources-plugin:3.3.1:testResources (default-testResources) @ spring-boot-rest-controller-unit-test ---
[INFO] skip non existing resourceDirectory /var/jenkins_home/workspace/bezkoder-spring-boot-unit-test-rest-controller/src/test/resources
[INFO] 
[INFO] --- maven-compiler-plugin:3.11.0:testCompile (default-testCompile) @ spring-boot-rest-controller-unit-test ---
[INFO] Changes detected - recompiling the module! :dependency
[INFO] Compiling 2 source files with javac [debug release 17] to target/test-classes
[INFO] 
[INFO] --- maven-surefire-plugin:3.0.0:test (default-test) @ spring-boot-rest-controller-unit-test ---
[INFO] Using auto detected provider org.apache.maven.surefire.junitplatform.JUnitPlatformProvider
[INFO] 
[INFO] -------------------------------------------------------
[INFO]  T E S T S
[INFO] -------------------------------------------------------
[INFO] Running com.bezkoder.spring.test.SpringBootRestControllerUnitTestApplicationTests
08:58:56.286 [main] INFO org.springframework.test.context.support.AnnotationConfigContextLoaderUtils -- Could not detect default configuration classes for test class [com.bezkoder.spring.test.SpringBootRestControllerUnitTestApplicationTests]: SpringBootRestControllerUnitTestApplicationTests does not declare any static, non-private, non-final, nested classes annotated with @Configuration.
08:58:57.579 [main] INFO org.springframework.boot.test.context.SpringBootTestContextBootstrapper -- Found @SpringBootConfiguration com.bezkoder.spring.test.SpringBootRestControllerUnitTestApplication for test class com.bezkoder.spring.test.SpringBootRestControllerUnitTestApplicationTests

  .   ____          _            __ _ _
 /\\ / ___'_ __ _ _(_)_ __  __ _ \ \ \ \
( ( )\___ | '_ | '_| | '_ \/ _` | \ \ \ \
 \\/  ___)| |_)| | | | | || (_| |  ) ) ) )
  '  |____| .__|_| |_|_| |_\__, | / / / /
 =========|_|==============|___/=/_/_/_/
 :: Spring Boot ::                (v3.1.0)

2025-07-08T08:59:01.457Z  INFO 1204 --- [           main] otRestControllerUnitTestApplicationTests : Starting SpringBootRestControllerUnitTestApplicationTests using Java 21.0.7 with PID 1204 (started by jenkins in /var/jenkins_home/workspace/bezkoder-spring-boot-unit-test-rest-controller)
2025-07-08T08:59:01.460Z  INFO 1204 --- [           main] otRestControllerUnitTestApplicationTests : No active profile set, falling back to 1 default profile: "default"
2025-07-08T08:59:06.292Z  INFO 1204 --- [           main] .s.d.r.c.RepositoryConfigurationDelegate : Bootstrapping Spring Data JPA repositories in DEFAULT mode.
2025-07-08T08:59:06.947Z  INFO 1204 --- [           main] .s.d.r.c.RepositoryConfigurationDelegate : Finished Spring Data repository scanning in 600 ms. Found 1 JPA repository interfaces.
2025-07-08T08:59:10.204Z  INFO 1204 --- [           main] o.hibernate.jpa.internal.util.LogHelper  : HHH000204: Processing PersistenceUnitInfo [name: default]
2025-07-08T08:59:10.862Z  INFO 1204 --- [           main] org.hibernate.Version                    : HHH000412: Hibernate ORM core version 6.2.2.Final
2025-07-08T08:59:10.882Z  INFO 1204 --- [           main] org.hibernate.cfg.Environment            : HHH000406: Using bytecode reflection optimizer
2025-07-08T08:59:13.603Z  INFO 1204 --- [           main] o.h.b.i.BytecodeProviderInitiator        : HHH000021: Bytecode provider name : bytebuddy
2025-07-08T08:59:15.837Z  INFO 1204 --- [           main] o.s.o.j.p.SpringPersistenceUnitInfo      : No LoadTimeWeaver setup: ignoring JPA class transformer
2025-07-08T08:59:15.983Z  INFO 1204 --- [           main] com.zaxxer.hikari.HikariDataSource       : HikariPool-1 - Starting...
2025-07-08T08:59:17.673Z  INFO 1204 --- [           main] com.zaxxer.hikari.pool.HikariPool        : HikariPool-1 - Added connection conn0: url=jdbc:h2:mem:testdb user=SA
2025-07-08T08:59:17.695Z  INFO 1204 --- [           main] com.zaxxer.hikari.HikariDataSource       : HikariPool-1 - Start completed.
2025-07-08T08:59:17.919Z  INFO 1204 --- [           main] org.hibernate.orm.dialect                : HHH035001: Using dialect: org.hibernate.dialect.H2Dialect, version: 2.1.214
2025-07-08T08:59:20.571Z  INFO 1204 --- [           main] o.h.b.i.BytecodeProviderInitiator        : HHH000021: Bytecode provider name : bytebuddy
2025-07-08T08:59:27.632Z  INFO 1204 --- [           main] o.h.e.t.j.p.i.JtaPlatformInitiator       : HHH000490: Using JtaPlatform implementation: [org.hibernate.engine.transaction.jta.platform.internal.NoJtaPlatform]
Hibernate: create table tutorials (id bigint not null, description varchar(255), published boolean, title varchar(255), primary key (id))
Hibernate: create sequence tutorials_seq start with 1 increment by 50
2025-07-08T08:59:28.015Z  INFO 1204 --- [           main] j.LocalContainerEntityManagerFactoryBean : Initialized JPA EntityManagerFactory for persistence unit 'default'
2025-07-08T08:59:31.988Z  WARN 1204 --- [           main] JpaBaseConfiguration$JpaWebConfiguration : spring.jpa.open-in-view is enabled by default. Therefore, database queries may be performed during view rendering. Explicitly configure spring.jpa.open-in-view to disable this warning
2025-07-08T08:59:35.635Z  INFO 1204 --- [           main] o.s.b.a.h2.H2ConsoleAutoConfiguration    : H2 console available at '/h2-ui'. Database available at 'jdbc:h2:mem:testdb'
2025-07-08T08:59:35.826Z  INFO 1204 --- [           main] otRestControllerUnitTestApplicationTests : Started SpringBootRestControllerUnitTestApplicationTests in 36.521 seconds (process running for 45.136)
WARNING: A Java agent has been loaded dynamically (/var/jenkins_home/.m2/repository/net/bytebuddy/byte-buddy-agent/1.14.4/byte-buddy-agent-1.14.4.jar)
WARNING: If a serviceability tool is in use, please run with -XX:+EnableDynamicAgentLoading to hide this warning
WARNING: If a serviceability tool is not in use, please run with -Djdk.instrument.traceUsage for more information
WARNING: Dynamic loading of agents will be disallowed by default in a future release
[INFO] Tests run: 1, Failures: 0, Errors: 0, Skipped: 0, Time elapsed: 45.253 s - in com.bezkoder.spring.test.SpringBootRestControllerUnitTestApplicationTests
[INFO] Running com.bezkoder.spring.test.TutorialControllerTests
2025-07-08T08:59:40.047Z  INFO 1204 --- [           main] t.c.s.AnnotationConfigContextLoaderUtils : Could not detect default configuration classes for test class [com.bezkoder.spring.test.TutorialControllerTests]: TutorialControllerTests does not declare any static, non-private, non-final, nested classes annotated with @Configuration.
2025-07-08T08:59:40.168Z  INFO 1204 --- [           main] .b.t.c.SpringBootTestContextBootstrapper : Found @SpringBootConfiguration com.bezkoder.spring.test.SpringBootRestControllerUnitTestApplication for test class com.bezkoder.spring.test.TutorialControllerTests

  .   ____          _            __ _ _
 /\\ / ___'_ __ _ _(_)_ __  __ _ \ \ \ \
( ( )\___ | '_ | '_| | '_ \/ _` | \ \ \ \
 \\/  ___)| |_)| | | | | || (_| |  ) ) ) )
  '  |____| .__|_| |_|_| |_\__, | / / / /
 =========|_|==============|___/=/_/_/_/
 :: Spring Boot ::                (v3.1.0)

2025-07-08T08:59:40.440Z  INFO 1204 --- [           main] c.b.spring.test.TutorialControllerTests  : Starting TutorialControllerTests using Java 21.0.7 with PID 1204 (started by jenkins in /var/jenkins_home/workspace/bezkoder-spring-boot-unit-test-rest-controller)
2025-07-08T08:59:40.441Z  INFO 1204 --- [           main] c.b.spring.test.TutorialControllerTests  : No active profile set, falling back to 1 default profile: "default"
2025-07-08T08:59:43.849Z  INFO 1204 --- [           main] o.s.b.t.m.w.SpringBootMockServletContext : Initializing Spring TestDispatcherServlet ''
2025-07-08T08:59:43.850Z  INFO 1204 --- [           main] o.s.t.web.servlet.TestDispatcherServlet  : Initializing Servlet ''
2025-07-08T08:59:43.858Z  INFO 1204 --- [           main] o.s.t.web.servlet.TestDispatcherServlet  : Completed initialization in 2 ms
2025-07-08T08:59:43.906Z  INFO 1204 --- [           main] c.b.spring.test.TutorialControllerTests  : Started TutorialControllerTests in 3.717 seconds (process running for 53.216)

MockHttpServletRequest:
      HTTP Method = GET
      Request URI = /api/tutorials/1
       Parameters = {}
          Headers = []
             Body = null
    Session Attrs = {}

Handler:
             Type = com.bezkoder.spring.test.controller.TutorialController
           Method = com.bezkoder.spring.test.controller.TutorialController#getTutorialById(long)

Async:
    Async started = false
     Async result = null

Resolved Exception:
             Type = null

ModelAndView:
        View name = null
             View = null
            Model = null

FlashMap:
       Attributes = null

MockHttpServletResponse:
           Status = 200
    Error message = null
          Headers = [Vary:"Origin", "Access-Control-Request-Method", "Access-Control-Request-Headers", Content-Type:"application/json"]
     Content type = application/json
             Body = {"id":1,"title":"Spring Boot @WebMvcTest","description":"Description","published":true}
    Forwarded URL = null
   Redirected URL = null
          Cookies = []

MockHttpServletRequest:
      HTTP Method = GET
      Request URI = /api/tutorials
       Parameters = {title=[BezKoder]}
          Headers = []
             Body = null
    Session Attrs = {}

Handler:
             Type = com.bezkoder.spring.test.controller.TutorialController
           Method = com.bezkoder.spring.test.controller.TutorialController#getAllTutorials(String)

Async:
    Async started = false
     Async result = null

Resolved Exception:
             Type = null

ModelAndView:
        View name = null
             View = null
            Model = null

FlashMap:
       Attributes = null

MockHttpServletResponse:
           Status = 204
    Error message = null
          Headers = [Vary:"Origin", "Access-Control-Request-Method", "Access-Control-Request-Headers"]
     Content type = null
             Body = 
    Forwarded URL = null
   Redirected URL = null
          Cookies = []

MockHttpServletRequest:
      HTTP Method = GET
      Request URI = /api/tutorials
       Parameters = {title=[Boot]}
          Headers = []
             Body = null
    Session Attrs = {}

Handler:
             Type = com.bezkoder.spring.test.controller.TutorialController
           Method = com.bezkoder.spring.test.controller.TutorialController#getAllTutorials(String)

Async:
    Async started = false
     Async result = null

Resolved Exception:
             Type = null

ModelAndView:
        View name = null
             View = null
            Model = null

FlashMap:
       Attributes = null

MockHttpServletResponse:
           Status = 200
    Error message = null
          Headers = [Vary:"Origin", "Access-Control-Request-Method", "Access-Control-Request-Headers", Content-Type:"application/json"]
     Content type = application/json
             Body = [{"id":1,"title":"Spring Boot @WebMvcTest","description":"Description 1","published":true},{"id":3,"title":"Spring Boot Web MVC","description":"Description 3","published":true}]
    Forwarded URL = null
   Redirected URL = null
          Cookies = []

MockHttpServletRequest:
      HTTP Method = GET
      Request URI = /api/tutorials/1
       Parameters = {}
          Headers = []
             Body = null
    Session Attrs = {}

Handler:
             Type = com.bezkoder.spring.test.controller.TutorialController
           Method = com.bezkoder.spring.test.controller.TutorialController#getTutorialById(long)

Async:
    Async started = false
     Async result = null

Resolved Exception:
             Type = null

ModelAndView:
        View name = null
             View = null
            Model = null

FlashMap:
       Attributes = null

MockHttpServletResponse:
           Status = 404
    Error message = null
          Headers = [Vary:"Origin", "Access-Control-Request-Method", "Access-Control-Request-Headers"]
     Content type = null
             Body = 
    Forwarded URL = null
   Redirected URL = null
          Cookies = []

MockHttpServletRequest:
      HTTP Method = PUT
      Request URI = /api/tutorials/1
       Parameters = {}
          Headers = [Content-Type:"application/json;charset=UTF-8", Content-Length:"67"]
             Body = {"id":1,"title":"Updated","description":"Updated","published":true}
    Session Attrs = {}

Handler:
             Type = com.bezkoder.spring.test.controller.TutorialController
           Method = com.bezkoder.spring.test.controller.TutorialController#updateTutorial(long, Tutorial)

Async:
    Async started = false
     Async result = null

Resolved Exception:
             Type = null

ModelAndView:
        View name = null
             View = null
            Model = null

FlashMap:
       Attributes = null

MockHttpServletResponse:
           Status = 200
    Error message = null
          Headers = [Vary:"Origin", "Access-Control-Request-Method", "Access-Control-Request-Headers", Content-Type:"application/json"]
     Content type = application/json
             Body = {"id":1,"title":"Updated","description":"Updated","published":true}
    Forwarded URL = null
   Redirected URL = null
          Cookies = []

MockHttpServletRequest:
      HTTP Method = POST
      Request URI = /api/tutorials
       Parameters = {}
          Headers = [Content-Type:"application/json;charset=UTF-8", Content-Length:"87"]
             Body = {"id":1,"title":"Spring Boot @WebMvcTest","description":"Description","published":true}
    Session Attrs = {}

Handler:
             Type = com.bezkoder.spring.test.controller.TutorialController
           Method = com.bezkoder.spring.test.controller.TutorialController#createTutorial(Tutorial)

Async:
    Async started = false
     Async result = null

Resolved Exception:
             Type = null

ModelAndView:
        View name = null
             View = null
            Model = null

FlashMap:
       Attributes = null

MockHttpServletResponse:
           Status = 201
    Error message = null
          Headers = [Vary:"Origin", "Access-Control-Request-Method", "Access-Control-Request-Headers"]
     Content type = null
             Body = 
    Forwarded URL = null
   Redirected URL = null
          Cookies = []

MockHttpServletRequest:
      HTTP Method = GET
      Request URI = /api/tutorials
       Parameters = {}
          Headers = []
             Body = null
    Session Attrs = {}

Handler:
             Type = com.bezkoder.spring.test.controller.TutorialController
           Method = com.bezkoder.spring.test.controller.TutorialController#getAllTutorials(String)

Async:
    Async started = false
     Async result = null

Resolved Exception:
             Type = null

ModelAndView:
        View name = null
             View = null
            Model = null

FlashMap:
       Attributes = null

MockHttpServletResponse:
           Status = 200
    Error message = null
          Headers = [Vary:"Origin", "Access-Control-Request-Method", "Access-Control-Request-Headers", Content-Type:"application/json"]
     Content type = application/json
             Body = [{"id":1,"title":"Spring Boot @WebMvcTest 1","description":"Description 1","published":true},{"id":2,"title":"Spring Boot @WebMvcTest 2","description":"Description 2","published":true},{"id":3,"title":"Spring Boot @WebMvcTest 3","description":"Description 3","published":true}]
    Forwarded URL = null
   Redirected URL = null
          Cookies = []

MockHttpServletRequest:
      HTTP Method = DELETE
      Request URI = /api/tutorials
       Parameters = {}
          Headers = []
             Body = null
    Session Attrs = {}

Handler:
             Type = com.bezkoder.spring.test.controller.TutorialController
           Method = com.bezkoder.spring.test.controller.TutorialController#deleteAllTutorials()

Async:
    Async started = false
     Async result = null

Resolved Exception:
             Type = null

ModelAndView:
        View name = null
             View = null
            Model = null

FlashMap:
       Attributes = null

MockHttpServletResponse:
           Status = 204
    Error message = null
          Headers = [Vary:"Origin", "Access-Control-Request-Method", "Access-Control-Request-Headers"]
     Content type = null
             Body = 
    Forwarded URL = null
   Redirected URL = null
          Cookies = []

MockHttpServletRequest:
      HTTP Method = DELETE
      Request URI = /api/tutorials/1
       Parameters = {}
          Headers = []
             Body = null
    Session Attrs = {}

Handler:
             Type = com.bezkoder.spring.test.controller.TutorialController
           Method = com.bezkoder.spring.test.controller.TutorialController#deleteTutorial(long)

Async:
    Async started = false
     Async result = null

Resolved Exception:
             Type = null

ModelAndView:
        View name = null
             View = null
            Model = null

FlashMap:
       Attributes = null

MockHttpServletResponse:
           Status = 204
    Error message = null
          Headers = [Vary:"Origin", "Access-Control-Request-Method", "Access-Control-Request-Headers"]
     Content type = null
             Body = 
    Forwarded URL = null
   Redirected URL = null
          Cookies = []

MockHttpServletRequest:
      HTTP Method = PUT
      Request URI = /api/tutorials/1
       Parameters = {}
          Headers = [Content-Type:"application/json;charset=UTF-8", Content-Length:"67"]
             Body = {"id":1,"title":"Updated","description":"Updated","published":true}
    Session Attrs = {}

Handler:
             Type = com.bezkoder.spring.test.controller.TutorialController
           Method = com.bezkoder.spring.test.controller.TutorialController#updateTutorial(long, Tutorial)

Async:
    Async started = false
     Async result = null

Resolved Exception:
             Type = null

ModelAndView:
        View name = null
             View = null
            Model = null

FlashMap:
       Attributes = null

MockHttpServletResponse:
           Status = 404
    Error message = null
          Headers = [Vary:"Origin", "Access-Control-Request-Method", "Access-Control-Request-Headers"]
     Content type = null
             Body = 
    Forwarded URL = null
   Redirected URL = null
          Cookies = []
[INFO] Tests run: 10, Failures: 0, Errors: 0, Skipped: 0, Time elapsed: 6.727 s - in com.bezkoder.spring.test.TutorialControllerTests
[INFO] 
[INFO] Results:
[INFO] 
[INFO] Tests run: 11, Failures: 0, Errors: 0, Skipped: 0
[INFO] 
[INFO] 
[INFO] --- maven-jar-plugin:3.3.0:jar (default-jar) @ spring-boot-rest-controller-unit-test ---
[INFO] Building jar: /var/jenkins_home/workspace/bezkoder-spring-boot-unit-test-rest-controller/target/spring-boot-rest-controller-unit-test-0.0.1-SNAPSHOT.jar
[INFO] 
[INFO] --- spring-boot-maven-plugin:3.1.0:repackage (repackage) @ spring-boot-rest-controller-unit-test ---
[INFO] Replacing main artifact /var/jenkins_home/workspace/bezkoder-spring-boot-unit-test-rest-controller/target/spring-boot-rest-controller-unit-test-0.0.1-SNAPSHOT.jar with repackaged archive, adding nested dependencies in BOOT-INF/.
[INFO] The original artifact has been renamed to /var/jenkins_home/workspace/bezkoder-spring-boot-unit-test-rest-controller/target/spring-boot-rest-controller-unit-test-0.0.1-SNAPSHOT.jar.original
[INFO] 
[INFO] ---------< com.bezkoder:spring-boot-rest-controller-unit-test >---------
[INFO] Building spring-boot-rest-controller-unit-test 0.0.1-SNAPSHOT
[INFO]   from pom.xml
[INFO] --------------------------------[ jar ]---------------------------------
[INFO] 
[INFO] --- sonar-maven-plugin:4.0.0.4121:sonar (default-cli) @ spring-boot-rest-controller-unit-test ---
[INFO] 09:00:04.088 Java 21.0.7 Eclipse Adoptium (64-bit)
[INFO] 09:00:04.089 Linux 5.15.167.4-microsoft-standard-WSL2 (amd64)
[INFO] 09:00:04.514 User cache: /var/jenkins_home/.sonar/cache
[ERROR] 09:00:04.629 SonarQube server [http://localhost:9001] can not be reached
[INFO] ------------------------------------------------------------------------
[INFO] BUILD FAILURE
[INFO] ------------------------------------------------------------------------
[INFO] Total time:  02:01 min
[INFO] Finished at: 2025-07-08T09:00:04Z
[INFO] ------------------------------------------------------------------------
[ERROR] Failed to execute goal org.sonarsource.scanner.maven:sonar-maven-plugin:4.0.0.4121:sonar (default-cli) on project spring-boot-rest-controller-unit-test: Unable to execute SonarScanner analysis: Fail to get bootstrap index from server: Failed to connect to localhost/[0:0:0:0:0:0:0:1]:9001: Connection refused -> [Help 1]
[ERROR] 
[ERROR] To see the full stack trace of the errors, re-run Maven with the -e switch.
[ERROR] Re-run Maven using the -X switch to enable full debug logging.
[ERROR] 
[ERROR] For more information about the errors and possible solutions, please read the following articles:
[ERROR] [Help 1] http://cwiki.apache.org/confluence/display/MAVEN/MojoExecutionException
[8mha:////4IwsI02f+h7wq3NhmeaAMv3Src0DvbfraN+unlZ3S6TDAAAApB+LCAAAAAAAAP9tjTEOwjAQBC9BFLSUPOIihKgQVVrLDS8wsTFOrDtjOyQVL+Jr/IFAJCq2WO1sM88XLFOEI0eLraHOUWocBt/baeHAsbt4HrDlMzZMib1BaQbJ2tQzSs4G5hQlLASsDDWekyObYS1adVeVV2SrU47TdxBQOn2DBxRiMmcV8xfGCJtrrxPTz/NXAGMIGcr97lPbN5YEWne+AAAA[0m[Pipeline] }
[8mha:////4GrBaAXjdY3P8pwjMGdcmU/Biz/Zgx+Hyux57/Hvgq/fAAAApB+LCAAAAAAAAP9tjTEOwjAQBC9BFLSUPOJCARWiSmu54QUmNsaJdWdsh6TiRXyNPxCIRMUWq51t5vmCZYpw5GixNdQ5So3D4Hs7LRw4dhfPA7Z8xoYpsTcozSBZm3pGydnAnKKEhYCVocZzcmQzrEWr7qryimx1ynH6DgJKp2/wgEJM5qxi/sIYYXPtdWL6ef4KYAwhQ7nffWr7BrgEWB2+AAAA[0m[Pipeline] // withEnv
[8mha:////4O/RXceuicExSWoJUFb2DDVWltFP82eRXuE7nNQonlqhAAAApB+LCAAAAAAAAP9tjTEOwjAQBC9BFLSUPMJpSIWoaC03vMAkh3Fi3Rnbwal4EV/jD1hEomKL1c4283rDOgY4cjBiQBotxc4K7yZTlsgcxqvjLAa+iI4pskOhMCvu8bSg4oSwpKphJWGD1DmOlkyCrRz0QzdOk2nOKZTvIKG2/R2eUMliTjqkL8wBdrepj0w/z18BzN4nqNu21L79ANMSdb++AAAA[0m[Pipeline] }
[8mha:////4GdwqL512zCeIEVitokU4f+H+YEtsDVWW1HIj5LvGjdpAAAApB+LCAAAAAAAAP9tjTEOwjAQBC9BFLSUPOLSBBpEldZKwwtMbIwT687YDknFi/gaf8AiEhVbrHa2mdcb1jHAiYPBXtNgKXYWvRtNXjhxGK6OJ+z5gh1TZKex1VPLSjcLtpw0LClKWAnYaOocR0smwVb08iErJ8lU5xTydxRQWnWHJxQim5MM6QtzgN1tVJHp5/krgNn7BOX+kKuuP+tQ5k6+AAAA[0m[Pipeline] // stage
[8mha:////4P04gl564eWNaDZmSIqJUMxqUz4xqfPsHlnMM984hua1AAAAqB+LCAAAAAAAAP9tjTEOwjAUQ3+LOrAycohUDMCAOrFGXThBaEJIGv1fkpR04kRcjTsQqMSEB8u2ZL3nC6rgoSGvmVXYGwydYYMbdU4ske8vjhKzdGYdYSCnWKtSS1Id59pSVDCrKGHBYamwcxQM6ggrbsVd1E6grk/R5+3AoTTyBg8oeCZH4eO3TB7W11EGwh/nLwCmIUK52WXb7j/P6g1MrBMWwgAAAA==[0m[Pipeline] stage
[8mha:////4LeiWdVuRis+UYLEZA3HVoZolbA7oiisnWeaMT91DAs9AAAApx+LCAAAAAAAAP9tjTEOwjAUQ3+LOrAycoh0QiAhpq5RFk4QmhDSRv+Xn5R24kRcjTvQUokJD5ZtyXqvNxSR4UTsRGOx9RhrL7rQuymJgbi9BhpEQxdRE0YKVig7KDK2WqqiZGFRlsNKwtpiHSh6dAk2stEPXQaNrjwnnrajhNybOzwhkxM5aU7fMjJsb72JhD/OXwCMXYJ8t5/tMD+LDyb6zSXCAAAA[0m[Pipeline] { (Declarative: Post Actions)
[8mha:////4K/wecItyOvT/TT9E6lMPeyrWANqQIv/pbEoDhmgXAJ4AAAApB+LCAAAAAAAAP9tjTEOwjAQBC9BFLSUPOJSIYEQVVrLDS8wsTFOrDtjOyQVL+Jr/IFAJCq2WO1sM88XLFOEI0eLraHOUWocBt/baeHAsbt4HrDlMzZMib1BaQbJ2tQzSs4G5hQlLASsDDWekyObYS1adVeVV2SrU47TdxBQOn2DBxRiMmcV8xfGCJtrrxPTz/NXAGPIUG53n9qHN5s4RMC+AAAA[0m[Pipeline] echo
Pipeline gagal 💥
[8mha:////4NqUXgs6cMFbMGH5BskJ7pc30negBKNgWn1Q8FCIgwRaAAAApR+LCAAAAAAAAP9tjTEOwjAQBC9BFLSUPOJCA0JCqWgtN7zAJMY4se6C7eBUvIiv8QcsIlGxxWpnm3m9YRk81OwNdpp6S6GxOLjR5IWJfX91nLDjCzZMgZ1GqZPkVp9mlBw1zClKWAhYaWocB0smwlp06qEqp8hU5+jzdxRQ2vYOTyhENkfl4xcmD5vb2Aamn+evAKZhiFDut7l2hw8B1Pq5vgAAAA==[0m[Pipeline] }
[8mha:////4JMyGeZXOOAVmdUV/MTjyHkGO6IHfPYbYSvK3fin6M3qAAAApR+LCAAAAAAAAP9tjTEOwjAQBC9BFLSUPOIiCqBAqWgtN7zAJMY4se6C7eBUvIiv8QcsIlGxxWpnm3m9YRk81OwNdpp6S6GxOLjR5IWJfX91nLDjCzZMgZ1GqZPkVp9mlBw1zClKWAhYaWocB0smwlp06qEqp8hU5+jzdxRQ2vYOTyhENkfl4xcmD5vb2Aamn+evAKZhiFDut7l2hw81GhnivgAAAA==[0m[Pipeline] // stage
[8mha:////4HjdW5MMRb05/K96nJPcaQ3C5tBzAts4V+KN2GUIh3bNAAAApR+LCAAAAAAAAP9tjTEOwjAQBC9BFLSUPOIiKNIgqrRWGl5gYmOcWHfGdkgqXsTX+AMWkajYYrWzzbzesI4BThwM9poGS7Gz6N1o8sKJw3B1PGHPF+yYIjuNrZ5aVrpZsOWkYUlRwkrARlPnOFoyCbailw9ZOUmmOqeQv6OA0qo7PKEQ2ZxkSF+YA+xuo4pMP89fAczeJyjrQ659/QEJneZ3vgAAAA==[0m[Pipeline] }
[8mha:////4JBixEN1yzTFU2PJe/Xq1CbgIEU7wfz4+aFSAxi8HYblAAAApR+LCAAAAAAAAP9tjTEOwjAQBC9BFLSUPOIihKBBqWgtN7zAJMY4se6C7eBUvIiv8QcsIlGxxWpnm3m9YRk81OwNdpp6S6GxOLjR5IWJfX91nLDjCzZMgZ1GqZPkVp9mlBw1zClKWAhYaWocB0smwlp06qEqp8hU5+jzdxRQ2vYOTyhENkfl4xcmD5vb2Aamn+evAKZhiFAedrm2+w8WH7MlvgAAAA==[0m[Pipeline] // withEnv
[8mha:////4AQ6hj9QP6FQ5gcz+49Q5kxu/2hX5bGFhA9W9/aSUQYzAAAAox+LCAAAAAAAAP9tjTESgjAQRT84FraWHiI0Do1jZZuh8QQRYgxkdjFZhMoTeTXvICMzVv7qv9e81xvrFHHk6FRrqfOUaq/6MLj5qZFjdw08qpYvqmZKHKyq7FhxY08LViwWy7IcK42NpTpw8uQEW92ahymCIVecJc7uoJH75o4nMj2XxUT5whSxuw1NYvp1/gYw9b0gL/eCrPwA0dzO1L0AAAA=[0m[Pipeline] }
[8mha:////4M8qSsmRDJlFHwW2ZCfXoj2u5Wt7mlLEm94IHOFpI1J7AAAAoh+LCAAAAAAAAP9tjTESgjAQRT84FraWHiJU2DhWthkaTxAhxkBmF5NFqDyRV/MOMjJj5a/+e817vbFOEUeOTrWWOk+p9qoPg5ufGjl218CjavmiaqbEwarKjhU39rRgxWKxLMux0thYqgMnT06w1a15mCIYcsVZ4uwOGrlv7ngi03NZTJQvTBG729Akpl/nbwBT3wvyfSnIyg/bpKdwvQAAAA==[0m[Pipeline] // withEnv
[8mha:////4MxCun4BLiW5z86RaQxXuj4EM3QVbM2xaJ+nqujzFzv2AAAAox+LCAAAAAAAAP9tjTESgjAQRT84FraWHiI0Do1jZZuh8QQRYgxkdjFZhMoTeTXvICMzVv7qv9e81xvrFHHk6FRrqfOUaq/6MLj5qZFjdw08qpYvqmZKHKyq7FhxY08LViwWy7IcK42NpTpw8uQEW92ahymCIVecJc7uoJH75o4nMj2XxUT5whSxuw1NYvp1/gYw9b0gL0tBtv8Ane4AQL0AAAA=[0m[Pipeline] }
[8mha:////4LOTqX0czweiPbm82sMdsF1PSK3/4eUkStFcGB8oEwd+AAAApB+LCAAAAAAAAP9tjTEOwjAQBDdBFLSUPMIpkKBAVLRWGl5gEmOcWHfBvpBUvIiv8QciIlGx1c4083pjmSKOHJ1qLLWeUuVVF3o3PTVwbK+BB9XwRVVMiYNVpR1Kru1pxpLFYl6WY6GxslQFTp6cYK0b8zBFMOSKs8TJHTRyX9/xRKanspgoXxgjNre+Tky/zt8Axq4T5Lu9INt+AI5SBOO9AAAA[0m[Pipeline] // node
[8mha:////4BsXsDz3WC9c5mzfL8CBYqJdJ87roOnH8JhzV5NQL3NEAAAApB+LCAAAAAAAAP9tjTEOwjAQBDdBFLSUPMKRKBASoqK10vACkxjjxLoL9oWk4kV8jT8QEYmKrXammdcbyxRx5OhUY6n1lCqvutC76amBY3sNPKiGL6piShysKu1Qcm1PM5YsFvOyHAuNlaUqcPLkBGvdmIcpgiFXnCVO7qCR+/qOJzI9lcVE+cIYsbn1dWL6df4GMHadIN/tBdn2A8n1Uxa9AAAA[0m[Pipeline] End of Pipeline
ERROR: script returned exit code 1
Finished: FAILURE
