Started by user [8mha:////4HfPCy/z2cd4cYZ0tjVmGjtqOxeLdUiArUtqWtrc+GxOAAAAlx+LCAAAAAAAAP9b85aBtbiIQTGjNKU4P08vOT+vOD8nVc83PyU1x6OyILUoJzMv2y+/JJUBAhiZGBgqihhk0NSjKDWzXb3RdlLBUSYGJk8GtpzUvPSSDB8G5tKinBIGIZ+sxLJE/ZzEvHT94JKizLx0a6BxUmjGOUNodHsLgAzWEgZu/dLi1CL9xJTczDwAj6GcLcAAAAA=[0madmin
[8mha:////4IARO985KuS69KJexrqXyA0AohtmvHjxNuA26qbT7fHVAAAAoh+LCAAAAAAAAP9tjTEOwjAQBM8BClpKHuFItIiK1krDC0x8GCfWnbEdkooX8TX+gCESFVvtrLSa5wtWKcKBo5UdUu8otU4GP9jS5Mixv3geZcdn2TIl9igbHBs2eJyx4YwwR1SwULBGaj0nRzbDRnX6rmuvydanHMu2V1A5c4MHCFXMWcf8hSnC9jqYxPTz/BXAFEIGsfuclm8zQVqFvQAAAA==[0m[Pipeline] Start of Pipeline
[8mha:////4JvFOXnFfoqU8Ws6L7wmp4pOqztGbBhBfKVFzBGDTBNUAAAApR+LCAAAAAAAAP9tjTEOwjAUQ3+KOrAycohUghExsUZZOEFIQkgb/d8mKe3EibgadyBQiQlLlmxL1nu+oE4RjhQdby12HpP2vA+jK4lPFLtroIm3dOGaMFGwXNpJkrGnpUrKFhaxClYC1hZ1oOTRZdiIVt1VExS65pxj2Q4CKm8GeAAThZxVzN8yR9jeRpMIf5y/AJj7DGxXvP/86jduZBmjwAAAAA==[0m[Pipeline] node
Running on [8mha:////4PlgKYqcIToXF1OQO0AN17ModH7HOCRubr1U1MTbatPKAAAAoR+LCAAAAAAAAP9b85aBtbiIQTGjNKU4P08vOT+vOD8nVc83PyU1x6OyILUoJzMv2y+/JJUBAhiZGBgqihhk0NSjKDWzXb3RdlLBUSYGJk8GtpzUvPSSDB8G5tKinBIGIZ+sxLJE/ZzEvHT94JKizLx0a6BxUmjGOUNodHsLgAz2EgZR/eT83ILSktQifY2k0sycEt3MPE19AHHxbH3KAAAA[0mJenkins in /var/jenkins_home/workspace/bezkoder-spring-boot-unit-test-rest-controller
[8mha:////4GT4J5puweoOLdjxT0jTOCkM1Q+xGGooXsTavuEfNo23AAAApR+LCAAAAAAAAP9tjTEOwjAUQ3+KOrAycoh0gA0xsUZZOEFIQkgb/d8mKe3EibgadyBQiQlLlmxL1nu+oE4RjhQdby12HpP2vA+jK4lPFLtroIm3dOGaMFGwXNpJkrGnpUrKFhaxClYC1hZ1oOTRZdiIVt1VExS65pxj2Q4CKm8GeAAThZxVzN8yR9jeRpMIf5y/AJj7DGxXvP/86jfoP95RwAAAAA==[0m[Pipeline] {
[8mha:////4Joog9BrokhjDdkUifMkwNMCb2Vr3m/E8wAQ5vReltsRAAAApR+LCAAAAAAAAP9tjTEOwjAUQ3+KOrAycoh0gQkxsUZZOEFIQkgb/d8mKe3EibgadyBQiQlLlmxL1nu+oE4RjhQdby12HpP2vA+jK4lPFLtroIm3dOGaMFGwXNpJkrGnpUrKFhaxClYC1hZ1oOTRZdiIVt1VExS65pxj2Q4CKm8GeAAThZxVzN8yR9jeRpMIf5y/AJj7DGxXvP/86jc09154wAAAAA==[0m[Pipeline] withEnv
[8mha:////4NRLxbZxMXEgpGKLvXE8Iq9b/t58MZNEAISV/nIAoXjWAAAApR+LCAAAAAAAAP9tjTEOwjAUQ3+KOrAycoh0ggUxsUZZOEFIQkgb/d8mKe3EibgadyBQiQlLlmxL1nu+oE4RjhQdby12HpP2vA+jK4lPFLtroIm3dOGaMFGwXNpJkrGnpUrKFhaxClYC1hZ1oOTRZdiIVt1VExS65pxj2Q4CKm8GeAAThZxVzN8yR9jeRpMIf5y/AJj7DGxXvP/86jek7ggRwAAAAA==[0m[Pipeline] {
[8mha:////4MRt3iFtwIMGWXUQvPL/Y4jLI2unXCc+1lkwKpwBMEuIAAAApR+LCAAAAAAAAP9tjTEOwjAUQ3+KOrAycoh0gwExsUZZOEFIQkgb/d8mKe3EibgadyBQiQlLlmxL1nu+oE4RjhQdby12HpP2vA+jK4lPFLtroIm3dOGaMFGwXNpJkrGnpUrKFhaxClYC1hZ1oOTRZdiIVt1VExS65pxj2Q4CKm8GeAAThZxVzN8yR9jeRpMIf5y/AJj7DGxXvP/86jcChmMxwAAAAA==[0m[Pipeline] stage
[8mha:////4MUzmZoJXHvlP2g+0PH+Qopn8GyielMDd8G3f0eeJqlQAAAApR+LCAAAAAAAAP9tjTEOwjAUQ3+KOrAycoh0BAkxsUZZOEFIQkgb/d8mKe3EibgadyBQiQlLlmxL1nu+oE4RjhQdby12HpP2vA+jK4lPFLtroIm3dOGaMFGwXNpJkrGnpUrKFhaxClYC1hZ1oOTRZdiIVt1VExS65pxj2Q4CKm8GeAAThZxVzN8yR9jeRpMIf5y/AJj7DGxXvP/86jfpX/cvwAAAAA==[0m[Pipeline] { (Declarative: Tool Install)
[8mha:////4FNAUN6dt/eb0kOBu5S/kOuGl4PS5UGkorjWyJ5ODOm4AAAAoh+LCAAAAAAAAP9tjTEOAiEURD9rLGwtPQTbaoyVLaHxBMgiwpL/WWDdrTyRV/MOEjexcpJJ5k3zXm9Y5wQnSpZ7g73DrB2PYbR18YlSfws0cU9XrgkzBcOlmSR15rygpGJgCWtgJWBjUAfKDm2BrfDqodqg0LaXkup3FNC4boAnMFHNRaXyhTnB7j52mfDn+SuAORZg+9pD/AAeoCAqvAAAAA==[0m[Pipeline] tool
[8mha:////4AQYFVjSxuRyGDXuJAzr6SXJ4xKOGBLWRAfPbSkqMxWLAAAAox+LCAAAAAAAAP9tjTEOwjAQBDdBFLSUPMKBDglR0VppeIFJjHFi3QX7QlLxIr7GH4iIRMVWO9PM641lijhydKqx1HpKlVdd6N301MCxvQYeVMMXVTElDlaVdii5tqcZSxaLeVmOhcbKUhU4eXKCtW7MwxTBkCvOEid30Mh9fccTmZ7KYqJ8YYzY3Po6Mf06fwMYO0G2F+S7bfcBITL9lL0AAAA=[0m[Pipeline] envVarsForTool
[8mha:////4EpC4HsvB8bI9jRtx+AmSUTDAZcMdLi6C+nBK+mLDrV4AAAAox+LCAAAAAAAAP9tjbEOgjAURS8YB1dHP6KEzcQ4uTYsfkGFWgvNe9g+hMkv8tf8B4kkTt7pnrOc1xvrFHHk6FRrqfOUaq/6MLj5qZFjdw08qpYvqmZKHKyq7FhxY08LViwWy7IcK42NpTpw8uQEW92ahymCIVecJc7uoJH75o4nMj2XxUT5whSxuw1NYvp1/gYw9YJsL8jLsv8AYAPmjb0AAAA=[0m[Pipeline] tool
[8mha:////4KVSroN47fvhZcoHPrJtHEtMflHv0GWp2F3AD4Al61s5AAAAox+LCAAAAAAAAP9tjTEOwjAQBDdBFLSUPMIRVEiIitZKwwtMYowT6y7YF5KKF/E1/kBEJCq22plmXm8sU8SRo1ONpdZTqrzqQu+mpwaO7TXwoBq+qIopcbCqtEPJtT3NWLJYzMtyLDRWlqrAyZMTrHVjHqYIhlxxlji5g0bu6zueyPRUFhPlC2PE5tbXienX+RvA2AmyvSDf7roPo1DLpr0AAAA=[0m[Pipeline] envVarsForTool
[8mha:////4G7mx0eCoKxDPe5V1uNDv2CWlqmbomInGTcHM0/2pZd/AAAApB+LCAAAAAAAAP9tjTEOwjAQBDdBFLSUPMIRokFCVLRWGl5gEmOcWHfBvpBUvIiv8QciIlGx1c4083pjmSKOHJ1qLLWeUuVVF3o3PTVwbK+BB9XwRVVMiYNVpR1Kru1pxpLFYl6WY6GxslQFTp6cYK0b8zBFMOSKs8TJHTRyX9/xRKanspgoXxgjNre+Tky/zt8Axq4T5NudINt/AH4dU5y9AAAA[0m[Pipeline] }
[8mha:////4M6NlFMKgvta/zcwvHXf6UU6sT4398XHCQ8j/GmUXVlgAAAApB+LCAAAAAAAAP9tjTEOwjAQBDdBFLSUPMIREhIFoqK10vACkxjjxLoL9oWk4kV8jT8QEYmKrXammdcbyxRx5OhUY6n1lCqvutC76amBY3sNPKiGL6piShysKu1Qcm1PM5YsFvOyHAuNlaUqcPLkBGvdmIcpgiFXnCVO7qCR+/qOJzI9lcVE+cIYsbn1dWL6df4GMHadIN/uBNn+A//czL69AAAA[0m[Pipeline] // stage
[8mha:////4GBORnWdtVnoJ50cs8Mh8EvT/XRBnqOiFU5GjiAhXTzwAAAAph+LCAAAAAAAAP9tjTEOwjAQBM9BKWgpeYQjCmgQFa3lhheY2Bgn1l2wLyQVL+Jr/IFAJCq22llpNc8XlDnBgZKXjcM2YK6D7GLvpyYHSu0l0iAbOsuaMFN0UrtBk3XHGTWxgzmigIWCpcM6Ug7oGVaqMXdTRYO+OnGatr2CItgbPECoycwm8RfGBOtrbzPhz/NXAGPHIHYMxWb7OZZvxMyLWcEAAAA=[0m[Pipeline] withEnv
[8mha:////4K0aY5LUlNQcCneWVeQ4RW5CeGlreGeBK++VCCrWeRETAAAApx+LCAAAAAAAAP9tjTEOwjAUQ3+LOrAycohUDLAgpq5RFk4QmhDSRv+Xn5R24kRcjTvQUokJD5ZtyXqvNxSR4UTsRGOx9RhrL7rQuymJgbi9BhpEQxdRE0YKVig7KDK2WqqiZGFRlsNKwtpiHSh6dAk2stEPXQaNrjwnnrajhNybOzwhkxM5aU7fMjJsb72JhD/OXwCMXYJ8t5/tMD+LD/s94rDCAAAA[0m[Pipeline] {
[8mha:////4Ol7EzHt9zEK+Q2bXKKwTEMQB3ke19bI1jepBYwrgggxAAAApx+LCAAAAAAAAP9tjTEOwjAUQ3+LOrAycohULDAgpq5RFk4QmhDSRv+Xn5R24kRcjTvQUokJD5ZtyXqvNxSR4UTsRGOx9RhrL7rQuymJgbi9BhpEQxdRE0YKVig7KDK2WqqiZGFRlsNKwtpiHSh6dAk2stEPXQaNrjwnnrajhNybOzwhkxM5aU7fMjJsb72JhD/OXwCMXYJ8t5/tMD+LD1+IXOLCAAAA[0m[Pipeline] stage
[8mha:////4E3mOM1XPA0LSaICgqX641mNaNKkIOLocCzRopZH+1xhAAAApx+LCAAAAAAAAP9tjTEOwjAUQ3+LOrAycohUTCAhpq5RFk4QmhDSRv+Xn5R24kRcjTvQUokJD5ZtyXqvNxSR4UTsRGOx9RhrL7rQuymJgbi9BhpEQxdRE0YKVig7KDK2WqqiZGFRlsNKwtpiHSh6dAk2stEPXQaNrjwnnrajhNybOzwhkxM5aU7fMjJsb72JhD/OXwCMXYJ8t5/tMD+LD0rlhNLCAAAA[0m[Pipeline] { (Checkout)
[8mha:////4BX3bISxXVgfLjvFi9PSbPybD8ZT8WI/AlZdsgR0mZRUAAAApB+LCAAAAAAAAP9tjTEOwjAQBC9BFLSUPOIiOhCiSmu54QUmNsaJdWdsh6TiRXyNPxCIRMUWq51t5vmCZYpw5GixNdQ5So3D4Hs7LRw4dhfPA7Z8xoYpsTcozSBZm3pGydnAnKKEhYCVocZzcmQzrEWr7qryimx1ynH6DgJKp2/wgEJM5qxi/sIYYXPtdWL6ef4KYAwZyu3uU/vwBr2eB0O+AAAA[0m[Pipeline] tool
[8mha:////4Ivskib5trqroR3oAy9Upz9brLJCdDrtNEPOmpFnAgieAAAApR+LCAAAAAAAAP9tjTEOwjAQBC9BFLSUPOICVEgoFa3lhheYxBgn1l2wHZyKF/E1/oBFJCq2WO1sM683LIOHmr3BTlNvKTQWBzeavDCx76+OE3Z8wYYpsNModZLc6tOMkqOGOUUJCwErTY3jYMlEWItOPVTlFJnqHH3+jgJK297hCYXI5qh8/MLkYXMb28D08/wVwDREKHeHXPvt8AGtm4OQvgAAAA==[0m[Pipeline] envVarsForTool
[8mha:////4EjBMxhL6mCoQ52TQ0EjoqAPjAar4pZ2RXdXHJXDGf/vAAAApR+LCAAAAAAAAP9tjTEOwjAQBC9BFLSUPOKiUCEhqrRWGl5gYmOcWHfGdkgqXsTX+AMWkajYYrWzzbzesI4BThwM9poGS7Gz6N1o8sKJw3B1PGHPF+yYIjuNrZ5aVrpZsOWkYUlRwkrARlPnOFoyCbailw9ZOUmmOqeQv6OA0qo7PKEQ2ZxkSF+YA+xuo4pMP89fAcw+QVkfcu1r/wHsqpiJvgAAAA==[0m[Pipeline] tool
[8mha:////4FiVLB4R5yDMovPYsZYzrNqo1sQVikDKBOM/qpS8LM4kAAAApR+LCAAAAAAAAP9tjTEOwjAQBC9BFLSUPMIRqZAQVVorDS8w8WGcWHfGdkgqXsTX+AMWkajYYrWzzbzesI4BThyM6JEGS7GzwrvR5CUmDsPV8SR6voiOKbJD0eLUssZmwZYTwpKihJWEDVLnOFoyCbayVw9VOUWmOqeQv6OE0uo7PKGQ2ZxUSF+YA+xuo45MP89fAcw+Qbk/5Kpr/wEv+bWivgAAAA==[0m[Pipeline] envVarsForTool
[8mha:////4FssxxBRDrXXUk3I8WGcpEmLkYRGZkZcYdkPikIGRqEBAAAAqB+LCAAAAAAAAP9tjTEOwjAUQ3+LOrAycohUwIKEOrFGXThBaEJIGv1fkpR04kRcjTsQqMSEB8u2ZL3nC6rgoSGvmVXYGwydYYMbdU4ske8vjhKzdGYdYSCnWKtSS1Id59pSVDCrKGHBYamwcxQM6ggrbsVd1E6grk/R5+3AoTTyBg8oeCZH4eO3TB7W11EGwh/nLwCmIUK52Wfb7j7P6g3S+1MawgAAAA==[0m[Pipeline] withEnv
[8mha:////4PbbSOYPJPowwxemqXlgXCXVGTXN5tIUEUVPQeszTMHPAAAApx+LCAAAAAAAAP9tjTEOwjAUQ3+LOrAycohUAjbE1DXKwglCE0La6P/yk9JOnIircQdaKjHhwbItWe/1hiIynIidaCy2HmPtRRd6NyUxELfXQINo6CJqwkjBCmUHRcZWS1WULCzKclhJWFusA0WPLsFGNvqhy6DRlefE03aUkHtzhydkciInzelbRobtrTeR8Mf5C4CxS5Dv9rMd5mfxAd6e6VPCAAAA[0m[Pipeline] {
[8mha:////4AP9L0z3DmUha1YEtxxBvZ31fDcO4TD0NY7spRljhGVFAAAApB+LCAAAAAAAAP9tjTEOwjAQBC9BFLSUPOIiIagQVVrLDS8wsTFOrDtjOyQVL+Jr/IFAJCq2WO1sM88XLFOEI0eLraHOUWocBt/baeHAsbt4HrDlMzZMib1BaQbJ2tQzSs4G5hQlLASsDDWekyObYS1adVeVV2SrU47TdxBQOn2DBxRiMmcV8xfGCJtrrxPTz/NXAGPIUG53n9qHN38C26S+AAAA[0m[Pipeline] git
The recommended git tool is: NONE
No credentials specified
 > git rev-parse --resolve-git-dir /var/jenkins_home/workspace/bezkoder-spring-boot-unit-test-rest-controller/.git # timeout=10
Fetching changes from the remote Git repository
 > git config remote.origin.url https://github.com/puntengopudd/spring-boot-unit-test-rest-controller # timeout=10
Fetching upstream changes from https://github.com/puntengopudd/spring-boot-unit-test-rest-controller
 > git --version # timeout=10
 > git --version # 'git version 2.39.5'
 > git fetch --tags --force --progress -- https://github.com/puntengopudd/spring-boot-unit-test-rest-controller +refs/heads/*:refs/remotes/origin/* # timeout=10
 > git rev-parse refs/remotes/origin/master^{commit} # timeout=10
Checking out Revision f2e566f4c866985ea024fe6f448f909e9c7cc52c (refs/remotes/origin/master)
 > git config core.sparsecheckout # timeout=10
 > git checkout -f f2e566f4c866985ea024fe6f448f909e9c7cc52c # timeout=10
 > git branch -a -v --no-abbrev # timeout=10
 > git branch -D master # timeout=10
 > git checkout -b master f2e566f4c866985ea024fe6f448f909e9c7cc52c # timeout=10
Commit message: "ubah docker-compose"
 > git rev-list --no-walk f2e566f4c866985ea024fe6f448f909e9c7cc52c # timeout=10
[8mha:////4KiFvmTsLQ4QauaO67hU62juWRvf1E7ZpISD1e3pw05aAAAApR+LCAAAAAAAAP9tjTEOwjAQBC9BFLSUPOIiIUSDqNJabniBiY1xYt0Z2yGpeBFf4w8EIlGxxWpnm3m+YJkiHDlabA11jlLjMPjeTgsHjt3F84Atn7FhSuwNSjNI1qaeUXI2MKcoYSFgZajxnBzZDGvRqruqvCJbnXKcvoOA0ukbPKAQkzmrmL8wRthce52Yfp6/AhhDyFBu95/avQHjyRvdvgAAAA==[0m[Pipeline] }
[8mha:////4DHrZU7VOAc1HlpPQzYy2i6rcg+HhYTDHJ6K4/JXfE/EAAAApR+LCAAAAAAAAP9tjTEOwjAQBC9BFLSUPOIiQUGBqNJabniBiY1xYt0Z2yGpeBFf4w8EIlGxxWpnm3m+YJkiHDlabA11jlLjMPjeTgsHjt3F84Atn7FhSuwNSjNI1qaeUXI2MKcoYSFgZajxnBzZDGvRqruqvCJbnXKcvoOA0ukbPKAQkzmrmL8wRthce52Yfp6/AhhDyFBu95/avQHljyOIvgAAAA==[0m[Pipeline] // withEnv
[8mha:////4J7cIjYGAX95Lq6xfj34ropXpe1KRe9TkZE3Ctsl75u6AAAApR+LCAAAAAAAAP9tjTEOwjAQBC9BFLSUPOIiqCIhqrRWGl5gYmOcWHfGdkgqXsTX+AMWkajYYrWzzbzesI4BThwM9poGS7Gz6N1o8sKJw3B1PGHPF+yYIjuNrZ5aVrpZsOWkYUlRwkrARlPnOFoyCbailw9ZOUmmOqeQv6OA0qo7PKEQ2ZxkSF+YA+xuo4pMP89fAczeJygPda59/QF7t4rFvgAAAA==[0m[Pipeline] }
[8mha:////4H8IqFFM6ZrBOzGs7rBj++dVuNwcVkpoGT4WCKYEjW4dAAAApR+LCAAAAAAAAP9tjTEOwjAQBC9BFLSUPOIiaBBCqWgtN7zAJMY4se6C7eBUvIiv8QcsIlGxxWpnm3m9YRk81OwNdpp6S6GxOLjR5IWJfX91nLDjCzZMgZ1GqZPkVp9mlBw1zClKWAhYaWocB0smwlp06qEqp8hU5+jzdxRQ2vYOTyhENkfl4xcmD5vb2Aamn+evAKZhiFDuDrm2+w9PeWmevgAAAA==[0m[Pipeline] // stage
[8mha:////4Hok7wRihcGfqgzhskVrjfGNt5m3/jPyDNm46bYTaBitAAAAqB+LCAAAAAAAAP9tjTEOwjAUQ3+LOrAycogUhMSCOrFGXThBaEJIGv1fkpR04kRcjTsQqMSEB8u2ZL3nC6rgoSGvmVXYGwydYYMbdU4ske8vjhKzdGYdYSCnWKtSS1Id59pSVDCrKGHBYamwcxQM6ggrbsVd1E6grk/R5+3AoTTyBg8oeCZH4eO3TB7W11EGwh/nLwCmIUK53WfbbT7P6g3OqcZowgAAAA==[0m[Pipeline] stage
[8mha:////4F5u071YZyrta1yMUdsLfbwW8HcaRf4Ip81UkFP8WTC4AAAAph+LCAAAAAAAAP9tjTEOwjAUQ3+LOrAycogUxIiYukZZOEFoQkgb/V9+UtqJE3E17kBLJSY8WLYl673eUESGE7ETjcXWY6y96ELvpiQG4vYaaBANXURNGClYoeygyNhqqYqShUVZDisJa4t1oOjRJdjIRj90GTS68px42o4Scm/u8IRMTuSkOX3LyLC99SYS/jh/ATB2CfLDbrb9/Cw+ty4Up8IAAAA=[0m[Pipeline] { (Unit Test & Coverage)
[8mha:////4BJLnlO6mPLUjeC+I+bp60zPna+jqUkyYQPMUy7cnpV2AAAAox+LCAAAAAAAAP9tjTEOwjAQBC9BFLSUPOIioERUaS03vMDExjix7oztkFS8iK/xBwKRqNhitbPNPF+wTBGOHC22hjpHqXEYfG+nhQPH7uJ5wJbP2DAl9galGSRrU88oORuYU5SwELAy1HhOjmyGtWjVXVVeka1OOU7fQUDp9A0eUIjJnFXMXxgjbK69Tkw/z18BjCFDud9+ahfettHKdL4AAAA=[0m[Pipeline] tool
[8mha:////4AJWfVuQhM97niic3iP48doPmBbUeXrQGjCsx16ckYJ5AAAAox+LCAAAAAAAAP9tjTEOwjAQBC9BFLSUPOIilBJR0VppeIFJjLFj3Tm2g1PxIr7GHwhEomKL1c4283zBOgY4ctBoFfWGYmvQu1HPCzOH/uo4o+ULtkyRncJG5YY7dVqw4aRgSVHCSsBGUes4GtIJtsLKu6ycJF2dU5i/g4DSdAM8oBCzOcmQvjAF2N3GLjL9PH8FMPkEZb3/VO3f9+DRbb4AAAA=[0m[Pipeline] envVarsForTool
[8mha:////4Bygt3Zk+U+28GXk5iVFXaL86rMcTUETnbyNA36sus41AAAApB+LCAAAAAAAAP9tjTEOwjAQBC9BFLSUPOIiBB2iSmu54QUmNsaJdWdsh6TiRXyNPxCIRMUWq51t5vmCZYpw5GixNdQ5So3D4Hs7LRw4dhfPA7Z8xoYpsTcozSBZm3pGydnAnKKEhYCVocZzcmQzrEWr7qryimx1ynH6DgJKp2/wgEJM5qxi/sIYYXPtdWL6ef4KYAwZyt32U/vwBjB2kCK+AAAA[0m[Pipeline] tool
[8mha:////4AmtmFfGq3OtqWMwNefL8d6BgcaYibBZgxld28XnuiDQAAAApB+LCAAAAAAAAP9tjTEOwjAQBC9BFLSUPOIihKgQVVrLDS8wsTFOrDtjOyQVL+Jr/IFAJCq2WO1sM88XLFOEI0eLraHOUWocBt/baeHAsbt4HrDlMzZMib1BaQbJ2tQzSs4G5hQlLASsDDWekyObYS1adVeVV2SrU47TdxBQOn2DBxRiMmcV8xfGCJtrrxPTz/NXAGPIUO62n9qHN3FHizu+AAAA[0m[Pipeline] envVarsForTool
[8mha:////4J8QCKYjxdZjGTTAoAcLi7G3Ai2aoDMKQZk70pM7Oew/AAAAqB+LCAAAAAAAAP9tjTEOwjAUQ3+LOrAycohUCIkFMXWNsnCC0ISQNvq//KS0EyfiatyBlkpMeLBsS9Z7vaGIDCdiJxqLrcdYe9GF3k1JDMTtNdAgGrqImjBSsELZQZGx1VIVJQuLshxWEtYW60DRo0uwkY1+6DJodOU58bQdJeTe3OEJmZzISXP6lpFhe+tNJPxx/gJg7BLk+91sh/lZfADPwZ97wgAAAA==[0m[Pipeline] withEnv
[8mha:////4D7nXUmX/06JLIxjM+btamMU4G3yiWcMwcrbyVXLlvqHAAAAqB+LCAAAAAAAAP9tjTEOwjAUQ3+LOrAycoh0QIIBMXWNsnCC0ISQNvq//KS0EyfiatyBlkpMeLBsS9Z7vaGIDCdiJxqLrcdYe9GF3k1JDMTtNdAgGrqImjBSsELZQZGx1VIVJQuLshxWEtYW60DRo0uwkY1+6DJodOU58bQdJeTe3OEJmZzISXP6lpFhe+tNJPxx/gJg7BLku/1sh/lZfADpB/iZwgAAAA==[0m[Pipeline] {
[8mha:////4DlHuQ4FiRW6YmUM65lOSAuSN8Ch5XG3UXZxlx8Ny35BAAAApR+LCAAAAAAAAP9tjTEOwjAQBC9BFLSUPOJSUICEqNJabniBiY1xYt0Z2yGpeBFf4w8EIlGxxWpnm3m+YJkiHDlabA11jlLjMPjeTgsHjt3F84Atn7FhSuwNSjNI1qaeUXI2MKcoYSFgZajxnBzZDGvRqruqvCJbnXKcvoOA0ukbPKAQkzmrmL8wRthce52Yfp6/AhhDhnK7+9Q+vAEGDPXtvgAAAA==[0m[Pipeline] sh
+ mvn package
[INFO] Scanning for projects...
[INFO] 
[INFO] ---------< com.bezkoder:spring-boot-rest-controller-unit-test >---------
[INFO] Building spring-boot-rest-controller-unit-test 0.0.1-SNAPSHOT
[INFO]   from pom.xml
[INFO] --------------------------------[ jar ]---------------------------------
[INFO] 
[INFO] --- maven-resources-plugin:3.3.1:resources (default-resources) @ spring-boot-rest-controller-unit-test ---
[INFO] Copying 1 resource from src/main/resources to target/classes
[INFO] Copying 0 resource from src/main/resources to target/classes
[INFO] 
[INFO] --- maven-compiler-plugin:3.11.0:compile (default-compile) @ spring-boot-rest-controller-unit-test ---
[INFO] Nothing to compile - all classes are up to date
[INFO] 
[INFO] --- maven-resources-plugin:3.3.1:testResources (default-testResources) @ spring-boot-rest-controller-unit-test ---
[INFO] skip non existing resourceDirectory /var/jenkins_home/workspace/bezkoder-spring-boot-unit-test-rest-controller/src/test/resources
[INFO] 
[INFO] --- maven-compiler-plugin:3.11.0:testCompile (default-testCompile) @ spring-boot-rest-controller-unit-test ---
[INFO] Nothing to compile - all classes are up to date
[INFO] 
[INFO] --- maven-surefire-plugin:3.0.0:test (default-test) @ spring-boot-rest-controller-unit-test ---
[INFO] Using auto detected provider org.apache.maven.surefire.junitplatform.JUnitPlatformProvider
[INFO] 
[INFO] -------------------------------------------------------
[INFO]  T E S T S
[INFO] -------------------------------------------------------
[INFO] Running com.bezkoder.spring.test.SpringBootRestControllerUnitTestApplicationTests
07:47:08.011 [main] INFO org.springframework.test.context.support.AnnotationConfigContextLoaderUtils -- Could not detect default configuration classes for test class [com.bezkoder.spring.test.SpringBootRestControllerUnitTestApplicationTests]: SpringBootRestControllerUnitTestApplicationTests does not declare any static, non-private, non-final, nested classes annotated with @Configuration.
07:47:09.164 [main] INFO org.springframework.boot.test.context.SpringBootTestContextBootstrapper -- Found @SpringBootConfiguration com.bezkoder.spring.test.SpringBootRestControllerUnitTestApplication for test class com.bezkoder.spring.test.SpringBootRestControllerUnitTestApplicationTests

  .   ____          _            __ _ _
 /\\ / ___'_ __ _ _(_)_ __  __ _ \ \ \ \
( ( )\___ | '_ | '_| | '_ \/ _` | \ \ \ \
 \\/  ___)| |_)| | | | | || (_| |  ) ) ) )
  '  |____| .__|_| |_|_| |_\__, | / / / /
 =========|_|==============|___/=/_/_/_/
 :: Spring Boot ::                (v3.1.0)

2025-07-08T07:47:14.315Z  INFO 2901 --- [           main] otRestControllerUnitTestApplicationTests : Starting SpringBootRestControllerUnitTestApplicationTests using Java 21.0.7 with PID 2901 (started by jenkins in /var/jenkins_home/workspace/bezkoder-spring-boot-unit-test-rest-controller)
2025-07-08T07:47:14.319Z  INFO 2901 --- [           main] otRestControllerUnitTestApplicationTests : No active profile set, falling back to 1 default profile: "default"
2025-07-08T07:47:19.663Z  INFO 2901 --- [           main] .s.d.r.c.RepositoryConfigurationDelegate : Bootstrapping Spring Data JPA repositories in DEFAULT mode.
2025-07-08T07:47:20.212Z  INFO 2901 --- [           main] .s.d.r.c.RepositoryConfigurationDelegate : Finished Spring Data repository scanning in 492 ms. Found 1 JPA repository interfaces.
2025-07-08T07:47:22.844Z  INFO 2901 --- [           main] o.hibernate.jpa.internal.util.LogHelper  : HHH000204: Processing PersistenceUnitInfo [name: default]
2025-07-08T07:47:23.714Z  INFO 2901 --- [           main] org.hibernate.Version                    : HHH000412: Hibernate ORM core version 6.2.2.Final
2025-07-08T07:47:23.734Z  INFO 2901 --- [           main] org.hibernate.cfg.Environment            : HHH000406: Using bytecode reflection optimizer
2025-07-08T07:47:25.891Z  INFO 2901 --- [           main] o.h.b.i.BytecodeProviderInitiator        : HHH000021: Bytecode provider name : bytebuddy
2025-07-08T07:47:28.071Z  INFO 2901 --- [           main] o.s.o.j.p.SpringPersistenceUnitInfo      : No LoadTimeWeaver setup: ignoring JPA class transformer
2025-07-08T07:47:28.258Z  INFO 2901 --- [           main] com.zaxxer.hikari.HikariDataSource       : HikariPool-1 - Starting...
2025-07-08T07:47:31.131Z  INFO 2901 --- [           main] com.zaxxer.hikari.pool.HikariPool        : HikariPool-1 - Added connection conn0: url=jdbc:h2:mem:testdb user=SA
2025-07-08T07:47:31.164Z  INFO 2901 --- [           main] com.zaxxer.hikari.HikariDataSource       : HikariPool-1 - Start completed.
2025-07-08T07:47:31.403Z  INFO 2901 --- [           main] org.hibernate.orm.dialect                : HHH035001: Using dialect: org.hibernate.dialect.H2Dialect, version: 2.1.214
2025-07-08T07:47:34.061Z  INFO 2901 --- [           main] o.h.b.i.BytecodeProviderInitiator        : HHH000021: Bytecode provider name : bytebuddy
2025-07-08T07:47:41.084Z  INFO 2901 --- [           main] o.h.e.t.j.p.i.JtaPlatformInitiator       : HHH000490: Using JtaPlatform implementation: [org.hibernate.engine.transaction.jta.platform.internal.NoJtaPlatform]
Hibernate: create table tutorials (id bigint not null, description varchar(255), published boolean, title varchar(255), primary key (id))
Hibernate: create sequence tutorials_seq start with 1 increment by 50
2025-07-08T07:47:41.466Z  INFO 2901 --- [           main] j.LocalContainerEntityManagerFactoryBean : Initialized JPA EntityManagerFactory for persistence unit 'default'
2025-07-08T07:47:44.711Z  WARN 2901 --- [           main] JpaBaseConfiguration$JpaWebConfiguration : spring.jpa.open-in-view is enabled by default. Therefore, database queries may be performed during view rendering. Explicitly configure spring.jpa.open-in-view to disable this warning
2025-07-08T07:47:48.041Z  INFO 2901 --- [           main] o.s.b.a.h2.H2ConsoleAutoConfiguration    : H2 console available at '/h2-ui'. Database available at 'jdbc:h2:mem:testdb'
2025-07-08T07:47:48.227Z  INFO 2901 --- [           main] otRestControllerUnitTestApplicationTests : Started SpringBootRestControllerUnitTestApplicationTests in 36.922 seconds (process running for 45.747)
WARNING: A Java agent has been loaded dynamically (/var/jenkins_home/.m2/repository/net/bytebuddy/byte-buddy-agent/1.14.4/byte-buddy-agent-1.14.4.jar)
WARNING: If a serviceability tool is in use, please run with -XX:+EnableDynamicAgentLoading to hide this warning
WARNING: If a serviceability tool is not in use, please run with -Djdk.instrument.traceUsage for more information
WARNING: Dynamic loading of agents will be disallowed by default in a future release
[INFO] Tests run: 1, Failures: 0, Errors: 0, Skipped: 0, Time elapsed: 44.944 s - in com.bezkoder.spring.test.SpringBootRestControllerUnitTestApplicationTests
[INFO] Running com.bezkoder.spring.test.TutorialControllerTests
2025-07-08T07:47:51.228Z  INFO 2901 --- [           main] t.c.s.AnnotationConfigContextLoaderUtils : Could not detect default configuration classes for test class [com.bezkoder.spring.test.TutorialControllerTests]: TutorialControllerTests does not declare any static, non-private, non-final, nested classes annotated with @Configuration.
2025-07-08T07:47:51.328Z  INFO 2901 --- [           main] .b.t.c.SpringBootTestContextBootstrapper : Found @SpringBootConfiguration com.bezkoder.spring.test.SpringBootRestControllerUnitTestApplication for test class com.bezkoder.spring.test.TutorialControllerTests

  .   ____          _            __ _ _
 /\\ / ___'_ __ _ _(_)_ __  __ _ \ \ \ \
( ( )\___ | '_ | '_| | '_ \/ _` | \ \ \ \
 \\/  ___)| |_)| | | | | || (_| |  ) ) ) )
  '  |____| .__|_| |_|_| |_\__, | / / / /
 =========|_|==============|___/=/_/_/_/
 :: Spring Boot ::                (v3.1.0)

2025-07-08T07:47:51.522Z  INFO 2901 --- [           main] c.b.spring.test.TutorialControllerTests  : Starting TutorialControllerTests using Java 21.0.7 with PID 2901 (started by jenkins in /var/jenkins_home/workspace/bezkoder-spring-boot-unit-test-rest-controller)
2025-07-08T07:47:51.523Z  INFO 2901 --- [           main] c.b.spring.test.TutorialControllerTests  : No active profile set, falling back to 1 default profile: "default"
2025-07-08T07:47:53.769Z  INFO 2901 --- [           main] o.s.b.t.m.w.SpringBootMockServletContext : Initializing Spring TestDispatcherServlet ''
2025-07-08T07:47:53.770Z  INFO 2901 --- [           main] o.s.t.web.servlet.TestDispatcherServlet  : Initializing Servlet ''
2025-07-08T07:47:53.773Z  INFO 2901 --- [           main] o.s.t.web.servlet.TestDispatcherServlet  : Completed initialization in 1 ms
2025-07-08T07:47:53.792Z  INFO 2901 --- [           main] c.b.spring.test.TutorialControllerTests  : Started TutorialControllerTests in 2.456 seconds (process running for 51.314)

MockHttpServletRequest:
      HTTP Method = GET
      Request URI = /api/tutorials/1
       Parameters = {}
          Headers = []
             Body = null
    Session Attrs = {}

Handler:
             Type = com.bezkoder.spring.test.controller.TutorialController
           Method = com.bezkoder.spring.test.controller.TutorialController#getTutorialById(long)

Async:
    Async started = false
     Async result = null

Resolved Exception:
             Type = null

ModelAndView:
        View name = null
             View = null
            Model = null

FlashMap:
       Attributes = null

MockHttpServletResponse:
           Status = 200
    Error message = null
          Headers = [Vary:"Origin", "Access-Control-Request-Method", "Access-Control-Request-Headers", Content-Type:"application/json"]
     Content type = application/json
             Body = {"id":1,"title":"Spring Boot @WebMvcTest","description":"Description","published":true}
    Forwarded URL = null
   Redirected URL = null
          Cookies = []

MockHttpServletRequest:
      HTTP Method = GET
      Request URI = /api/tutorials
       Parameters = {title=[BezKoder]}
          Headers = []
             Body = null
    Session Attrs = {}

Handler:
             Type = com.bezkoder.spring.test.controller.TutorialController
           Method = com.bezkoder.spring.test.controller.TutorialController#getAllTutorials(String)

Async:
    Async started = false
     Async result = null

Resolved Exception:
             Type = null

ModelAndView:
        View name = null
             View = null
            Model = null

FlashMap:
       Attributes = null

MockHttpServletResponse:
           Status = 204
    Error message = null
          Headers = [Vary:"Origin", "Access-Control-Request-Method", "Access-Control-Request-Headers"]
     Content type = null
             Body = 
    Forwarded URL = null
   Redirected URL = null
          Cookies = []

MockHttpServletRequest:
      HTTP Method = GET
      Request URI = /api/tutorials
       Parameters = {title=[Boot]}
          Headers = []
             Body = null
    Session Attrs = {}

Handler:
             Type = com.bezkoder.spring.test.controller.TutorialController
           Method = com.bezkoder.spring.test.controller.TutorialController#getAllTutorials(String)

Async:
    Async started = false
     Async result = null

Resolved Exception:
             Type = null

ModelAndView:
        View name = null
             View = null
            Model = null

FlashMap:
       Attributes = null

MockHttpServletResponse:
           Status = 200
    Error message = null
          Headers = [Vary:"Origin", "Access-Control-Request-Method", "Access-Control-Request-Headers", Content-Type:"application/json"]
     Content type = application/json
             Body = [{"id":1,"title":"Spring Boot @WebMvcTest","description":"Description 1","published":true},{"id":3,"title":"Spring Boot Web MVC","description":"Description 3","published":true}]
    Forwarded URL = null
   Redirected URL = null
          Cookies = []

MockHttpServletRequest:
      HTTP Method = GET
      Request URI = /api/tutorials/1
       Parameters = {}
          Headers = []
             Body = null
    Session Attrs = {}

Handler:
             Type = com.bezkoder.spring.test.controller.TutorialController
           Method = com.bezkoder.spring.test.controller.TutorialController#getTutorialById(long)

Async:
    Async started = false
     Async result = null

Resolved Exception:
             Type = null

ModelAndView:
        View name = null
             View = null
            Model = null

FlashMap:
       Attributes = null

MockHttpServletResponse:
           Status = 404
    Error message = null
          Headers = [Vary:"Origin", "Access-Control-Request-Method", "Access-Control-Request-Headers"]
     Content type = null
             Body = 
    Forwarded URL = null
   Redirected URL = null
          Cookies = []

MockHttpServletRequest:
      HTTP Method = PUT
      Request URI = /api/tutorials/1
       Parameters = {}
          Headers = [Content-Type:"application/json;charset=UTF-8", Content-Length:"67"]
             Body = {"id":1,"title":"Updated","description":"Updated","published":true}
    Session Attrs = {}

Handler:
             Type = com.bezkoder.spring.test.controller.TutorialController
           Method = com.bezkoder.spring.test.controller.TutorialController#updateTutorial(long, Tutorial)

Async:
    Async started = false
     Async result = null

Resolved Exception:
             Type = null

ModelAndView:
        View name = null
             View = null
            Model = null

FlashMap:
       Attributes = null

MockHttpServletResponse:
           Status = 200
    Error message = null
          Headers = [Vary:"Origin", "Access-Control-Request-Method", "Access-Control-Request-Headers", Content-Type:"application/json"]
     Content type = application/json
             Body = {"id":1,"title":"Updated","description":"Updated","published":true}
    Forwarded URL = null
   Redirected URL = null
          Cookies = []

MockHttpServletRequest:
      HTTP Method = POST
      Request URI = /api/tutorials
       Parameters = {}
          Headers = [Content-Type:"application/json;charset=UTF-8", Content-Length:"87"]
             Body = {"id":1,"title":"Spring Boot @WebMvcTest","description":"Description","published":true}
    Session Attrs = {}

Handler:
             Type = com.bezkoder.spring.test.controller.TutorialController
           Method = com.bezkoder.spring.test.controller.TutorialController#createTutorial(Tutorial)

Async:
    Async started = false
     Async result = null

Resolved Exception:
             Type = null

ModelAndView:
        View name = null
             View = null
            Model = null

FlashMap:
       Attributes = null

MockHttpServletResponse:
           Status = 201
    Error message = null
          Headers = [Vary:"Origin", "Access-Control-Request-Method", "Access-Control-Request-Headers"]
     Content type = null
             Body = 
    Forwarded URL = null
   Redirected URL = null
          Cookies = []

MockHttpServletRequest:
      HTTP Method = GET
      Request URI = /api/tutorials
       Parameters = {}
          Headers = []
             Body = null
    Session Attrs = {}

Handler:
             Type = com.bezkoder.spring.test.controller.TutorialController
           Method = com.bezkoder.spring.test.controller.TutorialController#getAllTutorials(String)

Async:
    Async started = false
     Async result = null

Resolved Exception:
             Type = null

ModelAndView:
        View name = null
             View = null
            Model = null

FlashMap:
       Attributes = null

MockHttpServletResponse:
           Status = 200
    Error message = null
          Headers = [Vary:"Origin", "Access-Control-Request-Method", "Access-Control-Request-Headers", Content-Type:"application/json"]
     Content type = application/json
             Body = [{"id":1,"title":"Spring Boot @WebMvcTest 1","description":"Description 1","published":true},{"id":2,"title":"Spring Boot @WebMvcTest 2","description":"Description 2","published":true},{"id":3,"title":"Spring Boot @WebMvcTest 3","description":"Description 3","published":true}]
    Forwarded URL = null
   Redirected URL = null
          Cookies = []

MockHttpServletRequest:
      HTTP Method = DELETE
      Request URI = /api/tutorials
       Parameters = {}
          Headers = []
             Body = null
    Session Attrs = {}

Handler:
             Type = com.bezkoder.spring.test.controller.TutorialController
           Method = com.bezkoder.spring.test.controller.TutorialController#deleteAllTutorials()

Async:
    Async started = false
     Async result = null

Resolved Exception:
             Type = null

ModelAndView:
        View name = null
             View = null
            Model = null

FlashMap:
       Attributes = null

MockHttpServletResponse:
           Status = 204
    Error message = null
          Headers = [Vary:"Origin", "Access-Control-Request-Method", "Access-Control-Request-Headers"]
     Content type = null
             Body = 
    Forwarded URL = null
   Redirected URL = null
          Cookies = []

MockHttpServletRequest:
      HTTP Method = DELETE
      Request URI = /api/tutorials/1
       Parameters = {}
          Headers = []
             Body = null
    Session Attrs = {}

Handler:
             Type = com.bezkoder.spring.test.controller.TutorialController
           Method = com.bezkoder.spring.test.controller.TutorialController#deleteTutorial(long)

Async:
    Async started = false
     Async result = null

Resolved Exception:
             Type = null

ModelAndView:
        View name = null
             View = null
            Model = null

FlashMap:
       Attributes = null

MockHttpServletResponse:
           Status = 204
    Error message = null
          Headers = [Vary:"Origin", "Access-Control-Request-Method", "Access-Control-Request-Headers"]
     Content type = null
             Body = 
    Forwarded URL = null
   Redirected URL = null
          Cookies = []

MockHttpServletRequest:
      HTTP Method = PUT
      Request URI = /api/tutorials/1
       Parameters = {}
          Headers = [Content-Type:"application/json;charset=UTF-8", Content-Length:"67"]
             Body = {"id":1,"title":"Updated","description":"Updated","published":true}
    Session Attrs = {}

Handler:
             Type = com.bezkoder.spring.test.controller.TutorialController
           Method = com.bezkoder.spring.test.controller.TutorialController#updateTutorial(long, Tutorial)

Async:
    Async started = false
     Async result = null

Resolved Exception:
             Type = null

ModelAndView:
        View name = null
             View = null
            Model = null

FlashMap:
       Attributes = null

MockHttpServletResponse:
           Status = 404
    Error message = null
          Headers = [Vary:"Origin", "Access-Control-Request-Method", "Access-Control-Request-Headers"]
     Content type = null
             Body = 
    Forwarded URL = null
   Redirected URL = null
          Cookies = []
[INFO] Tests run: 10, Failures: 0, Errors: 0, Skipped: 0, Time elapsed: 5.735 s - in com.bezkoder.spring.test.TutorialControllerTests
[INFO] 
[INFO] Results:
[INFO] 
[INFO] Tests run: 11, Failures: 0, Errors: 0, Skipped: 0
[INFO] 
[INFO] 
[INFO] --- maven-jar-plugin:3.3.0:jar (default-jar) @ spring-boot-rest-controller-unit-test ---
[INFO] 
[INFO] --- spring-boot-maven-plugin:3.1.0:repackage (repackage) @ spring-boot-rest-controller-unit-test ---
[INFO] Replacing main artifact /var/jenkins_home/workspace/bezkoder-spring-boot-unit-test-rest-controller/target/spring-boot-rest-controller-unit-test-0.0.1-SNAPSHOT.jar with repackaged archive, adding nested dependencies in BOOT-INF/.
[INFO] The original artifact has been renamed to /var/jenkins_home/workspace/bezkoder-spring-boot-unit-test-rest-controller/target/spring-boot-rest-controller-unit-test-0.0.1-SNAPSHOT.jar.original
[INFO] ------------------------------------------------------------------------
[INFO] BUILD SUCCESS
[INFO] ------------------------------------------------------------------------
[INFO] Total time:  01:31 min
[INFO] Finished at: 2025-07-08T07:48:08Z
[INFO] ------------------------------------------------------------------------
Post stage
[8mha:////4HGsmLisEkw0ohvRe6Mj6S1Qvkf9GgfOXqxbUhsm6s0iAAAApR+LCAAAAAAAAP9tjTEOwjAQBC9BFLSUPOJSUCCEqNJabniBiY1xYt0Z2yGpeBFf4w8EIlGxxWpnm3m+YJkiHDlabA11jlLjMPjeTgsHjt3F84Atn7FhSuwNSjNI1qaeUXI2MKcoYSFgZajxnBzZDGvRqruqvCJbnXKcvoOA0ukbPKAQkzmrmL8wRthce52Yfp6/AhhDhnK7+9Q+vAFHPe70vgAAAA==[0m[Pipeline] junit
Recording test results
[Checks API] No suitable checks publisher found.
[8mha:////4FIjiQTY1XKv8Tj8aXdy5A4ze0t/eOHqRmlFDv4ZN9UXAAAAph+LCAAAAAAAAP9tjTEOwjAQBC9BFLSUPOKCBBIFSkVrueEFJjHGiXUXbAen4kV8jT9gEYmKLVY728zrDcvgoWZvsNPUWwqNxcGNJi9M7Pur44QdX7BhCuw0Sp0kt/o0o+SoYU5RwkLASlPjOFgyEdaiUw9VOUWmOkefv6OA0rZ3eEIhsjkqH78wedjcxjYw/Tx/BTANQ4Ryv821O3wAP3+A6L4AAAA=[0m[Pipeline] }
[8mha:////4C1AXF0k4rbcukqR8/i81hg5um7a+ZOtZ0USVw5LqvtnAAAApR+LCAAAAAAAAP9tjTEOwjAQBC9BFLSUPOIiBKJBqWgtN7zAJMY4se6C7eBUvIiv8QcsIlGxxWpnm3m9YRk81OwNdpp6S6GxOLjR5IWJfX91nLDjCzZMgZ1GqZPkVp9mlBw1zClKWAhYaWocB0smwlp06qEqp8hU5+jzdxRQ2vYOTyhENkfl4xcmD5vb2Aamn+evAKZhiFDut7l2hw8MnNtUvgAAAA==[0m[Pipeline] // withEnv
[8mha:////4AaAwqzamqThxWh3JePgVAU5fILldogBkNkxdmOQbD19AAAApR+LCAAAAAAAAP9tjTsOwjAQRDdBFLSUHGIjPh1KRWu54QQmMcaJtRtsB6fiRFyNO2ARiYopRvOmea83LIOHmr3BTlNvKTQWBzeavDCx76+OE3Z8wYYpsNModZLc6tOMkqOGOUUJCwErTY3jYMlEWItOPVTlFJnqHH3+jgJK297hCYXI5qh8/MLkYXMb28D08/wVwDQMEcrDLtd++wEBeytMvgAAAA==[0m[Pipeline] }
[8mha:////4O7ovqM9Hy3Y1/MczqYFtq5JXFPZOFDyfISgen2I1dtKAAAApB+LCAAAAAAAAP9tjTEOwjAQBC9BFLSUPMJBCh2iSmul4QUmPowT687YDknFi/gaf8AiEhVbrHa2mdcb1jHAiYMRPdJgKXZWeDeavMTEYbg6nkTPF9ExRXYoWpxa1tgs2HJCWFKUsJKwQeocR0smwVb26qEqp8hU5xTyd5RQWn2HJxQym5MK6QtzgN1t1JHp5/krgNn7BOWhzlXvPzKYcPC+AAAA[0m[Pipeline] // stage
[8mha:////4ARpa8PSzLjSHBx6K/lkrHjl9e5P6LizzDMQzQef14ovAAAAqB+LCAAAAAAAAP9tjTEOwjAUQ3+LOrAycohUSBULYuoaZeEEIQkhbfR/SVLaiRNxNe5AoBITHizbkvWeL6higCMFyzqDvcOoHBv8aHNiE4X+4mliHZ2ZIozkDRNmEqRNu1RBycCiooQVh7VB5Sk6tAk2vJN3WXuJtj6lkLcDh9LpGzyg4JmcZEjfMgfYXkcdCX+cvwCYhwTlbp+taT7P6g1W1fA2wgAAAA==[0m[Pipeline] stage
[8mha:////4Ll0pWqu3hyBLduelOetNwNVqLuteXCrP2/OdA52/IR3AAAAph+LCAAAAAAAAP9tjTEOwjAUQ3+LOrAycoh0KRNiYo2ycILQhJA0+r9NUtKJE3E17kBLJSY8WLYl673eUMUAJwqGOY2dxdha1vvRzIllCt3NU2aOrqwljOQ1EzoLUvq8VkFJw6qihA2HrcbWU7RoEuy4kw9Ze4mmvqQwb0cOpVUDPKHgMznJkL5lCrC/jyoS/jh/ATD1CcqmWeywPKsPIshjPcIAAAA=[0m[Pipeline] { (Static Code Analysis (SAST) via Sonar)
[8mha:////4NqhXjYJLeNVdooPhN590XAFbTud4VMGS9zg4Y7FVNTOAAAApB+LCAAAAAAAAP9tjTEOwjAQBC9BFLSUPOLSAA2iSmu54QUmNsaJdWdsh6TiRXyNPxCIRMUWq51t5vmCZYpw5GixNdQ5So3D4Hs7LRw4dhfPA7Z8xoYpsTcozSBZm3pGydnAnKKEhYCVocZzcmQzrEWr7qryimx1ynH6DgJKp2/wgEJM5qxi/sIYYXPtdWL6ef4KYAwZyu3uU/vwBj0vY+u+AAAA[0m[Pipeline] tool
[8mha:////4EUQN1IKDBjbo/F07MZmNii+uZO8EbTAvcJ3R5c1oAylAAAApB+LCAAAAAAAAP9tjTEOwjAQBC9BFLSUPOLSgCgQVVrLDS8wsTFOrDtjOyQVL+Jr/IFAJCq2WO1sM88XLFOEI0eLraHOUWocBt/baeHAsbt4HrDlMzZMib1BaQbJ2tQzSs4G5hQlLASsDDWekyObYS1adVeVV2SrU47TdxBQOn2DBxRiMmcV8xfGCJtrrxPTz/NXAGPIUG53n9qHN3weePK+AAAA[0m[Pipeline] envVarsForTool
[8mha:////4FbnuglBuuyUTWEod2Vbxke4o2R9smqgBkwfU9YhzFkyAAAApR+LCAAAAAAAAP9tjTEOwjAQBC9BFLSUPOLSgISEqNJabniBiY1xYt0Z2yGpeBFf4w8EIlGxxWpnm3m+YJkiHDlabA11jlLjMPjeTgsHjt3F84Atn7FhSuwNSjNI1qaeUXI2MKcoYSFgZajxnBzZDGvRqruqvCJbnXKcvoOA0ukbPKAQkzmrmL8wRthce52Yfp6/AhhDhnK7+9Q+vAGzAuB1vgAAAA==[0m[Pipeline] tool
[8mha:////4Lz9QVfyWiEJd4VsDnaLXIgEcS++W11qWSmrvh/8T/dxAAAApB+LCAAAAAAAAP9tjTEOwjAQBC9BFLSUPOLSQIEQVVrLDS8wsTFOrDtjOyQVL+Jr/IFAJCq2WO1sM88XLFOEI0eLraHOUWocBt/baeHAsbt4HrDlMzZMib1BaQbJ2tQzSs4G5hQlLASsDDWekyObYS1adVeVV2SrU47TdxBQOn2DBxRiMmcV8xfGCJtrrxPTz/NXAGPIUG53n9qHN/Iz+2y+AAAA[0m[Pipeline] envVarsForTool
[8mha:////4H2OSvzxC3xpd/HeytfsWW2lN90xRuStZe+UcKQXm0prAAAApx+LCAAAAAAAAP9tjTEOwjAUQ3+LOrAycoiUgU6IqWuUhROEJIS00f8lSWknTsTVuAOBSkx4sGxL1nu+oIoBjhQs6wz2DqNybPCjzYlNFPqLp4l1dGaKMJI3TJhJkDbtUgUlA4uKElYc1gaVp+jQJtjwTt5l7SXa+pRC3g4cSqdv8ICCZ3KSIX3LHGB7HXUk/HH+AmAeEpT7Jluz+zyrN+WNVwrCAAAA[0m[Pipeline] withEnv
[8mha:////4IYIi7khVzDNQxtoPMdEohHB2MCN0hCaCHiEIWKetlk+AAAApx+LCAAAAAAAAP9tjTEOwjAUQ3+LOrAycogUBibE1DXKwglCE0La6P/yk9JOnIircQdaKjHhwbItWe/1hiIynIidaCy2HmPtRRd6NyUxELfXQINo6CJqwkjBCmUHRcZWS1WULCzKclhJWFusA0WPLsFGNvqhy6DRlefE03aUkHtzhydkciInzelbRobtrTeR8Mf5C4CxS5AfdrPt52fxAW2++SvCAAAA[0m[Pipeline] {
[8mha:////4CMeszbk5ktJbgf9tL7XurBq0QtaR86O6grHk236bqKXAAAApB+LCAAAAAAAAP9tjTEOwjAQBC9BFLSUPOIikKgQVVrLDS8wsTFOrDtjOyQVL+Jr/IFAJCq2WO1sM88XLFOEI0eLraHOUWocBt/baeHAsbt4HrDlMzZMib1BaQbJ2tQzSs4G5hQlLASsDDWekyObYS1adVeVV2SrU47TdxBQOn2DBxRiMmcV8xfGCJtrrxPTz/NXAGPIUO63n9qFN4OkKLa+AAAA[0m[Pipeline] sh
+ mvn clean verify sonar:sonar -Dsonar.projectKey=bezkoder-test -Dsonar.projectName=bezkoder-test -Dsonar.host.url=http://soanrqube:9001 -Dsonar.token=sqp_a2bf4f6c8452ca592d75e1a3fb60f289ed67637f
[INFO] Scanning for projects...
[WARNING] The artifact org.codehaus.mojo:sonar-maven-plugin:jar:4.0.0.4121 has been relocated to org.sonarsource.scanner.maven:sonar-maven-plugin:jar:4.0.0.4121: SonarQube plugin was moved to SonarSource organisation
[INFO] 
[INFO] ---------< com.bezkoder:spring-boot-rest-controller-unit-test >---------
[INFO] Building spring-boot-rest-controller-unit-test 0.0.1-SNAPSHOT
[INFO]   from pom.xml
[INFO] --------------------------------[ jar ]---------------------------------
[INFO] 
[INFO] --- maven-clean-plugin:3.2.0:clean (default-clean) @ spring-boot-rest-controller-unit-test ---
[INFO] Deleting /var/jenkins_home/workspace/bezkoder-spring-boot-unit-test-rest-controller/target
[INFO] 
[INFO] --- maven-resources-plugin:3.3.1:resources (default-resources) @ spring-boot-rest-controller-unit-test ---
[INFO] Copying 1 resource from src/main/resources to target/classes
[INFO] Copying 0 resource from src/main/resources to target/classes
[INFO] 
[INFO] --- maven-compiler-plugin:3.11.0:compile (default-compile) @ spring-boot-rest-controller-unit-test ---
[INFO] Changes detected - recompiling the module! :source
[INFO] Compiling 4 source files with javac [debug release 17] to target/classes
[INFO] 
[INFO] --- maven-resources-plugin:3.3.1:testResources (default-testResources) @ spring-boot-rest-controller-unit-test ---
[INFO] skip non existing resourceDirectory /var/jenkins_home/workspace/bezkoder-spring-boot-unit-test-rest-controller/src/test/resources
[INFO] 
[INFO] --- maven-compiler-plugin:3.11.0:testCompile (default-testCompile) @ spring-boot-rest-controller-unit-test ---
[INFO] Changes detected - recompiling the module! :dependency
[INFO] Compiling 2 source files with javac [debug release 17] to target/test-classes
[INFO] 
[INFO] --- maven-surefire-plugin:3.0.0:test (default-test) @ spring-boot-rest-controller-unit-test ---
[INFO] Using auto detected provider org.apache.maven.surefire.junitplatform.JUnitPlatformProvider
[INFO] 
[INFO] -------------------------------------------------------
[INFO]  T E S T S
[INFO] -------------------------------------------------------
[INFO] Running com.bezkoder.spring.test.SpringBootRestControllerUnitTestApplicationTests
07:49:19.427 [main] INFO org.springframework.test.context.support.AnnotationConfigContextLoaderUtils -- Could not detect default configuration classes for test class [com.bezkoder.spring.test.SpringBootRestControllerUnitTestApplicationTests]: SpringBootRestControllerUnitTestApplicationTests does not declare any static, non-private, non-final, nested classes annotated with @Configuration.
07:49:20.198 [main] INFO org.springframework.boot.test.context.SpringBootTestContextBootstrapper -- Found @SpringBootConfiguration com.bezkoder.spring.test.SpringBootRestControllerUnitTestApplication for test class com.bezkoder.spring.test.SpringBootRestControllerUnitTestApplicationTests

  .   ____          _            __ _ _
 /\\ / ___'_ __ _ _(_)_ __  __ _ \ \ \ \
( ( )\___ | '_ | '_| | '_ \/ _` | \ \ \ \
 \\/  ___)| |_)| | | | | || (_| |  ) ) ) )
  '  |____| .__|_| |_|_| |_\__, | / / / /
 =========|_|==============|___/=/_/_/_/
 :: Spring Boot ::                (v3.1.0)

2025-07-08T07:49:23.526Z  INFO 3183 --- [           main] otRestControllerUnitTestApplicationTests : Starting SpringBootRestControllerUnitTestApplicationTests using Java 21.0.7 with PID 3183 (started by jenkins in /var/jenkins_home/workspace/bezkoder-spring-boot-unit-test-rest-controller)
2025-07-08T07:49:23.532Z  INFO 3183 --- [           main] otRestControllerUnitTestApplicationTests : No active profile set, falling back to 1 default profile: "default"
2025-07-08T07:49:30.246Z  INFO 3183 --- [           main] .s.d.r.c.RepositoryConfigurationDelegate : Bootstrapping Spring Data JPA repositories in DEFAULT mode.
2025-07-08T07:49:31.172Z  INFO 3183 --- [           main] .s.d.r.c.RepositoryConfigurationDelegate : Finished Spring Data repository scanning in 860 ms. Found 1 JPA repository interfaces.
2025-07-08T07:49:35.452Z  INFO 3183 --- [           main] o.hibernate.jpa.internal.util.LogHelper  : HHH000204: Processing PersistenceUnitInfo [name: default]
2025-07-08T07:49:36.255Z  INFO 3183 --- [           main] org.hibernate.Version                    : HHH000412: Hibernate ORM core version 6.2.2.Final
2025-07-08T07:49:36.284Z  INFO 3183 --- [           main] org.hibernate.cfg.Environment            : HHH000406: Using bytecode reflection optimizer
2025-07-08T07:49:39.041Z  INFO 3183 --- [           main] o.h.b.i.BytecodeProviderInitiator        : HHH000021: Bytecode provider name : bytebuddy
2025-07-08T07:49:40.635Z  INFO 3183 --- [           main] o.s.o.j.p.SpringPersistenceUnitInfo      : No LoadTimeWeaver setup: ignoring JPA class transformer
2025-07-08T07:49:40.830Z  INFO 3183 --- [           main] com.zaxxer.hikari.HikariDataSource       : HikariPool-1 - Starting...
2025-07-08T07:49:43.719Z  INFO 3183 --- [           main] com.zaxxer.hikari.pool.HikariPool        : HikariPool-1 - Added connection conn0: url=jdbc:h2:mem:testdb user=SA
2025-07-08T07:49:43.754Z  INFO 3183 --- [           main] com.zaxxer.hikari.HikariDataSource       : HikariPool-1 - Start completed.
2025-07-08T07:49:44.124Z  INFO 3183 --- [           main] org.hibernate.orm.dialect                : HHH035001: Using dialect: org.hibernate.dialect.H2Dialect, version: 2.1.214
2025-07-08T07:49:46.868Z  INFO 3183 --- [           main] o.h.b.i.BytecodeProviderInitiator        : HHH000021: Bytecode provider name : bytebuddy
2025-07-08T07:49:52.970Z  INFO 3183 --- [           main] o.h.e.t.j.p.i.JtaPlatformInitiator       : HHH000490: Using JtaPlatform implementation: [org.hibernate.engine.transaction.jta.platform.internal.NoJtaPlatform]
Hibernate: create table tutorials (id bigint not null, description varchar(255), published boolean, title varchar(255), primary key (id))
Hibernate: create sequence tutorials_seq start with 1 increment by 50
2025-07-08T07:49:53.472Z  INFO 3183 --- [           main] j.LocalContainerEntityManagerFactoryBean : Initialized JPA EntityManagerFactory for persistence unit 'default'
2025-07-08T07:49:56.645Z  WARN 3183 --- [           main] JpaBaseConfiguration$JpaWebConfiguration : spring.jpa.open-in-view is enabled by default. Therefore, database queries may be performed during view rendering. Explicitly configure spring.jpa.open-in-view to disable this warning
2025-07-08T07:49:59.909Z  INFO 3183 --- [           main] o.s.b.a.h2.H2ConsoleAutoConfiguration    : H2 console available at '/h2-ui'. Database available at 'jdbc:h2:mem:testdb'
2025-07-08T07:50:00.103Z  INFO 3183 --- [           main] otRestControllerUnitTestApplicationTests : Started SpringBootRestControllerUnitTestApplicationTests in 38.514 seconds (process running for 47.61)
WARNING: A Java agent has been loaded dynamically (/var/jenkins_home/.m2/repository/net/bytebuddy/byte-buddy-agent/1.14.4/byte-buddy-agent-1.14.4.jar)
WARNING: If a serviceability tool is in use, please run with -XX:+EnableDynamicAgentLoading to hide this warning
WARNING: If a serviceability tool is not in use, please run with -Djdk.instrument.traceUsage for more information
WARNING: Dynamic loading of agents will be disallowed by default in a future release
[INFO] Tests run: 1, Failures: 0, Errors: 0, Skipped: 0, Time elapsed: 45.022 s - in com.bezkoder.spring.test.SpringBootRestControllerUnitTestApplicationTests
[INFO] Running com.bezkoder.spring.test.TutorialControllerTests
2025-07-08T07:50:02.892Z  INFO 3183 --- [           main] t.c.s.AnnotationConfigContextLoaderUtils : Could not detect default configuration classes for test class [com.bezkoder.spring.test.TutorialControllerTests]: TutorialControllerTests does not declare any static, non-private, non-final, nested classes annotated with @Configuration.
2025-07-08T07:50:02.997Z  INFO 3183 --- [           main] .b.t.c.SpringBootTestContextBootstrapper : Found @SpringBootConfiguration com.bezkoder.spring.test.SpringBootRestControllerUnitTestApplication for test class com.bezkoder.spring.test.TutorialControllerTests

  .   ____          _            __ _ _
 /\\ / ___'_ __ _ _(_)_ __  __ _ \ \ \ \
( ( )\___ | '_ | '_| | '_ \/ _` | \ \ \ \
 \\/  ___)| |_)| | | | | || (_| |  ) ) ) )
  '  |____| .__|_| |_|_| |_\__, | / / / /
 =========|_|==============|___/=/_/_/_/
 :: Spring Boot ::                (v3.1.0)

2025-07-08T07:50:03.302Z  INFO 3183 --- [           main] c.b.spring.test.TutorialControllerTests  : Starting TutorialControllerTests using Java 21.0.7 with PID 3183 (started by jenkins in /var/jenkins_home/workspace/bezkoder-spring-boot-unit-test-rest-controller)
2025-07-08T07:50:03.302Z  INFO 3183 --- [           main] c.b.spring.test.TutorialControllerTests  : No active profile set, falling back to 1 default profile: "default"
2025-07-08T07:50:05.973Z  INFO 3183 --- [           main] o.s.b.t.m.w.SpringBootMockServletContext : Initializing Spring TestDispatcherServlet ''
2025-07-08T07:50:05.973Z  INFO 3183 --- [           main] o.s.t.web.servlet.TestDispatcherServlet  : Initializing Servlet ''
2025-07-08T07:50:05.978Z  INFO 3183 --- [           main] o.s.t.web.servlet.TestDispatcherServlet  : Completed initialization in 0 ms
2025-07-08T07:50:05.997Z  INFO 3183 --- [           main] c.b.spring.test.TutorialControllerTests  : Started TutorialControllerTests in 2.994 seconds (process running for 53.504)

MockHttpServletRequest:
      HTTP Method = GET
      Request URI = /api/tutorials/1
       Parameters = {}
          Headers = []
             Body = null
    Session Attrs = {}

Handler:
             Type = com.bezkoder.spring.test.controller.TutorialController
           Method = com.bezkoder.spring.test.controller.TutorialController#getTutorialById(long)

Async:
    Async started = false
     Async result = null

Resolved Exception:
             Type = null

ModelAndView:
        View name = null
             View = null
            Model = null

FlashMap:
       Attributes = null

MockHttpServletResponse:
           Status = 200
    Error message = null
          Headers = [Vary:"Origin", "Access-Control-Request-Method", "Access-Control-Request-Headers", Content-Type:"application/json"]
     Content type = application/json
             Body = {"id":1,"title":"Spring Boot @WebMvcTest","description":"Description","published":true}
    Forwarded URL = null
   Redirected URL = null
          Cookies = []

MockHttpServletRequest:
      HTTP Method = GET
      Request URI = /api/tutorials
       Parameters = {title=[BezKoder]}
          Headers = []
             Body = null
    Session Attrs = {}

Handler:
             Type = com.bezkoder.spring.test.controller.TutorialController
           Method = com.bezkoder.spring.test.controller.TutorialController#getAllTutorials(String)

Async:
    Async started = false
     Async result = null

Resolved Exception:
             Type = null

ModelAndView:
        View name = null
             View = null
            Model = null

FlashMap:
       Attributes = null

MockHttpServletResponse:
           Status = 204
    Error message = null
          Headers = [Vary:"Origin", "Access-Control-Request-Method", "Access-Control-Request-Headers"]
     Content type = null
             Body = 
    Forwarded URL = null
   Redirected URL = null
          Cookies = []

MockHttpServletRequest:
      HTTP Method = GET
      Request URI = /api/tutorials
       Parameters = {title=[Boot]}
          Headers = []
             Body = null
    Session Attrs = {}

Handler:
             Type = com.bezkoder.spring.test.controller.TutorialController
           Method = com.bezkoder.spring.test.controller.TutorialController#getAllTutorials(String)

Async:
    Async started = false
     Async result = null

Resolved Exception:
             Type = null

ModelAndView:
        View name = null
             View = null
            Model = null

FlashMap:
       Attributes = null

MockHttpServletResponse:
           Status = 200
    Error message = null
          Headers = [Vary:"Origin", "Access-Control-Request-Method", "Access-Control-Request-Headers", Content-Type:"application/json"]
     Content type = application/json
             Body = [{"id":1,"title":"Spring Boot @WebMvcTest","description":"Description 1","published":true},{"id":3,"title":"Spring Boot Web MVC","description":"Description 3","published":true}]
    Forwarded URL = null
   Redirected URL = null
          Cookies = []

MockHttpServletRequest:
      HTTP Method = GET
      Request URI = /api/tutorials/1
       Parameters = {}
          Headers = []
             Body = null
    Session Attrs = {}

Handler:
             Type = com.bezkoder.spring.test.controller.TutorialController
           Method = com.bezkoder.spring.test.controller.TutorialController#getTutorialById(long)

Async:
    Async started = false
     Async result = null

Resolved Exception:
             Type = null

ModelAndView:
        View name = null
             View = null
            Model = null

FlashMap:
       Attributes = null

MockHttpServletResponse:
           Status = 404
    Error message = null
          Headers = [Vary:"Origin", "Access-Control-Request-Method", "Access-Control-Request-Headers"]
     Content type = null
             Body = 
    Forwarded URL = null
   Redirected URL = null
          Cookies = []

MockHttpServletRequest:
      HTTP Method = PUT
      Request URI = /api/tutorials/1
       Parameters = {}
          Headers = [Content-Type:"application/json;charset=UTF-8", Content-Length:"67"]
             Body = {"id":1,"title":"Updated","description":"Updated","published":true}
    Session Attrs = {}

Handler:
             Type = com.bezkoder.spring.test.controller.TutorialController
           Method = com.bezkoder.spring.test.controller.TutorialController#updateTutorial(long, Tutorial)

Async:
    Async started = false
     Async result = null

Resolved Exception:
             Type = null

ModelAndView:
        View name = null
             View = null
            Model = null

FlashMap:
       Attributes = null

MockHttpServletResponse:
           Status = 200
    Error message = null
          Headers = [Vary:"Origin", "Access-Control-Request-Method", "Access-Control-Request-Headers", Content-Type:"application/json"]
     Content type = application/json
             Body = {"id":1,"title":"Updated","description":"Updated","published":true}
    Forwarded URL = null
   Redirected URL = null
          Cookies = []

MockHttpServletRequest:
      HTTP Method = POST
      Request URI = /api/tutorials
       Parameters = {}
          Headers = [Content-Type:"application/json;charset=UTF-8", Content-Length:"87"]
             Body = {"id":1,"title":"Spring Boot @WebMvcTest","description":"Description","published":true}
    Session Attrs = {}

Handler:
             Type = com.bezkoder.spring.test.controller.TutorialController
           Method = com.bezkoder.spring.test.controller.TutorialController#createTutorial(Tutorial)

Async:
    Async started = false
     Async result = null

Resolved Exception:
             Type = null

ModelAndView:
        View name = null
             View = null
            Model = null

FlashMap:
       Attributes = null

MockHttpServletResponse:
           Status = 201
    Error message = null
          Headers = [Vary:"Origin", "Access-Control-Request-Method", "Access-Control-Request-Headers"]
     Content type = null
             Body = 
    Forwarded URL = null
   Redirected URL = null
          Cookies = []

MockHttpServletRequest:
      HTTP Method = GET
      Request URI = /api/tutorials
       Parameters = {}
          Headers = []
             Body = null
    Session Attrs = {}

Handler:
             Type = com.bezkoder.spring.test.controller.TutorialController
           Method = com.bezkoder.spring.test.controller.TutorialController#getAllTutorials(String)

Async:
    Async started = false
     Async result = null

Resolved Exception:
             Type = null

ModelAndView:
        View name = null
             View = null
            Model = null

FlashMap:
       Attributes = null

MockHttpServletResponse:
           Status = 200
    Error message = null
          Headers = [Vary:"Origin", "Access-Control-Request-Method", "Access-Control-Request-Headers", Content-Type:"application/json"]
     Content type = application/json
             Body = [{"id":1,"title":"Spring Boot @WebMvcTest 1","description":"Description 1","published":true},{"id":2,"title":"Spring Boot @WebMvcTest 2","description":"Description 2","published":true},{"id":3,"title":"Spring Boot @WebMvcTest 3","description":"Description 3","published":true}]
    Forwarded URL = null
   Redirected URL = null
          Cookies = []

MockHttpServletRequest:
      HTTP Method = DELETE
      Request URI = /api/tutorials
       Parameters = {}
          Headers = []
             Body = null
    Session Attrs = {}

Handler:
             Type = com.bezkoder.spring.test.controller.TutorialController
           Method = com.bezkoder.spring.test.controller.TutorialController#deleteAllTutorials()

Async:
    Async started = false
     Async result = null

Resolved Exception:
             Type = null

ModelAndView:
        View name = null
             View = null
            Model = null

FlashMap:
       Attributes = null

MockHttpServletResponse:
           Status = 204
    Error message = null
          Headers = [Vary:"Origin", "Access-Control-Request-Method", "Access-Control-Request-Headers"]
     Content type = null
             Body = 
    Forwarded URL = null
   Redirected URL = null
          Cookies = []

MockHttpServletRequest:
      HTTP Method = DELETE
      Request URI = /api/tutorials/1
       Parameters = {}
          Headers = []
             Body = null
    Session Attrs = {}

Handler:
             Type = com.bezkoder.spring.test.controller.TutorialController
           Method = com.bezkoder.spring.test.controller.TutorialController#deleteTutorial(long)

Async:
    Async started = false
     Async result = null

Resolved Exception:
             Type = null

ModelAndView:
        View name = null
             View = null
            Model = null

FlashMap:
       Attributes = null

MockHttpServletResponse:
           Status = 204
    Error message = null
          Headers = [Vary:"Origin", "Access-Control-Request-Method", "Access-Control-Request-Headers"]
     Content type = null
             Body = 
    Forwarded URL = null
   Redirected URL = null
          Cookies = []

MockHttpServletRequest:
      HTTP Method = PUT
      Request URI = /api/tutorials/1
       Parameters = {}
          Headers = [Content-Type:"application/json;charset=UTF-8", Content-Length:"67"]
             Body = {"id":1,"title":"Updated","description":"Updated","published":true}
    Session Attrs = {}

Handler:
             Type = com.bezkoder.spring.test.controller.TutorialController
           Method = com.bezkoder.spring.test.controller.TutorialController#updateTutorial(long, Tutorial)

Async:
    Async started = false
     Async result = null

Resolved Exception:
             Type = null

ModelAndView:
        View name = null
             View = null
            Model = null

FlashMap:
       Attributes = null

MockHttpServletResponse:
           Status = 404
    Error message = null
          Headers = [Vary:"Origin", "Access-Control-Request-Method", "Access-Control-Request-Headers"]
     Content type = null
             Body = 
    Forwarded URL = null
   Redirected URL = null
          Cookies = []
[INFO] Tests run: 10, Failures: 0, Errors: 0, Skipped: 0, Time elapsed: 6.562 s - in com.bezkoder.spring.test.TutorialControllerTests
[INFO] 
[INFO] Results:
[INFO] 
[INFO] Tests run: 11, Failures: 0, Errors: 0, Skipped: 0
[INFO] 
[INFO] 
[INFO] --- maven-jar-plugin:3.3.0:jar (default-jar) @ spring-boot-rest-controller-unit-test ---
[INFO] Building jar: /var/jenkins_home/workspace/bezkoder-spring-boot-unit-test-rest-controller/target/spring-boot-rest-controller-unit-test-0.0.1-SNAPSHOT.jar
[INFO] 
[INFO] --- spring-boot-maven-plugin:3.1.0:repackage (repackage) @ spring-boot-rest-controller-unit-test ---
[INFO] Replacing main artifact /var/jenkins_home/workspace/bezkoder-spring-boot-unit-test-rest-controller/target/spring-boot-rest-controller-unit-test-0.0.1-SNAPSHOT.jar with repackaged archive, adding nested dependencies in BOOT-INF/.
[INFO] The original artifact has been renamed to /var/jenkins_home/workspace/bezkoder-spring-boot-unit-test-rest-controller/target/spring-boot-rest-controller-unit-test-0.0.1-SNAPSHOT.jar.original
[INFO] 
[INFO] ---------< com.bezkoder:spring-boot-rest-controller-unit-test >---------
[INFO] Building spring-boot-rest-controller-unit-test 0.0.1-SNAPSHOT
[INFO]   from pom.xml
[INFO] --------------------------------[ jar ]---------------------------------
[INFO] 
[INFO] --- sonar-maven-plugin:4.0.0.4121:sonar (default-cli) @ spring-boot-rest-controller-unit-test ---
[WARNING] 07:50:27.337 Using an unspecified version instead of an explicit plugin version may introduce breaking analysis changes at an unwanted time. It is highly recommended to use an explicit version, e.g. 'org.sonarsource.scanner.maven:sonar-maven-plugin:4.0.0.4121'.
[INFO] 07:50:27.369 Java 21.0.7 Eclipse Adoptium (64-bit)
[INFO] 07:50:27.372 Linux 5.15.167.4-microsoft-standard-WSL2 (amd64)
[INFO] 07:50:27.724 User cache: /var/jenkins_home/.sonar/cache
[ERROR] 07:50:31.819 SonarQube server [http://soanrqube:9001] can not be reached
[INFO] ------------------------------------------------------------------------
[INFO] BUILD FAILURE
[INFO] ------------------------------------------------------------------------
[INFO] Total time:  02:04 min
[INFO] Finished at: 2025-07-08T07:50:31Z
[INFO] ------------------------------------------------------------------------
[ERROR] Failed to execute goal org.sonarsource.scanner.maven:sonar-maven-plugin:4.0.0.4121:sonar (default-cli) on project spring-boot-rest-controller-unit-test: Unable to execute SonarScanner analysis: Fail to get bootstrap index from server: Unknown host soanrqube: No address associated with hostname -> [Help 1]
[ERROR] 
[ERROR] To see the full stack trace of the errors, re-run Maven with the -e switch.
[ERROR] Re-run Maven using the -X switch to enable full debug logging.
[ERROR] 
[ERROR] For more information about the errors and possible solutions, please read the following articles:
[ERROR] [Help 1] http://cwiki.apache.org/confluence/display/MAVEN/MojoExecutionException
[8mha:////4IwsI02f+h7wq3NhmeaAMv3Src0DvbfraN+unlZ3S6TDAAAApB+LCAAAAAAAAP9tjTEOwjAQBC9BFLSUPOIihKgQVVrLDS8wsTFOrDtjOyQVL+Jr/IFAJCq2WO1sM88XLFOEI0eLraHOUWocBt/baeHAsbt4HrDlMzZMib1BaQbJ2tQzSs4G5hQlLASsDDWekyObYS1adVeVV2SrU47TdxBQOn2DBxRiMmcV8xfGCJtrrxPTz/NXAGMIGcr97lPbN5YEWne+AAAA[0m[Pipeline] }
[8mha:////4GrBaAXjdY3P8pwjMGdcmU/Biz/Zgx+Hyux57/Hvgq/fAAAApB+LCAAAAAAAAP9tjTEOwjAQBC9BFLSUPOJCARWiSmu54QUmNsaJdWdsh6TiRXyNPxCIRMUWq51t5vmCZYpw5GixNdQ5So3D4Hs7LRw4dhfPA7Z8xoYpsTcozSBZm3pGydnAnKKEhYCVocZzcmQzrEWr7qryimx1ynH6DgJKp2/wgEJM5qxi/sIYYXPtdWL6ef4KYAwhQ7nffWr7BrgEWB2+AAAA[0m[Pipeline] // withEnv
[8mha:////4O/RXceuicExSWoJUFb2DDVWltFP82eRXuE7nNQonlqhAAAApB+LCAAAAAAAAP9tjTEOwjAQBC9BFLSUPMJpSIWoaC03vMAkh3Fi3Rnbwal4EV/jD1hEomKL1c4283rDOgY4cjBiQBotxc4K7yZTlsgcxqvjLAa+iI4pskOhMCvu8bSg4oSwpKphJWGD1DmOlkyCrRz0QzdOk2nOKZTvIKG2/R2eUMliTjqkL8wBdrepj0w/z18BzN4nqNu21L79ANMSdb++AAAA[0m[Pipeline] }
[8mha:////4GdwqL512zCeIEVitokU4f+H+YEtsDVWW1HIj5LvGjdpAAAApB+LCAAAAAAAAP9tjTEOwjAQBC9BFLSUPOLSBBpEldZKwwtMbIwT687YDknFi/gaf8AiEhVbrHa2mdcb1jHAiYPBXtNgKXYWvRtNXjhxGK6OJ+z5gh1TZKex1VPLSjcLtpw0LClKWAnYaOocR0smwVb08iErJ8lU5xTydxRQWnWHJxQim5MM6QtzgN1tVJHp5/krgNn7BOX+kKuuP+tQ5k6+AAAA[0m[Pipeline] // stage
[8mha:////4P04gl564eWNaDZmSIqJUMxqUz4xqfPsHlnMM984hua1AAAAqB+LCAAAAAAAAP9tjTEOwjAUQ3+LOrAycohUDMCAOrFGXThBaEJIGv1fkpR04kRcjTsQqMSEB8u2ZL3nC6rgoSGvmVXYGwydYYMbdU4ske8vjhKzdGYdYSCnWKtSS1Id59pSVDCrKGHBYamwcxQM6ggrbsVd1E6grk/R5+3AoTTyBg8oeCZH4eO3TB7W11EGwh/nLwCmIUK52WXb7j/P6g1MrBMWwgAAAA==[0m[Pipeline] stage
[8mha:////4LeiWdVuRis+UYLEZA3HVoZolbA7oiisnWeaMT91DAs9AAAApx+LCAAAAAAAAP9tjTEOwjAUQ3+LOrAycoh0QiAhpq5RFk4QmhDSRv+Xn5R24kRcjTvQUokJD5ZtyXqvNxSR4UTsRGOx9RhrL7rQuymJgbi9BhpEQxdRE0YKVig7KDK2WqqiZGFRlsNKwtpiHSh6dAk2stEPXQaNrjwnnrajhNybOzwhkxM5aU7fMjJsb72JhD/OXwCMXYJ8t5/tMD+LDyb6zSXCAAAA[0m[Pipeline] { (Declarative: Post Actions)
[8mha:////4K/wecItyOvT/TT9E6lMPeyrWANqQIv/pbEoDhmgXAJ4AAAApB+LCAAAAAAAAP9tjTEOwjAQBC9BFLSUPOJSIYEQVVrLDS8wsTFOrDtjOyQVL+Jr/IFAJCq2WO1sM88XLFOEI0eLraHOUWocBt/baeHAsbt4HrDlMzZMib1BaQbJ2tQzSs4G5hQlLASsDDWekyObYS1adVeVV2SrU47TdxBQOn2DBxRiMmcV8xfGCJtrrxPTz/NXAGPIUG53n9qHN5s4RMC+AAAA[0m[Pipeline] echo
Pipeline gagal 💥
[8mha:////4NqUXgs6cMFbMGH5BskJ7pc30negBKNgWn1Q8FCIgwRaAAAApR+LCAAAAAAAAP9tjTEOwjAQBC9BFLSUPOJCA0JCqWgtN7zAJMY4se6C7eBUvIiv8QcsIlGxxWpnm3m9YRk81OwNdpp6S6GxOLjR5IWJfX91nLDjCzZMgZ1GqZPkVp9mlBw1zClKWAhYaWocB0smwlp06qEqp8hU5+jzdxRQ2vYOTyhENkfl4xcmD5vb2Aamn+evAKZhiFDut7l2hw8B1Pq5vgAAAA==[0m[Pipeline] }
[8mha:////4JMyGeZXOOAVmdUV/MTjyHkGO6IHfPYbYSvK3fin6M3qAAAApR+LCAAAAAAAAP9tjTEOwjAQBC9BFLSUPOIiCqBAqWgtN7zAJMY4se6C7eBUvIiv8QcsIlGxxWpnm3m9YRk81OwNdpp6S6GxOLjR5IWJfX91nLDjCzZMgZ1GqZPkVp9mlBw1zClKWAhYaWocB0smwlp06qEqp8hU5+jzdxRQ2vYOTyhENkfl4xcmD5vb2Aamn+evAKZhiFDut7l2hw81GhnivgAAAA==[0m[Pipeline] // stage
[8mha:////4HjdW5MMRb05/K96nJPcaQ3C5tBzAts4V+KN2GUIh3bNAAAApR+LCAAAAAAAAP9tjTEOwjAQBC9BFLSUPOIiKNIgqrRWGl5gYmOcWHfGdkgqXsTX+AMWkajYYrWzzbzesI4BThwM9poGS7Gz6N1o8sKJw3B1PGHPF+yYIjuNrZ5aVrpZsOWkYUlRwkrARlPnOFoyCbailw9ZOUmmOqeQv6OA0qo7PKEQ2ZxkSF+YA+xuo4pMP89fAczeJyjrQ659/QEJneZ3vgAAAA==[0m[Pipeline] }
[8mha:////4JBixEN1yzTFU2PJe/Xq1CbgIEU7wfz4+aFSAxi8HYblAAAApR+LCAAAAAAAAP9tjTEOwjAQBC9BFLSUPOIihKBBqWgtN7zAJMY4se6C7eBUvIiv8QcsIlGxxWpnm3m9YRk81OwNdpp6S6GxOLjR5IWJfX91nLDjCzZMgZ1GqZPkVp9mlBw1zClKWAhYaWocB0smwlp06qEqp8hU5+jzdxRQ2vYOTyhENkfl4xcmD5vb2Aamn+evAKZhiFAedrm2+w8WH7MlvgAAAA==[0m[Pipeline] // withEnv
[8mha:////4AQ6hj9QP6FQ5gcz+49Q5kxu/2hX5bGFhA9W9/aSUQYzAAAAox+LCAAAAAAAAP9tjTESgjAQRT84FraWHiI0Do1jZZuh8QQRYgxkdjFZhMoTeTXvICMzVv7qv9e81xvrFHHk6FRrqfOUaq/6MLj5qZFjdw08qpYvqmZKHKyq7FhxY08LViwWy7IcK42NpTpw8uQEW92ahymCIVecJc7uoJH75o4nMj2XxUT5whSxuw1NYvp1/gYw9b0gL/eCrPwA0dzO1L0AAAA=[0m[Pipeline] }
[8mha:////4M8qSsmRDJlFHwW2ZCfXoj2u5Wt7mlLEm94IHOFpI1J7AAAAoh+LCAAAAAAAAP9tjTESgjAQRT84FraWHiJU2DhWthkaTxAhxkBmF5NFqDyRV/MOMjJj5a/+e817vbFOEUeOTrWWOk+p9qoPg5ufGjl218CjavmiaqbEwarKjhU39rRgxWKxLMux0thYqgMnT06w1a15mCIYcsVZ4uwOGrlv7ngi03NZTJQvTBG729Akpl/nbwBT3wvyfSnIyg/bpKdwvQAAAA==[0m[Pipeline] // withEnv
[8mha:////4MxCun4BLiW5z86RaQxXuj4EM3QVbM2xaJ+nqujzFzv2AAAAox+LCAAAAAAAAP9tjTESgjAQRT84FraWHiI0Do1jZZuh8QQRYgxkdjFZhMoTeTXvICMzVv7qv9e81xvrFHHk6FRrqfOUaq/6MLj5qZFjdw08qpYvqmZKHKyq7FhxY08LViwWy7IcK42NpTpw8uQEW92ahymCIVecJc7uoJH75o4nMj2XxUT5whSxuw1NYvp1/gYw9b0gL0tBtv8Ane4AQL0AAAA=[0m[Pipeline] }
[8mha:////4LOTqX0czweiPbm82sMdsF1PSK3/4eUkStFcGB8oEwd+AAAApB+LCAAAAAAAAP9tjTEOwjAQBDdBFLSUPMIpkKBAVLRWGl5gEmOcWHfBvpBUvIiv8QciIlGx1c4083pjmSKOHJ1qLLWeUuVVF3o3PTVwbK+BB9XwRVVMiYNVpR1Kru1pxpLFYl6WY6GxslQFTp6cYK0b8zBFMOSKs8TJHTRyX9/xRKanspgoXxgjNre+Tky/zt8Axq4T5Lu9INt+AI5SBOO9AAAA[0m[Pipeline] // node
[8mha:////4BsXsDz3WC9c5mzfL8CBYqJdJ87roOnH8JhzV5NQL3NEAAAApB+LCAAAAAAAAP9tjTEOwjAQBDdBFLSUPMKRKBASoqK10vACkxjjxLoL9oWk4kV8jT8QEYmKrXammdcbyxRx5OhUY6n1lCqvutC76amBY3sNPKiGL6piShysKu1Qcm1PM5YsFvOyHAuNlaUqcPLkBGvdmIcpgiFXnCVO7qCR+/qOJzI9lcVE+cIYsbn1dWL6df4GMHadIN/tBdn2A8n1Uxa9AAAA[0m[Pipeline] End of Pipeline
ERROR: script returned exit code 1
Finished: FAILURE
